{"logTime": "0724/051342", "correlationVector":"zOT8HO+uejjp4n8OF440+W.181","action":"GetUpdates", "result":"DeleteReceived", "context":{"id":"43cb44b8-4e1c-4289-8665-cb138f7198a2", "isDeleted:":"true", "version":"1687971171773"}}
{"logTime": "0724/051342", "correlationVector":"zOT8HO+uejjp4n8OF440+W.182","action":"GetUpdates", "result":"DeleteReceived", "context":{"id":"acfd9a7b-eff8-486a-a434-ece39ee01332", "isDeleted:":"true", "version":"1687971171774"}}
{"logTime": "0724/051342", "correlationVector":"zOT8HO+uejjp4n8OF440+W.183","action":"GetUpdates", "result":"DeleteReceived", "context":{"id":"197cd0f8-bcae-4f30-9556-160c34d38a00", "isDeleted:":"true", "version":"1688020721744"}}
{"logTime": "0724/051342", "correlationVector":"zOT8HO+uejjp4n8OF440+W.184","action":"GetUpdates", "result":"DeleteReceived", "context":{"id":"da261862-53c5-4986-99d3-cc81ddaa025c", "isDeleted:":"true", "version":"1688020721745"}}
{"logTime": "0724/051342", "correlationVector":"zOT8HO+uejjp4n8OF440+W.185","action":"GetUpdates", "result":"DeleteReceived", "context":{"id":"341158cb-560a-4464-bd3c-7b1bd5c76c3b", "isDeleted:":"true", "version":"1688020721747"}}
{"logTime": "0724/051342", "correlationVector":"zOT8HO+uejjp4n8OF440+W.186","action":"GetUpdates", "result":"DeleteReceived", "context":{"id":"99bd44eb-19ed-463e-897e-ec4f18ba0152", "isDeleted:":"true", "version":"1688020721748"}}
{"logTime": "0724/051342", "correlationVector":"zOT8HO+uejjp4n8OF440+W.187","action":"GetUpdates", "result":"DeleteReceived", "context":{"id":"d881238f-8336-4d6f-9eb3-92300e0f0d36", "isDeleted:":"true", "version":"1688020721749"}}
{"logTime": "0724/051342", "correlationVector":"zOT8HO+uejjp4n8OF440+W.188","action":"GetUpdates", "result":"DeleteReceived", "context":{"id":"a7f16e65-a757-4545-b3c8-c1adef4cf574", "isDeleted:":"true", "version":"1688020721752"}}
{"logTime": "0724/051342", "correlationVector":"zOT8HO+uejjp4n8OF440+W.189","action":"GetUpdates", "result":"DeleteReceived", "context":{"id":"004e2b97-fc38-469a-acb4-c0994422d0b6", "isDeleted:":"true", "version":"1688020721754"}}
{"logTime": "0724/051342", "correlationVector":"zOT8HO+uejjp4n8OF440+W.190","action":"GetUpdates", "result":"DeleteReceived", "context":{"id":"57b94c72-0643-4ae1-b335-1e0c65da29f7", "isDeleted:":"true", "version":"1688037198150"}}
{"logTime": "0724/051342", "correlationVector":"zOT8HO+uejjp4n8OF440+W.191","action":"GetUpdates", "result":"DeleteReceived", "context":{"id":"d4f52b9c-49b3-444d-ac2d-b3d0f8d0c90d", "isDeleted:":"true", "version":"1688037198151"}}
{"logTime": "0724/051342", "correlationVector":"zOT8HO+uejjp4n8OF440+W.192","action":"GetUpdates", "result":"DeleteReceived", "context":{"id":"f26c1855-8489-4b8d-9743-381e65d23eec", "isDeleted:":"true", "version":"1688037198152"}}
{"logTime": "0724/051342", "correlationVector":"zOT8HO+uejjp4n8OF440+W.193","action":"GetUpdates", "result":"DeleteReceived", "context":{"id":"52f69c7f-a6e8-40c2-92f8-e4f5eeb20a06", "isDeleted:":"true", "version":"1688037198153"}}
{"logTime": "0724/051342", "correlationVector":"zOT8HO+uejjp4n8OF440+W.194","action":"GetUpdates", "result":"DeleteReceived", "context":{"id":"9ce544d5-552d-4aec-9246-4c4be9194a6c", "isDeleted:":"true", "version":"1688037198154"}}
{"logTime": "0724/051342", "correlationVector":"zOT8HO+uejjp4n8OF440+W.195","action":"GetUpdates", "result":"DeleteReceived", "context":{"id":"01e3bdf4-4e4a-4133-9bcb-d37b19f87659", "isDeleted:":"true", "version":"1688037198155"}}
{"logTime": "0724/051342", "correlationVector":"zOT8HO+uejjp4n8OF440+W.196","action":"GetUpdates", "result":"DeleteReceived", "context":{"id":"c2bc21b8-e0d0-4cd1-9654-c8a3b5d01168", "isDeleted:":"true", "version":"1688037198156"}}
{"logTime": "0724/051342", "correlationVector":"zOT8HO+uejjp4n8OF440+W.197","action":"GetUpdates", "result":"DeleteReceived", "context":{"id":"8fc38b15-7c10-422f-a25d-451fb29963dc", "isDeleted:":"true", "version":"1688091175161"}}
{"logTime": "0724/051342", "correlationVector":"zOT8HO+uejjp4n8OF440+W.198","action":"GetUpdates", "result":"DeleteReceived", "context":{"id":"a0ca1054-68b7-4f9b-aab1-9a42f1e02f8a", "isDeleted:":"true", "version":"1688091175162"}}
{"logTime": "0724/051342", "correlationVector":"zOT8HO+uejjp4n8OF440+W.199","action":"GetUpdates", "result":"DeleteReceived", "context":{"id":"dedee92f-7fbd-414b-b4a4-28d2be5d3be1", "isDeleted:":"true", "version":"1688091175163"}}
{"logTime": "0724/051342", "correlationVector":"zOT8HO+uejjp4n8OF440+W.200","action":"GetUpdates", "result":"DeleteReceived", "context":{"id":"6f312269-7042-4c3e-a2a5-ff3841b74e11", "isDeleted:":"true", "version":"1688121305362"}}
{"logTime": "0724/051342", "correlationVector":"zOT8HO+uejjp4n8OF440+W.201","action":"GetUpdates", "result":"DeleteReceived", "context":{"id":"c67254e3-c5cc-4486-8f95-4cda07f4ae27", "isDeleted:":"true", "version":"1688121305363"}}
{"logTime": "0724/051342", "correlationVector":"zOT8HO+uejjp4n8OF440+W.202","action":"GetUpdates", "result":"DeleteReceived", "context":{"id":"f72ab203-3656-4d4a-8c96-c4aa23219e22", "isDeleted:":"true", "version":"1688184021991"}}
{"logTime": "0724/051342", "correlationVector":"zOT8HO+uejjp4n8OF440+W.203","action":"GetUpdates", "result":"DeleteReceived", "context":{"id":"daf5bf18-ef80-4b0c-8441-666d4be41dc3", "isDeleted:":"true", "version":"1688184021992"}}
{"logTime": "0724/051342", "correlationVector":"zOT8HO+uejjp4n8OF440+W.204","action":"GetUpdates", "result":"DeleteReceived", "context":{"id":"ddd44b82-aa7d-4bc7-9937-69d628b67829", "isDeleted:":"true", "version":"1688184021994"}}
{"logTime": "0724/051342", "correlationVector":"zOT8HO+uejjp4n8OF440+W.205","action":"GetUpdates", "result":"DeleteReceived", "context":{"id":"037d2b29-76f5-46fa-982c-56c8022db09c", "isDeleted:":"true", "version":"1688191238267"}}
{"logTime": "0724/051342", "correlationVector":"zOT8HO+uejjp4n8OF440+W.206","action":"GetUpdates", "result":"DeleteReceived", "context":{"id":"dcc59c04-8819-40de-a0d0-67650373e9e5", "isDeleted:":"true", "version":"1688218525688"}}
{"logTime": "0724/051342", "correlationVector":"zOT8HO+uejjp4n8OF440+W.207","action":"GetUpdates", "result":"DeleteReceived", "context":{"id":"f9816544-a996-4604-a73f-ceca28d5815f", "isDeleted:":"true", "version":"1688435981144"}}
{"logTime": "0724/051342", "correlationVector":"zOT8HO+uejjp4n8OF440+W.208","action":"GetUpdates", "result":"DeleteReceived", "context":{"id":"2821791c-4da3-4116-8ed5-fb30d8b94bd2", "isDeleted:":"true", "version":"1688440827054"}}
{"logTime": "0724/051342", "correlationVector":"zOT8HO+uejjp4n8OF440+W.209","action":"GetUpdates", "result":"DeleteReceived", "context":{"id":"e1553e45-a412-4414-b72e-e40f76044848", "isDeleted:":"true", "version":"1688441457616"}}
{"logTime": "0724/051342", "correlationVector":"zOT8HO+uejjp4n8OF440+W.210","action":"GetUpdates", "result":"DeleteReceived", "context":{"id":"161e71b0-58e5-4c3d-b81c-9798b92e8a6f", "isDeleted:":"true", "version":"1688441457617"}}
{"logTime": "0724/051342", "correlationVector":"zOT8HO+uejjp4n8OF440+W.211","action":"GetUpdates", "result":"DeleteReceived", "context":{"id":"4882f5e3-eda2-4a5c-ae4b-eb4234e2738b", "isDeleted:":"true", "version":"1688441457618"}}
{"logTime": "0724/051342", "correlationVector":"zOT8HO+uejjp4n8OF440+W.212","action":"GetUpdates", "result":"DeleteReceived", "context":{"id":"946a62a9-df4c-49a0-af38-76a48e9db044", "isDeleted:":"true", "version":"1688441457619"}}
{"logTime": "0724/051342", "correlationVector":"zOT8HO+uejjp4n8OF440+W.213","action":"GetUpdates", "result":"DeleteReceived", "context":{"id":"c50219ab-90d2-4384-8461-c888d4ea7c39", "isDeleted:":"true", "version":"1688444193198"}}
{"logTime": "0724/051342", "correlationVector":"zOT8HO+uejjp4n8OF440+W.214","action":"GetUpdates", "result":"DeleteReceived", "context":{"id":"d47bed10-8261-45ac-898f-d53a6a7817a2", "isDeleted:":"true", "version":"1688444193199"}}
{"logTime": "0724/051342", "correlationVector":"zOT8HO+uejjp4n8OF440+W.215","action":"GetUpdates", "result":"DeleteReceived", "context":{"id":"3bd641c6-7bc5-4b28-b425-76ea0a2783cd", "isDeleted:":"true", "version":"1688445898030"}}
{"logTime": "0724/051342", "correlationVector":"zOT8HO+uejjp4n8OF440+W.216","action":"GetUpdates", "result":"DeleteReceived", "context":{"id":"8d862800-c3cd-466e-963f-9044feca2a59", "isDeleted:":"true", "version":"1688445898031"}}
{"logTime": "0724/051342", "correlationVector":"zOT8HO+uejjp4n8OF440+W.217","action":"GetUpdates", "result":"DeleteReceived", "context":{"id":"bf9a05b6-6102-4ebd-bc87-92b1fe87166d", "isDeleted:":"true", "version":"1688445898032"}}
{"logTime": "0724/051342", "correlationVector":"zOT8HO+uejjp4n8OF440+W.218","action":"GetUpdates", "result":"DeleteReceived", "context":{"id":"7ecdc165-5916-42fe-ab72-6bdf915e82de", "isDeleted:":"true", "version":"1688445898035"}}
{"logTime": "0724/051342", "correlationVector":"zOT8HO+uejjp4n8OF440+W.219","action":"GetUpdates", "result":"DeleteReceived", "context":{"id":"84916055-6a71-4e8d-bff7-1937560dedef", "isDeleted:":"true", "version":"1688445898038"}}
{"logTime": "0724/051342", "correlationVector":"zOT8HO+uejjp4n8OF440+W.220","action":"GetUpdates", "result":"DeleteReceived", "context":{"id":"0b30cd71-2062-46df-97c3-71d90bc6c2ed", "isDeleted:":"true", "version":"1688445898039"}}
{"logTime": "0724/051342", "correlationVector":"zOT8HO+uejjp4n8OF440+W.221","action":"GetUpdates", "result":"DeleteReceived", "context":{"id":"8e365386-3a63-46aa-bc2f-e59fdfedceff", "isDeleted:":"true", "version":"1688445946330"}}
{"logTime": "0724/051342", "correlationVector":"zOT8HO+uejjp4n8OF440+W.222","action":"GetUpdates", "result":"DeleteReceived", "context":{"id":"fc9c7edb-9056-4fe8-bfbc-e47202d9cefa", "isDeleted:":"true", "version":"1688445946332"}}
{"logTime": "0724/051342", "correlationVector":"zOT8HO+uejjp4n8OF440+W.223","action":"GetUpdates", "result":"DeleteReceived", "context":{"id":"d9bde79a-514f-4c79-a75b-aa04f4ee9a59", "isDeleted:":"true", "version":"1688445946333"}}
{"logTime": "0724/051342", "correlationVector":"zOT8HO+uejjp4n8OF440+W.224","action":"GetUpdates", "result":"DeleteReceived", "context":{"id":"5806ac9a-eb36-4580-8f51-5c55a182e263", "isDeleted:":"true", "version":"1688447056856"}}
{"logTime": "0724/051342", "correlationVector":"zOT8HO+uejjp4n8OF440+W.225","action":"GetUpdates", "result":"DeleteReceived", "context":{"id":"d50ce378-329a-42d2-b7d2-89335bd1de8c", "isDeleted:":"true", "version":"1688447486888"}}
{"logTime": "0724/051342", "correlationVector":"zOT8HO+uejjp4n8OF440+W.226","action":"GetUpdates", "result":"DeleteReceived", "context":{"id":"98610fde-dafd-4551-aeff-fa234c5ae03c", "isDeleted:":"true", "version":"1688447486889"}}
{"logTime": "0724/051342", "correlationVector":"zOT8HO+uejjp4n8OF440+W.227","action":"GetUpdates", "result":"DeleteReceived", "context":{"id":"16b12f41-42bb-4eb3-a612-5c54e7ab7c76", "isDeleted:":"true", "version":"1688451118687"}}
{"logTime": "0724/051342", "correlationVector":"zOT8HO+uejjp4n8OF440+W.228","action":"GetUpdates", "result":"DeleteReceived", "context":{"id":"e94e634f-b5ec-4647-8799-92b61912f162", "isDeleted:":"true", "version":"1688451118688"}}
{"logTime": "0724/051342", "correlationVector":"zOT8HO+uejjp4n8OF440+W.229","action":"GetUpdates", "result":"DeleteReceived", "context":{"id":"f170ff12-190f-4850-b400-d93ce4662e1a", "isDeleted:":"true", "version":"1688451118689"}}
{"logTime": "0724/051342", "correlationVector":"zOT8HO+uejjp4n8OF440+W.230","action":"GetUpdates", "result":"DeleteReceived", "context":{"id":"72d46040-0e0c-41d5-a5d3-546724d05267", "isDeleted:":"true", "version":"1688451118690"}}
{"logTime": "0724/051342", "correlationVector":"zOT8HO+uejjp4n8OF440+W.231","action":"GetUpdates", "result":"DeleteReceived", "context":{"id":"09c6437d-80ef-4193-9427-98c8d8a86fad", "isDeleted:":"true", "version":"1688473475035"}}
{"logTime": "0724/051342", "correlationVector":"zOT8HO+uejjp4n8OF440+W.232","action":"GetUpdates", "result":"DeleteReceived", "context":{"id":"b7a82f97-a402-4097-9ed6-9abac7fa9111", "isDeleted:":"true", "version":"1688473475036"}}
{"logTime": "0724/051342", "correlationVector":"zOT8HO+uejjp4n8OF440+W.233","action":"GetUpdates", "result":"DeleteReceived", "context":{"id":"91af1a63-c24b-45ee-a2ad-31e4cb07df56", "isDeleted:":"true", "version":"1688486728451"}}
{"logTime": "0724/051342", "correlationVector":"zOT8HO+uejjp4n8OF440+W.234","action":"GetUpdates", "result":"DeleteReceived", "context":{"id":"e45815a7-30db-4c70-8b66-4cb69b394264", "isDeleted:":"true", "version":"1688572157884"}}
{"logTime": "0724/051342", "correlationVector":"zOT8HO+uejjp4n8OF440+W.235","action":"GetUpdates", "result":"DeleteReceived", "context":{"id":"2e2f0480-c7c1-464e-aedd-e5c7e8670b15", "isDeleted:":"true", "version":"1688572157885"}}
{"logTime": "0724/051342", "correlationVector":"zOT8HO+uejjp4n8OF440+W.236","action":"GetUpdates", "result":"DeleteReceived", "context":{"id":"8c9c1508-8952-400d-b2a0-efca8a56b0ff", "isDeleted:":"true", "version":"1688573667099"}}
{"logTime": "0724/051342", "correlationVector":"zOT8HO+uejjp4n8OF440+W.237","action":"GetUpdates", "result":"DeleteReceived", "context":{"id":"8ab9aa0c-931a-4e29-b5bd-edb834697ad0", "isDeleted:":"true", "version":"1688573869739"}}
{"logTime": "0724/051342", "correlationVector":"zOT8HO+uejjp4n8OF440+W.238","action":"GetUpdates", "result":"DeleteReceived", "context":{"id":"e95c7330-0c03-41bc-96f0-8f620664b42a", "isDeleted:":"true", "version":"1688644351857"}}
{"logTime": "0724/051342", "correlationVector":"zOT8HO+uejjp4n8OF440+W.239","action":"GetUpdates", "result":"DeleteReceived", "context":{"id":"e03f0525-35fe-4839-9ffb-bee7825c2166", "isDeleted:":"true", "version":"1688644351858"}}
{"logTime": "0724/051342", "correlationVector":"zOT8HO+uejjp4n8OF440+W.240","action":"GetUpdates", "result":"DeleteReceived", "context":{"id":"45fb2b38-3271-41b1-9b8b-f057e3a1fb90", "isDeleted:":"true", "version":"1688644351859"}}
{"logTime": "0724/051342", "correlationVector":"zOT8HO+uejjp4n8OF440+W.241","action":"GetUpdates Response", "result":"SERVER_MORE_TO_DOWNLOAD", "context":Received 250 update(s).  Some updates remain.}
{"logTime": "0724/051342", "correlationVector":"pm0tYEY66sVaaEM3wrWZlJ","action":"Initial GetUpdates", "result":"", "context":Reason: RECONFIGURATION. cV=pm0tYEY66sVaaEM3wrWZlJ}
{"logTime": "0724/051343", "correlationVector":"pm0tYEY66sVaaEM3wrWZlJ.1","action":"SyncServerConnectionManagerRequest", "result":"SYNC_SERVER_OK", "context":{"environment":"Prod_SoutheastAsia_000j", "migrationStage":"NotStarted", "server":"GENERAL0100000B"}}
{"logTime": "0724/051343", "correlationVector":"pm0tYEY66sVaaEM3wrWZlJ.2","action":"GetUpdates", "result":"DeleteReceived", "context":{"id":"f86f002d-8b3f-4500-9913-df370251c774", "isDeleted:":"true", "version":"1689442540719"}}
{"logTime": "0724/051343", "correlationVector":"pm0tYEY66sVaaEM3wrWZlJ.3","action":"GetUpdates", "result":"DeleteReceived", "context":{"id":"6e65f368-0414-4891-b3b7-ddc6a38e0da4", "isDeleted:":"true", "version":"1688792277258"}}
{"logTime": "0724/051343", "correlationVector":"pm0tYEY66sVaaEM3wrWZlJ.4","action":"GetUpdates", "result":"DeleteReceived", "context":{"id":"9e7a5405-ce27-4e21-bcf0-5fb177c9ded7", "isDeleted:":"true", "version":"1688792277259"}}
{"logTime": "0724/051343", "correlationVector":"pm0tYEY66sVaaEM3wrWZlJ.5","action":"GetUpdates", "result":"DeleteReceived", "context":{"id":"099cf6e3-f34e-4e75-99cd-ca5fcd0bd855", "isDeleted:":"true", "version":"1688792277260"}}
{"logTime": "0724/051343", "correlationVector":"pm0tYEY66sVaaEM3wrWZlJ.6","action":"GetUpdates", "result":"DeleteReceived", "context":{"id":"b46ff5dd-e75e-4fc1-b07c-6e548f117a5d", "isDeleted:":"true", "version":"1688792277261"}}
{"logTime": "0724/051343", "correlationVector":"pm0tYEY66sVaaEM3wrWZlJ.7","action":"GetUpdates", "result":"DeleteReceived", "context":{"id":"5cc0c7ad-9dc3-4536-a246-81eaa95555c7", "isDeleted:":"true", "version":"1688792277262"}}
{"logTime": "0724/051343", "correlationVector":"pm0tYEY66sVaaEM3wrWZlJ.8","action":"GetUpdates", "result":"DeleteReceived", "context":{"id":"2bb3035e-164c-4a3f-a206-7abdb1c3237f", "isDeleted:":"true", "version":"1688824594331"}}
{"logTime": "0724/051343", "correlationVector":"pm0tYEY66sVaaEM3wrWZlJ.9","action":"GetUpdates", "result":"DeleteReceived", "context":{"id":"17e36ef7-94b8-4c68-b124-16183e05e601", "isDeleted:":"true", "version":"1688824594332"}}
{"logTime": "0724/051343", "correlationVector":"pm0tYEY66sVaaEM3wrWZlJ.10","action":"GetUpdates", "result":"DeleteReceived", "context":{"id":"306f2d26-f69a-4310-aa96-5b54b988069f", "isDeleted:":"true", "version":"1688824594333"}}
{"logTime": "0724/051343", "correlationVector":"pm0tYEY66sVaaEM3wrWZlJ.11","action":"GetUpdates", "result":"DeleteReceived", "context":{"id":"2d519262-9afc-420c-b2fa-ab0c0a4003cc", "isDeleted:":"true", "version":"1688834263181"}}
{"logTime": "0724/051343", "correlationVector":"pm0tYEY66sVaaEM3wrWZlJ.12","action":"GetUpdates", "result":"DeleteReceived", "context":{"id":"952f3c6b-2ddb-44f4-89a7-3c5b6dc88f46", "isDeleted:":"true", "version":"1688958823193"}}
{"logTime": "0724/051343", "correlationVector":"pm0tYEY66sVaaEM3wrWZlJ.13","action":"GetUpdates", "result":"DeleteReceived", "context":{"id":"c319d829-c108-4cdc-8d31-d95299952896", "isDeleted:":"true", "version":"1688958823195"}}
{"logTime": "0724/051343", "correlationVector":"pm0tYEY66sVaaEM3wrWZlJ.14","action":"GetUpdates", "result":"DeleteReceived", "context":{"id":"4ec5e0d8-95de-46f1-8797-537c6a3bbec2", "isDeleted:":"true", "version":"1688966881949"}}
{"logTime": "0724/051343", "correlationVector":"pm0tYEY66sVaaEM3wrWZlJ.15","action":"GetUpdates", "result":"DeleteReceived", "context":{"id":"d4eceea2-cd0f-4e00-b788-a58edc6b0d8d", "isDeleted:":"true", "version":"1688971166531"}}
{"logTime": "0724/051343", "correlationVector":"pm0tYEY66sVaaEM3wrWZlJ.16","action":"GetUpdates", "result":"DeleteReceived", "context":{"id":"29e51103-9c2f-434a-b8aa-fcc6292f8f9c", "isDeleted:":"true", "version":"1688971166532"}}
{"logTime": "0724/051343", "correlationVector":"pm0tYEY66sVaaEM3wrWZlJ.17","action":"GetUpdates", "result":"DeleteReceived", "context":{"id":"4773286d-4bf9-439c-8a6a-64b84d3d9294", "isDeleted:":"true", "version":"1688971166535"}}
{"logTime": "0724/051343", "correlationVector":"pm0tYEY66sVaaEM3wrWZlJ.18","action":"GetUpdates", "result":"DeleteReceived", "context":{"id":"23fca596-584e-4be4-931e-cfc921697307", "isDeleted:":"true", "version":"1688971403279"}}
{"logTime": "0724/051343", "correlationVector":"pm0tYEY66sVaaEM3wrWZlJ.19","action":"GetUpdates", "result":"DeleteReceived", "context":{"id":"d3e08f6d-65dd-402e-adfe-7b850697d853", "isDeleted:":"true", "version":"1688992858699"}}
{"logTime": "0724/051343", "correlationVector":"pm0tYEY66sVaaEM3wrWZlJ.20","action":"GetUpdates", "result":"DeleteReceived", "context":{"id":"157528c9-2e80-489d-9bbc-98240caa1f75", "isDeleted:":"true", "version":"1688992858700"}}
{"logTime": "0724/051343", "correlationVector":"pm0tYEY66sVaaEM3wrWZlJ.21","action":"GetUpdates", "result":"DeleteReceived", "context":{"id":"78901936-3a86-422f-9ec5-e8013d38e60b", "isDeleted:":"true", "version":"1688992858701"}}
{"logTime": "0724/051343", "correlationVector":"pm0tYEY66sVaaEM3wrWZlJ.22","action":"GetUpdates", "result":"DeleteReceived", "context":{"id":"33a255cf-937e-4277-a368-4e66a415e59e", "isDeleted:":"true", "version":"1688992858702"}}
{"logTime": "0724/051343", "correlationVector":"pm0tYEY66sVaaEM3wrWZlJ.23","action":"GetUpdates", "result":"DeleteReceived", "context":{"id":"cc85088c-a1df-4576-b800-ea2b199f429f", "isDeleted:":"true", "version":"1688992858703"}}
{"logTime": "0724/051343", "correlationVector":"pm0tYEY66sVaaEM3wrWZlJ.24","action":"GetUpdates", "result":"DeleteReceived", "context":{"id":"5f862ff9-fed1-4055-b184-39bce55c8d3b", "isDeleted:":"true", "version":"1688992858704"}}
{"logTime": "0724/051343", "correlationVector":"pm0tYEY66sVaaEM3wrWZlJ.25","action":"GetUpdates", "result":"DeleteReceived", "context":{"id":"78902fa0-69b8-41cd-bc51-cbe12002ced8", "isDeleted:":"true", "version":"1688992858705"}}
{"logTime": "0724/051343", "correlationVector":"pm0tYEY66sVaaEM3wrWZlJ.26","action":"GetUpdates", "result":"DeleteReceived", "context":{"id":"0a8279dc-15b6-4267-a2a3-d6ad53c80477", "isDeleted:":"true", "version":"1689055710414"}}
{"logTime": "0724/051343", "correlationVector":"pm0tYEY66sVaaEM3wrWZlJ.27","action":"GetUpdates", "result":"DeleteReceived", "context":{"id":"b0b12e96-95ee-4f9a-a45e-e1a680a7b631", "isDeleted:":"true", "version":"1689055710415"}}
{"logTime": "0724/051343", "correlationVector":"pm0tYEY66sVaaEM3wrWZlJ.28","action":"GetUpdates", "result":"DeleteReceived", "context":{"id":"adc311e1-4d6f-4094-888a-6ce92de9fecf", "isDeleted:":"true", "version":"1689055710416"}}
{"logTime": "0724/051343", "correlationVector":"pm0tYEY66sVaaEM3wrWZlJ.29","action":"GetUpdates", "result":"DeleteReceived", "context":{"id":"db0727d0-9246-4754-b1ec-40aad2993dd3", "isDeleted:":"true", "version":"1689164464478"}}
{"logTime": "0724/051343", "correlationVector":"pm0tYEY66sVaaEM3wrWZlJ.30","action":"GetUpdates", "result":"DeleteReceived", "context":{"id":"3dbe1aaa-029a-4a03-a9aa-62c102e6dac6", "isDeleted:":"true", "version":"1689164464479"}}
{"logTime": "0724/051343", "correlationVector":"pm0tYEY66sVaaEM3wrWZlJ.31","action":"GetUpdates", "result":"DeleteReceived", "context":{"id":"2ff5cf09-e371-4031-a1c0-644223378dcc", "isDeleted:":"true", "version":"1689164464480"}}
{"logTime": "0724/051343", "correlationVector":"pm0tYEY66sVaaEM3wrWZlJ.32","action":"GetUpdates", "result":"DeleteReceived", "context":{"id":"2c33f96e-aebe-4eb0-843d-6e86d45439fc", "isDeleted:":"true", "version":"1689176122507"}}
{"logTime": "0724/051343", "correlationVector":"pm0tYEY66sVaaEM3wrWZlJ.33","action":"GetUpdates", "result":"DeleteReceived", "context":{"id":"c14351ab-efba-4142-98ea-8cf3d1eb4505", "isDeleted:":"true", "version":"1689176122510"}}
{"logTime": "0724/051343", "correlationVector":"pm0tYEY66sVaaEM3wrWZlJ.34","action":"GetUpdates", "result":"DeleteReceived", "context":{"id":"ba425af1-1720-4c42-8050-eecb97685e84", "isDeleted:":"true", "version":"1689176122511"}}
{"logTime": "0724/051343", "correlationVector":"pm0tYEY66sVaaEM3wrWZlJ.35","action":"GetUpdates", "result":"DeleteReceived", "context":{"id":"bf8d5855-3dcf-4137-9505-c4a10f8a219e", "isDeleted:":"true", "version":"1689209821341"}}
{"logTime": "0724/051343", "correlationVector":"pm0tYEY66sVaaEM3wrWZlJ.36","action":"GetUpdates", "result":"DeleteReceived", "context":{"id":"92821e6e-8bbc-4e7d-aede-05f1c421b384", "isDeleted:":"true", "version":"1689209821343"}}
{"logTime": "0724/051343", "correlationVector":"pm0tYEY66sVaaEM3wrWZlJ.37","action":"GetUpdates", "result":"DeleteReceived", "context":{"id":"8b653dbf-ce58-423b-ae52-6b79d1945a41", "isDeleted:":"true", "version":"1689209821345"}}
{"logTime": "0724/051343", "correlationVector":"pm0tYEY66sVaaEM3wrWZlJ.38","action":"GetUpdates", "result":"DeleteReceived", "context":{"id":"e95159d9-5220-49f9-b5aa-92883d66121f", "isDeleted:":"true", "version":"1689209821346"}}
{"logTime": "0724/051343", "correlationVector":"pm0tYEY66sVaaEM3wrWZlJ.39","action":"GetUpdates", "result":"DeleteReceived", "context":{"id":"49fff3d2-14ab-4c03-9b8e-585045744ff9", "isDeleted:":"true", "version":"1689219637168"}}
{"logTime": "0724/051343", "correlationVector":"pm0tYEY66sVaaEM3wrWZlJ.40","action":"GetUpdates", "result":"DeleteReceived", "context":{"id":"016f16da-438b-480e-8b3d-d0ca5c4fec36", "isDeleted:":"true", "version":"1689219637169"}}
{"logTime": "0724/051343", "correlationVector":"pm0tYEY66sVaaEM3wrWZlJ.41","action":"GetUpdates", "result":"DeleteReceived", "context":{"id":"61d4c3ed-0518-4412-bf29-d099aca49066", "isDeleted:":"true", "version":"1689219637170"}}
{"logTime": "0724/051343", "correlationVector":"pm0tYEY66sVaaEM3wrWZlJ.42","action":"GetUpdates", "result":"DeleteReceived", "context":{"id":"9ded0c8c-de8f-4e06-8ec5-19ab635370d0", "isDeleted:":"true", "version":"1689219637171"}}
{"logTime": "0724/051343", "correlationVector":"pm0tYEY66sVaaEM3wrWZlJ.43","action":"GetUpdates", "result":"DeleteReceived", "context":{"id":"67aa3056-352b-40f2-8a4f-7fad00bb0b72", "isDeleted:":"true", "version":"1689219637174"}}
{"logTime": "0724/051343", "correlationVector":"pm0tYEY66sVaaEM3wrWZlJ.44","action":"GetUpdates", "result":"DeleteReceived", "context":{"id":"ccbe4afa-87ec-45b3-afd0-c7204b4c64ea", "isDeleted:":"true", "version":"1689219637175"}}
{"logTime": "0724/051343", "correlationVector":"pm0tYEY66sVaaEM3wrWZlJ.45","action":"GetUpdates", "result":"DeleteReceived", "context":{"id":"d97060a8-a6ed-4c3b-81b7-016f0c59f6c5", "isDeleted:":"true", "version":"1689248798641"}}
{"logTime": "0724/051343", "correlationVector":"pm0tYEY66sVaaEM3wrWZlJ.46","action":"GetUpdates", "result":"DeleteReceived", "context":{"id":"1fa9c5c8-69f5-4bef-a6e0-0df4259dbc31", "isDeleted:":"true", "version":"1689248798642"}}
{"logTime": "0724/051343", "correlationVector":"pm0tYEY66sVaaEM3wrWZlJ.47","action":"GetUpdates", "result":"DeleteReceived", "context":{"id":"4b908d1c-7b82-4bea-93cd-d30a1340a3a5", "isDeleted:":"true", "version":"1689248798643"}}
{"logTime": "0724/051343", "correlationVector":"pm0tYEY66sVaaEM3wrWZlJ.48","action":"GetUpdates", "result":"DeleteReceived", "context":{"id":"c8ffdd9d-db04-4dfb-83f1-2e99951eb1d9", "isDeleted:":"true", "version":"1689248798644"}}
{"logTime": "0724/051343", "correlationVector":"pm0tYEY66sVaaEM3wrWZlJ.49","action":"GetUpdates", "result":"DeleteReceived", "context":{"id":"ed890f21-24c2-42d7-8912-3d4b7a048c69", "isDeleted:":"true", "version":"1689248798645"}}
{"logTime": "0724/051343", "correlationVector":"pm0tYEY66sVaaEM3wrWZlJ.50","action":"GetUpdates", "result":"DeleteReceived", "context":{"id":"2acea445-6594-4db2-9440-3df737c86260", "isDeleted:":"true", "version":"1689302131214"}}
{"logTime": "0724/051343", "correlationVector":"pm0tYEY66sVaaEM3wrWZlJ.51","action":"GetUpdates", "result":"DeleteReceived", "context":{"id":"182f9a20-8619-4fc3-9075-715345fb163c", "isDeleted:":"true", "version":"1689302131216"}}
{"logTime": "0724/051343", "correlationVector":"pm0tYEY66sVaaEM3wrWZlJ.52","action":"GetUpdates", "result":"DeleteReceived", "context":{"id":"0053793a-ce89-4c17-a679-c7ed56d18821", "isDeleted:":"true", "version":"1689302131218"}}
{"logTime": "0724/051343", "correlationVector":"pm0tYEY66sVaaEM3wrWZlJ.53","action":"GetUpdates", "result":"DeleteReceived", "context":{"id":"e00e1cfe-2314-48cf-93bd-546cf6825694", "isDeleted:":"true", "version":"1689305734157"}}
{"logTime": "0724/051343", "correlationVector":"pm0tYEY66sVaaEM3wrWZlJ.54","action":"GetUpdates", "result":"DeleteReceived", "context":{"id":"83de866c-906f-4fb7-96f9-5057bdef94cb", "isDeleted:":"true", "version":"1689319859348"}}
{"logTime": "0724/051343", "correlationVector":"pm0tYEY66sVaaEM3wrWZlJ.55","action":"GetUpdates", "result":"DeleteReceived", "context":{"id":"71fa6baf-9d80-48f0-bef5-0e71d6b21944", "isDeleted:":"true", "version":"1689319859349"}}
{"logTime": "0724/051343", "correlationVector":"pm0tYEY66sVaaEM3wrWZlJ.56","action":"GetUpdates", "result":"DeleteReceived", "context":{"id":"cf43cb93-97b2-497a-9240-1b03b9be4628", "isDeleted:":"true", "version":"1689319859350"}}
{"logTime": "0724/051343", "correlationVector":"pm0tYEY66sVaaEM3wrWZlJ.57","action":"GetUpdates", "result":"DeleteReceived", "context":{"id":"5128b601-cae5-41f7-9197-2ff93a22b142", "isDeleted:":"true", "version":"1689319859353"}}
{"logTime": "0724/051343", "correlationVector":"pm0tYEY66sVaaEM3wrWZlJ.58","action":"GetUpdates", "result":"DeleteReceived", "context":{"id":"d40517f7-b117-4f44-abf3-c8112ab32379", "isDeleted:":"true", "version":"1689319859354"}}
{"logTime": "0724/051343", "correlationVector":"pm0tYEY66sVaaEM3wrWZlJ.59","action":"GetUpdates", "result":"DeleteReceived", "context":{"id":"f9278c8c-0771-465c-9a15-da9540c1e457", "isDeleted:":"true", "version":"1689319859355"}}
{"logTime": "0724/051343", "correlationVector":"pm0tYEY66sVaaEM3wrWZlJ.60","action":"GetUpdates", "result":"DeleteReceived", "context":{"id":"14c68414-a8ed-4b8c-afd5-caf9617467a4", "isDeleted:":"true", "version":"1689319859357"}}
{"logTime": "0724/051343", "correlationVector":"pm0tYEY66sVaaEM3wrWZlJ.61","action":"GetUpdates", "result":"DeleteReceived", "context":{"id":"b53583b9-9df1-44ac-b685-8576abc172bf", "isDeleted:":"true", "version":"1689319890238"}}
{"logTime": "0724/051343", "correlationVector":"pm0tYEY66sVaaEM3wrWZlJ.62","action":"GetUpdates", "result":"DeleteReceived", "context":{"id":"83d7c4cc-b75f-49ae-8b9d-213160e66f8e", "isDeleted:":"true", "version":"1689337333432"}}
{"logTime": "0724/051343", "correlationVector":"pm0tYEY66sVaaEM3wrWZlJ.63","action":"GetUpdates", "result":"DeleteReceived", "context":{"id":"785ba2d6-5805-46f3-b843-821792722a53", "isDeleted:":"true", "version":"1689403113880"}}
{"logTime": "0724/051343", "correlationVector":"pm0tYEY66sVaaEM3wrWZlJ.64","action":"GetUpdates", "result":"DeleteReceived", "context":{"id":"351c73dd-2af0-4759-ac2f-5921cccc1dbe", "isDeleted:":"true", "version":"1689403113881"}}
{"logTime": "0724/051343", "correlationVector":"pm0tYEY66sVaaEM3wrWZlJ.65","action":"GetUpdates", "result":"DeleteReceived", "context":{"id":"9ae8676e-7101-4469-869e-ad15a666d331", "isDeleted:":"true", "version":"1689418569391"}}
{"logTime": "0724/051343", "correlationVector":"pm0tYEY66sVaaEM3wrWZlJ.66","action":"GetUpdates", "result":"DeleteReceived", "context":{"id":"2e517845-32a6-4939-bd22-65a1091f0d3f", "isDeleted:":"true", "version":"1689418569394"}}
{"logTime": "0724/051343", "correlationVector":"pm0tYEY66sVaaEM3wrWZlJ.67","action":"GetUpdates", "result":"DeleteReceived", "context":{"id":"e2d7a17a-c272-40fc-af65-46212d8edc34", "isDeleted:":"true", "version":"1689419582771"}}
{"logTime": "0724/051343", "correlationVector":"pm0tYEY66sVaaEM3wrWZlJ.68","action":"GetUpdates", "result":"DeleteReceived", "context":{"id":"6fdcf9e3-069c-4b3e-a9a3-6d565ec2357d", "isDeleted:":"true", "version":"1689422191800"}}
{"logTime": "0724/051343", "correlationVector":"pm0tYEY66sVaaEM3wrWZlJ.69","action":"GetUpdates", "result":"DeleteReceived", "context":{"id":"bafe008d-8847-4f9d-8706-a3e3e49ebc66", "isDeleted:":"true", "version":"1689437621888"}}
{"logTime": "0724/051343", "correlationVector":"pm0tYEY66sVaaEM3wrWZlJ.70","action":"GetUpdates", "result":"DeleteReceived", "context":{"id":"375b8dfc-b314-4d74-b60f-8550450ff0a0", "isDeleted:":"true", "version":"1689437621889"}}
{"logTime": "0724/051343", "correlationVector":"pm0tYEY66sVaaEM3wrWZlJ.71","action":"GetUpdates", "result":"DeleteReceived", "context":{"id":"ab89c2c8-5193-45d4-b90e-da48a2305ba0", "isDeleted:":"true", "version":"1689437621890"}}
{"logTime": "0724/051343", "correlationVector":"pm0tYEY66sVaaEM3wrWZlJ.72","action":"GetUpdates", "result":"DeleteReceived", "context":{"id":"ecec3536-283d-4a01-9ee9-016631230457", "isDeleted:":"true", "version":"1689439970871"}}
{"logTime": "0724/051343", "correlationVector":"pm0tYEY66sVaaEM3wrWZlJ.73","action":"GetUpdates", "result":"DeleteReceived", "context":{"id":"1b74e5f9-af2a-4a2c-aea3-382e0c2fb25f", "isDeleted:":"true", "version":"1689442111890"}}
{"logTime": "0724/051343", "correlationVector":"pm0tYEY66sVaaEM3wrWZlJ.74","action":"GetUpdates", "result":"DeleteReceived", "context":{"id":"4a6405c5-4c22-48cd-814c-38af043e5bc0", "isDeleted:":"true", "version":"1689442111892"}}
{"logTime": "0724/051343", "correlationVector":"pm0tYEY66sVaaEM3wrWZlJ.75","action":"GetUpdates", "result":"DeleteReceived", "context":{"id":"271575fd-eb70-4471-a3d4-438155666567", "isDeleted:":"true", "version":"1689442171017"}}
{"logTime": "0724/051343", "correlationVector":"pm0tYEY66sVaaEM3wrWZlJ.76","action":"GetUpdates", "result":"DeleteReceived", "context":{"id":"1838c235-f9e9-4206-9cd2-9609dfa95b49", "isDeleted:":"true", "version":"1689478670571"}}
{"logTime": "0724/051343", "correlationVector":"pm0tYEY66sVaaEM3wrWZlJ.77","action":"GetUpdates", "result":"DeleteReceived", "context":{"id":"05dc742c-6f20-47a0-aa97-fc797bd4ed35", "isDeleted:":"true", "version":"1689478670572"}}
{"logTime": "0724/051343", "correlationVector":"pm0tYEY66sVaaEM3wrWZlJ.78","action":"GetUpdates", "result":"DeleteReceived", "context":{"id":"f32ab00a-8b10-4b81-808d-a12fb696f555", "isDeleted:":"true", "version":"1689478670574"}}
{"logTime": "0724/051343", "correlationVector":"pm0tYEY66sVaaEM3wrWZlJ.79","action":"GetUpdates", "result":"DeleteReceived", "context":{"id":"4d4a87ac-8734-4e01-bc85-302da69d00d8", "isDeleted:":"true", "version":"1689478670575"}}
{"logTime": "0724/051343", "correlationVector":"pm0tYEY66sVaaEM3wrWZlJ.80","action":"GetUpdates", "result":"DeleteReceived", "context":{"id":"9feae48a-650e-468c-8b3d-d89754b4ff51", "isDeleted:":"true", "version":"1689478670576"}}
{"logTime": "0724/051343", "correlationVector":"pm0tYEY66sVaaEM3wrWZlJ.81","action":"GetUpdates", "result":"DeleteReceived", "context":{"id":"186613dd-5109-4659-969f-3caf36b6b217", "isDeleted:":"true", "version":"1689478670577"}}
{"logTime": "0724/051343", "correlationVector":"pm0tYEY66sVaaEM3wrWZlJ.82","action":"GetUpdates", "result":"DeleteReceived", "context":{"id":"815b84dd-5617-4ef7-bb02-5883eeb1eaf3", "isDeleted:":"true", "version":"1689478670578"}}
{"logTime": "0724/051343", "correlationVector":"pm0tYEY66sVaaEM3wrWZlJ.83","action":"GetUpdates", "result":"DeleteReceived", "context":{"id":"36a73b54-40b9-43b9-9f97-3f2db171fe5c", "isDeleted:":"true", "version":"1689487768860"}}
{"logTime": "0724/051343", "correlationVector":"pm0tYEY66sVaaEM3wrWZlJ.84","action":"GetUpdates", "result":"DeleteReceived", "context":{"id":"2290dcb7-93b6-4ffe-b83b-71c0d570a099", "isDeleted:":"true", "version":"1689487768861"}}
{"logTime": "0724/051343", "correlationVector":"pm0tYEY66sVaaEM3wrWZlJ.85","action":"GetUpdates", "result":"DeleteReceived", "context":{"id":"bed6b0cb-e357-4537-96ec-02381625509c", "isDeleted:":"true", "version":"1689493341455"}}
{"logTime": "0724/051343", "correlationVector":"pm0tYEY66sVaaEM3wrWZlJ.86","action":"GetUpdates", "result":"DeleteReceived", "context":{"id":"15c993a0-3d4b-464a-b213-92e23ca5a0d6", "isDeleted:":"true", "version":"1689497486798"}}
{"logTime": "0724/051343", "correlationVector":"pm0tYEY66sVaaEM3wrWZlJ.87","action":"GetUpdates", "result":"DeleteReceived", "context":{"id":"518bf047-4664-41a4-8971-0fb3f2bb7fd0", "isDeleted:":"true", "version":"1689497570591"}}
{"logTime": "0724/051343", "correlationVector":"pm0tYEY66sVaaEM3wrWZlJ.88","action":"GetUpdates", "result":"DeleteReceived", "context":{"id":"41fab91c-5d90-41a6-a991-42e934aa7f79", "isDeleted:":"true", "version":"1689498759638"}}
{"logTime": "0724/051343", "correlationVector":"pm0tYEY66sVaaEM3wrWZlJ.89","action":"GetUpdates", "result":"DeleteReceived", "context":{"id":"6f68e2be-cd4c-497b-855e-589e681f0a00", "isDeleted:":"true", "version":"1689502413831"}}
{"logTime": "0724/051343", "correlationVector":"pm0tYEY66sVaaEM3wrWZlJ.90","action":"GetUpdates", "result":"DeleteReceived", "context":{"id":"8243cfdd-a619-49ee-8642-c3677eee5969", "isDeleted:":"true", "version":"1689503587090"}}
{"logTime": "0724/051343", "correlationVector":"pm0tYEY66sVaaEM3wrWZlJ.91","action":"GetUpdates", "result":"DeleteReceived", "context":{"id":"80656c37-526b-4f90-aad3-707e477dd892", "isDeleted:":"true", "version":"1689526682500"}}
{"logTime": "0724/051343", "correlationVector":"pm0tYEY66sVaaEM3wrWZlJ.92","action":"GetUpdates", "result":"DeleteReceived", "context":{"id":"04d9addb-b830-45d5-8ac7-93e3c26f4b5c", "isDeleted:":"true", "version":"1689557741367"}}
{"logTime": "0724/051343", "correlationVector":"pm0tYEY66sVaaEM3wrWZlJ.93","action":"GetUpdates", "result":"DeleteReceived", "context":{"id":"12fd8d45-7040-4cc3-9e70-0db353c07f34", "isDeleted:":"true", "version":"1689557741369"}}
{"logTime": "0724/051343", "correlationVector":"pm0tYEY66sVaaEM3wrWZlJ.94","action":"GetUpdates Response", "result":"SERVER_MORE_TO_DOWNLOAD", "context":Received 249 update(s).  Some updates remain.}
{"logTime": "0724/051343", "correlationVector":"An5xrqA9Kf8c9WBjL93ThR","action":"Initial GetUpdates", "result":"", "context":Reason: RECONFIGURATION. cV=An5xrqA9Kf8c9WBjL93ThR}
{"logTime": "0724/051343", "correlationVector":"An5xrqA9Kf8c9WBjL93ThR.1","action":"SyncServerConnectionManagerRequest", "result":"SYNC_SERVER_OK", "context":{"environment":"Prod_SoutheastAsia_000j", "migrationStage":"NotStarted", "server":"GENERAL01000015"}}
{"logTime": "0724/051343", "correlationVector":"An5xrqA9Kf8c9WBjL93ThR.2","action":"GetUpdates", "result":"DeleteReceived", "context":{"id":"571c7174-64b4-4941-b4b0-d2689fdcfc87", "isDeleted:":"true", "version":"1689557923638"}}
{"logTime": "0724/051343", "correlationVector":"An5xrqA9Kf8c9WBjL93ThR.3","action":"GetUpdates", "result":"DeleteReceived", "context":{"id":"13ced050-a5ab-456a-b50d-3ecf7f93b424", "isDeleted:":"true", "version":"1689567377986"}}
{"logTime": "0724/051343", "correlationVector":"An5xrqA9Kf8c9WBjL93ThR.4","action":"GetUpdates", "result":"DeleteReceived", "context":{"id":"2030ce68-5ffb-405c-8095-a4925cbbacc7", "isDeleted:":"true", "version":"1689568454850"}}
{"logTime": "0724/051343", "correlationVector":"An5xrqA9Kf8c9WBjL93ThR.5","action":"GetUpdates", "result":"DeleteReceived", "context":{"id":"13807b36-0322-408b-922d-721430e2930e", "isDeleted:":"true", "version":"1689568454851"}}
{"logTime": "0724/051343", "correlationVector":"An5xrqA9Kf8c9WBjL93ThR.6","action":"GetUpdates", "result":"DeleteReceived", "context":{"id":"dfcaaa98-20dd-4fb9-86f0-58e36eeb15bf", "isDeleted:":"true", "version":"1689568454852"}}
{"logTime": "0724/051343", "correlationVector":"An5xrqA9Kf8c9WBjL93ThR.7","action":"GetUpdates", "result":"DeleteReceived", "context":{"id":"a1f03a4a-ce0a-4468-88fe-e5039897185f", "isDeleted:":"true", "version":"1689569500837"}}
{"logTime": "0724/051343", "correlationVector":"An5xrqA9Kf8c9WBjL93ThR.8","action":"GetUpdates", "result":"DeleteReceived", "context":{"id":"7ad690f3-c641-400e-8265-41b28a9a358c", "isDeleted:":"true", "version":"1689572515806"}}
{"logTime": "0724/051343", "correlationVector":"An5xrqA9Kf8c9WBjL93ThR.9","action":"GetUpdates", "result":"DeleteReceived", "context":{"id":"3985f31b-91fb-4d3b-bd4a-df98b6425fc7", "isDeleted:":"true", "version":"1689596127847"}}
{"logTime": "0724/051343", "correlationVector":"An5xrqA9Kf8c9WBjL93ThR.10","action":"GetUpdates", "result":"DeleteReceived", "context":{"id":"2882c0e9-1cde-44ba-bea3-9c1f1b5babb3", "isDeleted:":"true", "version":"1689643965129"}}
{"logTime": "0724/051343", "correlationVector":"An5xrqA9Kf8c9WBjL93ThR.11","action":"GetUpdates", "result":"DeleteReceived", "context":{"id":"c200031b-35df-45c9-a84d-5c5639cca7b7", "isDeleted:":"true", "version":"1689643965130"}}
{"logTime": "0724/051343", "correlationVector":"An5xrqA9Kf8c9WBjL93ThR.12","action":"GetUpdates", "result":"DeleteReceived", "context":{"id":"fe6e75b4-536c-4cb8-bfe8-e926d5398aed", "isDeleted:":"true", "version":"1689643965131"}}
{"logTime": "0724/051343", "correlationVector":"An5xrqA9Kf8c9WBjL93ThR.13","action":"GetUpdates", "result":"DeleteReceived", "context":{"id":"f974e295-0116-423e-ac1f-dcdb5023ae58", "isDeleted:":"true", "version":"1689643965133"}}
{"logTime": "0724/051343", "correlationVector":"An5xrqA9Kf8c9WBjL93ThR.14","action":"GetUpdates", "result":"DeleteReceived", "context":{"id":"c1bfd1c6-a2bc-44d7-86f6-d2e34a4c3a85", "isDeleted:":"true", "version":"1689643965134"}}
{"logTime": "0724/051343", "correlationVector":"An5xrqA9Kf8c9WBjL93ThR.15","action":"GetUpdates", "result":"DeleteReceived", "context":{"id":"96b9d11d-1596-4b6e-a6b0-ca4464ec7e73", "isDeleted:":"true", "version":"1689644024010"}}
{"logTime": "0724/051343", "correlationVector":"An5xrqA9Kf8c9WBjL93ThR.16","action":"GetUpdates", "result":"DeleteReceived", "context":{"id":"a9515977-118d-46ae-9779-cd155b0af143", "isDeleted:":"true", "version":"1689649411464"}}
{"logTime": "0724/051343", "correlationVector":"An5xrqA9Kf8c9WBjL93ThR.17","action":"GetUpdates", "result":"DeleteReceived", "context":{"id":"7506677e-64f7-494e-a39d-4445c2eed78e", "isDeleted:":"true", "version":"1689650983739"}}
{"logTime": "0724/051343", "correlationVector":"An5xrqA9Kf8c9WBjL93ThR.18","action":"GetUpdates", "result":"DeleteReceived", "context":{"id":"f99693db-b29e-4b57-921f-0a0949925f3c", "isDeleted:":"true", "version":"1689660598436"}}
{"logTime": "0724/051343", "correlationVector":"An5xrqA9Kf8c9WBjL93ThR.19","action":"GetUpdates", "result":"DeleteReceived", "context":{"id":"e637b490-f52f-466c-9343-162d6160a87e", "isDeleted:":"true", "version":"1689660598439"}}
{"logTime": "0724/051343", "correlationVector":"An5xrqA9Kf8c9WBjL93ThR.20","action":"GetUpdates", "result":"DeleteReceived", "context":{"id":"4b5ef35f-4121-4d3a-a192-50fc9818b944", "isDeleted:":"true", "version":"1689660629298"}}
{"logTime": "0724/051343", "correlationVector":"An5xrqA9Kf8c9WBjL93ThR.21","action":"GetUpdates", "result":"DeleteReceived", "context":{"id":"a2b09444-12e0-4e75-9ef5-29d2680dddac", "isDeleted:":"true", "version":"1689660629299"}}
{"logTime": "0724/051343", "correlationVector":"An5xrqA9Kf8c9WBjL93ThR.22","action":"GetUpdates", "result":"DeleteReceived", "context":{"id":"8b3b3546-4e42-4597-bf23-4dbf3a6bafcc", "isDeleted:":"true", "version":"1689662416093"}}
{"logTime": "0724/051343", "correlationVector":"An5xrqA9Kf8c9WBjL93ThR.23","action":"GetUpdates", "result":"DeleteReceived", "context":{"id":"f09000ad-351d-4706-8f09-e64c4fc310c7", "isDeleted:":"true", "version":"1689688346565"}}
{"logTime": "0724/051343", "correlationVector":"An5xrqA9Kf8c9WBjL93ThR.24","action":"GetUpdates", "result":"DeleteReceived", "context":{"id":"563d83a4-fa2c-4f7f-b790-ddfc5bee1cb0", "isDeleted:":"true", "version":"1689688346566"}}
{"logTime": "0724/051343", "correlationVector":"An5xrqA9Kf8c9WBjL93ThR.25","action":"GetUpdates", "result":"DeleteReceived", "context":{"id":"c6e9ed75-13ab-4928-9b18-48ef6dbe0dc5", "isDeleted:":"true", "version":"1689830565342"}}
{"logTime": "0724/051343", "correlationVector":"An5xrqA9Kf8c9WBjL93ThR.26","action":"GetUpdates", "result":"DeleteReceived", "context":{"id":"f3f94ee0-90bb-4cf2-bd35-df2b16040540", "isDeleted:":"true", "version":"1689908181913"}}
{"logTime": "0724/051343", "correlationVector":"An5xrqA9Kf8c9WBjL93ThR.27","action":"GetUpdates", "result":"DeleteReceived", "context":{"id":"d83b7b42-994e-4a3c-a496-5f371090de20", "isDeleted:":"true", "version":"1689908181914"}}
{"logTime": "0724/051343", "correlationVector":"An5xrqA9Kf8c9WBjL93ThR.28","action":"GetUpdates", "result":"DeleteReceived", "context":{"id":"21a134bf-e4ee-46e3-858a-07f63136a22c", "isDeleted:":"true", "version":"1689908885410"}}
{"logTime": "0724/051343", "correlationVector":"An5xrqA9Kf8c9WBjL93ThR.29","action":"GetUpdates", "result":"DeleteReceived", "context":{"id":"be7ccb11-2ceb-417f-8e4d-6d0c6f3ef153", "isDeleted:":"true", "version":"1689914779311"}}
{"logTime": "0724/051343", "correlationVector":"An5xrqA9Kf8c9WBjL93ThR.30","action":"GetUpdates", "result":"DeleteReceived", "context":{"id":"60c61db6-0f65-437f-8111-66f8d5a25bc7", "isDeleted:":"true", "version":"1689937054501"}}
{"logTime": "0724/051343", "correlationVector":"An5xrqA9Kf8c9WBjL93ThR.31","action":"GetUpdates", "result":"DeleteReceived", "context":{"id":"2053db26-49ec-47b3-b809-22beddc3d4d5", "isDeleted:":"true", "version":"1689939593237"}}
{"logTime": "0724/051343", "correlationVector":"An5xrqA9Kf8c9WBjL93ThR.32","action":"GetUpdates", "result":"DeleteReceived", "context":{"id":"d516f283-adf9-45b8-9623-0c78f5cd0ff2", "isDeleted:":"true", "version":"1689940491464"}}
{"logTime": "0724/051343", "correlationVector":"An5xrqA9Kf8c9WBjL93ThR.33","action":"GetUpdates", "result":"DeleteReceived", "context":{"id":"1aef3dc9-1f68-4262-8284-1eb8be023b08", "isDeleted:":"true", "version":"1689948262470"}}
{"logTime": "0724/051343", "correlationVector":"An5xrqA9Kf8c9WBjL93ThR.34","action":"GetUpdates", "result":"DeleteReceived", "context":{"id":"8f365db1-14b4-4cbd-89a1-6365bfcce16a", "isDeleted:":"true", "version":"1690010322113"}}
{"logTime": "0724/051343", "correlationVector":"An5xrqA9Kf8c9WBjL93ThR.35","action":"GetUpdates", "result":"DeleteReceived", "context":{"id":"b2370b2f-d29b-4a67-bd53-8819cded8f94", "isDeleted:":"true", "version":"1690010322115"}}
{"logTime": "0724/051343", "correlationVector":"An5xrqA9Kf8c9WBjL93ThR.36","action":"GetUpdates", "result":"DeleteReceived", "context":{"id":"bd3506fb-2242-47dc-992f-9ff93202648f", "isDeleted:":"true", "version":"1690010736429"}}
{"logTime": "0724/051343", "correlationVector":"An5xrqA9Kf8c9WBjL93ThR.37","action":"GetUpdates", "result":"DeleteReceived", "context":{"id":"c0df03ed-0b10-4854-8011-7a2ca2d8a8dc", "isDeleted:":"true", "version":"1690023691693"}}
{"logTime": "0724/051343", "correlationVector":"An5xrqA9Kf8c9WBjL93ThR.38","action":"GetUpdates", "result":"DeleteReceived", "context":{"id":"7c1984ac-8d86-4be1-9c6e-b4eaac5874a0", "isDeleted:":"true", "version":"1690164755928"}}
{"logTime": "0724/051343", "correlationVector":"An5xrqA9Kf8c9WBjL93ThR.39","action":"GetUpdates", "result":"DeleteReceived", "context":{"id":"bfb27fa1-3600-4a66-9f2b-d0c8c7efbe94", "isDeleted:":"true", "version":"1690164755929"}}
{"logTime": "0724/051343", "correlationVector":"An5xrqA9Kf8c9WBjL93ThR.40","action":"GetUpdates", "result":"DeleteReceived", "context":{"id":"ba95aba6-5ca9-4faa-9489-43155c387de2", "isDeleted:":"true", "version":"1690167049603"}}
{"logTime": "0724/051343", "correlationVector":"An5xrqA9Kf8c9WBjL93ThR.41","action":"GetUpdates Response", "result":"SYNCER_OK", "context":Received 71 update(s). cV=An5xrqA9Kf8c9WBjL93ThR.0;server=GENERAL01000015;cloudType=Consumer;environment=Prod_SoutheastAsia_000j;migrationStage=NotStarted}
{"logTime": "0724/051343", "correlationVector":"zJU425YRvwPQPqdkLxJBaj","action":"Normal GetUpdate request", "result":"", "context":cV=zJU425YRvwPQPqdkLxJBaj
Nudged types: Sessions, Device Info
Refresh requested types: Bookmarks, Preferences, Passwords, Autofill Profiles, Autofill, Autofill Custom Data, Typed URLs, Extensions, Sessions, Extension settings, History Delete Directives, Device Info, User Consents, Send Tab To Self, Web Apps, Collection, Edge E Drop, Encryption Keys}
{"logTime": "0724/051343", "correlationVector":"zJU425YRvwPQPqdkLxJBaj.1","action":"SyncServerConnectionManagerRequest", "result":"SYNC_SERVER_OK", "context":{"environment":"Prod_SoutheastAsia_000j", "migrationStage":"NotStarted", "server":"GENERAL0100000O"}}
{"logTime": "0724/051343", "correlationVector":"zJU425YRvwPQPqdkLxJBaj.2","action":"GetUpdates Response", "result":"SYNCER_OK", "context":Received 0 update(s). cV=zJU425YRvwPQPqdkLxJBaj.0;server=GENERAL0100000O;cloudType=Consumer;environment=Prod_SoutheastAsia_000j;migrationStage=NotStarted}
{"logTime": "0724/051343", "correlationVector":"AfuPPVSDNTiBP0NnsOnX4V","action":"Commit Request", "result":"", "context":Item count: 1
Contributing types: Device Info}
{"logTime": "0724/051343", "correlationVector":"AfuPPVSDNTiBP0NnsOnX4V.1","action":"SyncServerConnectionManagerRequest", "result":"SYNC_SERVER_OK", "context":{"environment":"Prod_SoutheastAsia_000j", "migrationStage":"NotStarted", "server":"GENERAL0100000H"}}
{"logTime": "0724/051343", "correlationVector":"AfuPPVSDNTiBP0NnsOnX4V.2","action":"Commit Response", "result":"SYNCER_OK", "context":Result: SYNCER_OK. cV=AfuPPVSDNTiBP0NnsOnX4V.0;server=GENERAL0100000H;cloudType=Consumer;environment=Prod_SoutheastAsia_000j;migrationStage=NotStarted}
{"logTime": "0724/051343", "correlationVector":"4ugKFijfNrhna+SjHavj9j","action":"Commit Request", "result":"", "context":Item count: 2
Contributing types: Sessions}
{"logTime": "0724/051344", "correlationVector":"4ugKFijfNrhna+SjHavj9j.1","action":"SyncServerConnectionManagerRequest", "result":"SYNC_SERVER_OK", "context":{"environment":"Prod_SoutheastAsia_000j", "migrationStage":"NotStarted", "server":"GENERAL0100000B"}}
{"logTime": "0724/051344", "correlationVector":"4ugKFijfNrhna+SjHavj9j.2","action":"Commit Response", "result":"SYNCER_OK", "context":Result: SYNCER_OK. cV=4ugKFijfNrhna+SjHavj9j.0;server=GENERAL0100000B;cloudType=Consumer;environment=Prod_SoutheastAsia_000j;migrationStage=NotStarted}
{"logTime": "0724/052031", "correlationVector":"Xiwcivl9DQmsl1NyyusI7X.0","action":"FeedSettingFetch_homeCloud", "result":"0", "context":{}}
{"logTime": "0724/052031", "correlationVector":"MCxelONCEYm6Bxk+fbBZhF.1","action":"SyncServerConnectionManagerRequest", "result":"SYNC_SERVER_OK", "context":{"environment":"Prod_SoutheastAsia_000j", "migrationStage":"NotStarted", "server":"GENERAL0100000E"}}
{"logTime": "0724/052031", "correlationVector":"MCxelONCEYm6Bxk+fbBZhF","action":"Initial GetUpdates", "result":"", "context":Reason: NEW_CLIENT. cV=MCxelONCEYm6Bxk+fbBZhF}
{"logTime": "0724/052031", "correlationVector":"MCxelONCEYm6Bxk+fbBZhF.2","action":"GetUpdates Response", "result":"SYNCER_OK", "context":Received 1 update(s). cV=MCxelONCEYm6Bxk+fbBZhF.0;server=GENERAL0100000E;cloudType=Consumer;environment=Prod_SoutheastAsia_000j;migrationStage=NotStarted}
{"logTime": "0724/052031", "correlationVector":"U+15tWPn7h5f7qgypUkk5W","action":"SyncServerConnectionManagerRequest", "result":"SYNC_SERVER_OK", "context":{"environment":"", "migrationStage":"", "server":""}}
{"logTime": "0724/052031", "correlationVector":"7Az2ZiofEhG7KfPVSjmq+i","action":"Initial GetUpdates", "result":"", "context":Reason: NEWLY_SUPPORTED_DATATYPE. cV=7Az2ZiofEhG7KfPVSjmq+i}
{"logTime": "0724/052031", "correlationVector":"7Az2ZiofEhG7KfPVSjmq+i.1","action":"SyncServerConnectionManagerRequest", "result":"SYNC_SERVER_OK", "context":{"environment":"Prod_SoutheastAsia_000j", "migrationStage":"NotStarted", "server":"GENERAL0100000X"}}
{"logTime": "0724/052031", "correlationVector":"7Az2ZiofEhG7KfPVSjmq+i.2","action":"GetUpdates Response", "result":"SYNCER_OK", "context":Received 71 update(s). cV=7Az2ZiofEhG7KfPVSjmq+i.0;server=GENERAL0100000X;cloudType=Consumer;environment=Prod_SoutheastAsia_000j;migrationStage=NotStarted}
{"logTime": "0724/052031", "correlationVector":"HXUtwSA1R/9uYbDMleHhjh","action":"Normal GetUpdate request", "result":"", "context":cV=HXUtwSA1R/9uYbDMleHhjh
Nudged types: Sessions, User Consents
Refresh requested types: Bookmarks, Preferences, Passwords, Autofill Profiles, Autofill, Autofill Custom Data, Typed URLs, Extensions, Sessions, Extension settings, History Delete Directives, Device Info, User Consents, Send Tab To Self, Web Apps, Collection, Edge E Drop, Encryption Keys}
{"logTime": "0724/052031", "correlationVector":"HXUtwSA1R/9uYbDMleHhjh.1","action":"SyncServerConnectionManagerRequest", "result":"SYNC_SERVER_OK", "context":{"environment":"Prod_SoutheastAsia_000j", "migrationStage":"NotStarted", "server":"GENERAL0100000T"}}
{"logTime": "0724/052031", "correlationVector":"HXUtwSA1R/9uYbDMleHhjh.2","action":"GetUpdates", "result":"DeleteReceived", "context":{"id":"c75d59f7-fb4b-4aba-b97e-d852e830861b", "isDeleted:":"true", "version":"1690175861066"}}
{"logTime": "0724/052031", "correlationVector":"HXUtwSA1R/9uYbDMleHhjh.3","action":"GetUpdates Response", "result":"SYNCER_OK", "context":Received 5 update(s). cV=HXUtwSA1R/9uYbDMleHhjh.0;server=GENERAL0100000T;cloudType=Consumer;environment=Prod_SoutheastAsia_000j;migrationStage=NotStarted}
{"logTime": "0724/052031", "correlationVector":"xxndwe91+TCQfAi6dFZZyN","action":"Commit Request", "result":"", "context":Item count: 2
Contributing types: Sessions, User Consents}
{"logTime": "0724/052031", "correlationVector":"xxndwe91+TCQfAi6dFZZyN.1","action":"SyncServerConnectionManagerRequest", "result":"SYNC_SERVER_OK", "context":{"environment":"Prod_SoutheastAsia_000j", "migrationStage":"NotStarted", "server":"GENERAL01000017"}}
{"logTime": "0724/052031", "correlationVector":"xxndwe91+TCQfAi6dFZZyN.2","action":"Commit Response", "result":"SYNCER_OK", "context":Result: SYNCER_OK. cV=xxndwe91+TCQfAi6dFZZyN.0;server=GENERAL01000017;cloudType=Consumer;environment=Prod_SoutheastAsia_000j;migrationStage=NotStarted}
{"logTime": "0724/052033", "correlationVector":"HwCpZt3tbS0Mh2G1g5KJ9s","action":"Normal GetUpdate request", "result":"", "context":cV=HwCpZt3tbS0Mh2G1g5KJ9s
Nudged types: Preferences, Sessions}
{"logTime": "0724/052034", "correlationVector":"HwCpZt3tbS0Mh2G1g5KJ9s.1","action":"SyncServerConnectionManagerRequest", "result":"SYNC_SERVER_OK", "context":{"environment":"Prod_SoutheastAsia_000j", "migrationStage":"NotStarted", "server":"GENERAL0100000X"}}
{"logTime": "0724/052034", "correlationVector":"HwCpZt3tbS0Mh2G1g5KJ9s.2","action":"GetUpdates Response", "result":"SYNCER_OK", "context":Received 1 update(s). cV=HwCpZt3tbS0Mh2G1g5KJ9s.0;server=GENERAL0100000X;cloudType=Consumer;environment=Prod_SoutheastAsia_000j;migrationStage=NotStarted}
{"logTime": "0724/052034", "correlationVector":"5HUYKumajzzNOn9yTDYMry","action":"Commit Request", "result":"", "context":Item count: 4
Contributing types: Preferences, Sessions}
{"logTime": "0724/052035", "correlationVector":"5HUYKumajzzNOn9yTDYMry.1","action":"SyncServerConnectionManagerRequest", "result":"SYNC_SERVER_OK", "context":{"environment":"Prod_SoutheastAsia_000j", "migrationStage":"NotStarted", "server":"GENERAL01000010"}}
{"logTime": "0724/052035", "correlationVector":"5HUYKumajzzNOn9yTDYMry.3","action":"Commit.Sessions", "result":"Success", "context":{"id":"934ed5a8-a008-475c-9c0f-e7cdcff6f94a", "isDeleted":"true", "size":"0", "version":"1690176029710"}}
{"logTime": "0724/052035", "correlationVector":"5HUYKumajzzNOn9yTDYMry.2","action":"Commit Response", "result":"SYNCER_OK", "context":Result: SYNCER_OK. cV=5HUYKumajzzNOn9yTDYMry.0;server=GENERAL01000010;cloudType=Consumer;environment=Prod_SoutheastAsia_000j;migrationStage=NotStarted}
{"logTime": "0724/053344", "correlationVector":"hAVzUa6SNuFAIFTu5EXcFk.0","action":"FeedSettingFetch_homeCloud", "result":"0", "context":{}}
{"logTime": "0724/053344", "correlationVector":"JjRAnGr8w5Wfef8ql1LQiP.1","action":"SyncServerConnectionManagerRequest", "result":"SYNC_SERVER_OK", "context":{"environment":"Prod_SoutheastAsia_000j", "migrationStage":"NotStarted", "server":"general01000011"}}
{"logTime": "0724/053344", "correlationVector":"JjRAnGr8w5Wfef8ql1LQiP","action":"Initial GetUpdates", "result":"", "context":Reason: NEW_CLIENT. cV=JjRAnGr8w5Wfef8ql1LQiP}
{"logTime": "0724/053344", "correlationVector":"JjRAnGr8w5Wfef8ql1LQiP.2","action":"GetUpdates Response", "result":"SYNCER_OK", "context":Received 1 update(s). cV=JjRAnGr8w5Wfef8ql1LQiP.0;server=general01000011;cloudType=Consumer;environment=Prod_SoutheastAsia_000j;migrationStage=NotStarted}
{"logTime": "0724/053344", "correlationVector":"47hdkR8t52+Sc9NwEue5au","action":"Initial GetUpdates", "result":"", "context":Reason: NEWLY_SUPPORTED_DATATYPE. cV=47hdkR8t52+Sc9NwEue5au}
{"logTime": "0724/053344", "correlationVector":"47hdkR8t52+Sc9NwEue5au.1","action":"SyncServerConnectionManagerRequest", "result":"SYNC_SERVER_OK", "context":{"environment":"Prod_SoutheastAsia_000j", "migrationStage":"NotStarted", "server":"GENERAL0100001J"}}
{"logTime": "0724/053344", "correlationVector":"47hdkR8t52+Sc9NwEue5au.2","action":"GetUpdates Response", "result":"SYNCER_OK", "context":Received 14 update(s). cV=47hdkR8t52+Sc9NwEue5au.0;server=GENERAL0100001J;cloudType=Consumer;environment=Prod_SoutheastAsia_000j;migrationStage=NotStarted}
{"logTime": "0724/053344", "correlationVector":"GemuJOM3Tx9Y4vYVmoGP4p","action":"Normal GetUpdate request", "result":"", "context":cV=GemuJOM3Tx9Y4vYVmoGP4p
Nudged types: Sessions, User Consents
Refresh requested types: Bookmarks, Preferences, Passwords, Autofill Profiles, Autofill, Autofill Custom Data, Typed URLs, Extensions, Sessions, Extension settings, History Delete Directives, Device Info, User Consents, Send Tab To Self, Web Apps, Collection, Edge E Drop, Encryption Keys}
{"logTime": "0724/053344", "correlationVector":"GemuJOM3Tx9Y4vYVmoGP4p.1","action":"SyncServerConnectionManagerRequest", "result":"SYNC_SERVER_OK", "context":{"environment":"Prod_SoutheastAsia_000j", "migrationStage":"NotStarted", "server":"GENERAL01000016"}}
{"logTime": "0724/053344", "correlationVector":"GemuJOM3Tx9Y4vYVmoGP4p.2","action":"GetUpdates", "result":"DeleteReceived", "context":{"id":"934ed5a8-a008-475c-9c0f-e7cdcff6f94a", "isDeleted:":"true", "version":"1690176036912"}}
{"logTime": "0724/053344", "correlationVector":"GemuJOM3Tx9Y4vYVmoGP4p.3","action":"GetUpdates Response", "result":"SYNCER_OK", "context":Received 4 update(s). cV=GemuJOM3Tx9Y4vYVmoGP4p.0;server=GENERAL01000016;cloudType=Consumer;environment=Prod_SoutheastAsia_000j;migrationStage=NotStarted}
{"logTime": "0724/053344", "correlationVector":"BksZy5HhwRNckcAENEwawZ","action":"Commit Request", "result":"", "context":Item count: 3
Contributing types: Sessions, User Consents}
{"logTime": "0724/053344", "correlationVector":"BksZy5HhwRNckcAENEwawZ.1","action":"SyncServerConnectionManagerRequest", "result":"SYNC_SERVER_OK", "context":{"environment":"Prod_SoutheastAsia_000j", "migrationStage":"NotStarted", "server":"GENERAL01000017"}}
{"logTime": "0724/053344", "correlationVector":"BksZy5HhwRNckcAENEwawZ.2","action":"Commit Response", "result":"SYNCER_OK", "context":Result: SYNCER_OK. cV=BksZy5HhwRNckcAENEwawZ.0;server=GENERAL01000017;cloudType=Consumer;environment=Prod_SoutheastAsia_000j;migrationStage=NotStarted}
{"logTime": "0724/053347", "correlationVector":"Ri/b3CQLsLGj9VDWGuMNbJ","action":"SyncServerConnectionManagerRequest", "result":"SYNC_SERVER_OK", "context":{"environment":"", "migrationStage":"", "server":""}}
{"logTime": "0724/053347", "correlationVector":"k56jAxbpDVBBjHXwbeReU6","action":"Normal GetUpdate request", "result":"", "context":cV=k56jAxbpDVBBjHXwbeReU6
Nudged types: Preferences, Sessions}
{"logTime": "0724/053347", "correlationVector":"k56jAxbpDVBBjHXwbeReU6.1","action":"SyncServerConnectionManagerRequest", "result":"SYNC_SERVER_OK", "context":{"environment":"Prod_SoutheastAsia_000j", "migrationStage":"NotStarted", "server":"GENERAL0100000Z"}}
{"logTime": "0724/053347", "correlationVector":"k56jAxbpDVBBjHXwbeReU6.2","action":"GetUpdates Response", "result":"SYNCER_OK", "context":Received 2 update(s). cV=k56jAxbpDVBBjHXwbeReU6.0;server=GENERAL0100000Z;cloudType=Consumer;environment=Prod_SoutheastAsia_000j;migrationStage=NotStarted}
{"logTime": "0724/053347", "correlationVector":"32XEPi9yYvcsnRVZs477/u","action":"Commit Request", "result":"", "context":Item count: 2
Contributing types: Preferences, Sessions}
{"logTime": "0724/053348", "correlationVector":"32XEPi9yYvcsnRVZs477/u.1","action":"SyncServerConnectionManagerRequest", "result":"SYNC_SERVER_OK", "context":{"environment":"Prod_SoutheastAsia_000j", "migrationStage":"NotStarted", "server":"GENERAL0100000L"}}
{"logTime": "0724/053348", "correlationVector":"32XEPi9yYvcsnRVZs477/u.2","action":"Commit Response", "result":"SYNCER_OK", "context":Result: SYNCER_OK. cV=32XEPi9yYvcsnRVZs477/u.0;server=GENERAL0100000L;cloudType=Consumer;environment=Prod_SoutheastAsia_000j;migrationStage=NotStarted}
{"logTime": "0724/053348", "correlationVector":"sqMO28Fyo8vwiKp+BN8h34","action":"Normal GetUpdate request", "result":"", "context":cV=sqMO28Fyo8vwiKp+BN8h34
Nudged types: Preferences, Sessions
Refresh requested types: Bookmarks, Preferences, Passwords, Autofill Profiles, Autofill, Autofill Custom Data, Typed URLs, Extensions, Sessions, Extension settings, History Delete Directives, Device Info, User Consents, Send Tab To Self, Web Apps, Collection, Edge E Drop, Encryption Keys}
{"logTime": "0724/053348", "correlationVector":"sqMO28Fyo8vwiKp+BN8h34.1","action":"SyncServerConnectionManagerRequest", "result":"SYNC_SERVER_OK", "context":{"environment":"Prod_SoutheastAsia_000j", "migrationStage":"NotStarted", "server":"GENERAL0100000S"}}
{"logTime": "0724/053348", "correlationVector":"sqMO28Fyo8vwiKp+BN8h34.2","action":"GetUpdates Response", "result":"SYNCER_OK", "context":Received 2 update(s). cV=sqMO28Fyo8vwiKp+BN8h34.0;server=GENERAL0100000S;cloudType=Consumer;environment=Prod_SoutheastAsia_000j;migrationStage=NotStarted}
{"logTime": "0724/060320", "correlationVector":"NPQRL0L1l1lNZfUdwuIF7m","action":"Commit Request", "result":"", "context":Item count: 1
Contributing types: Sessions}
{"logTime": "0724/060321", "correlationVector":"NPQRL0L1l1lNZfUdwuIF7m.1","action":"SyncServerConnectionManagerRequest", "result":"SYNC_SERVER_OK", "context":{"environment":"Prod_SoutheastAsia_000j", "migrationStage":"NotStarted", "server":"GENERAL0100000J"}}
{"logTime": "0724/060321", "correlationVector":"NPQRL0L1l1lNZfUdwuIF7m.2","action":"Commit Response", "result":"SYNCER_OK", "context":Result: SYNCER_OK. cV=NPQRL0L1l1lNZfUdwuIF7m.0;server=GENERAL0100000J;cloudType=Consumer;environment=Prod_SoutheastAsia_000j;migrationStage=NotStarted}
{"logTime": "0724/065200", "correlationVector":"eqbuh7gVj6ATbRske8xEgn.0","action":"FeedSettingFetch_homeCloud", "result":"0", "context":{}}
{"logTime": "0724/065200", "correlationVector":"WzUT5DSVuPU0Lb0P1Fwduf.1","action":"SyncServerConnectionManagerRequest", "result":"SYNC_SERVER_OK", "context":{"environment":"Prod_EastAsia_000d", "migrationStage":"NotStarted", "server":"general0100001H"}}
{"logTime": "0724/065200", "correlationVector":"WzUT5DSVuPU0Lb0P1Fwduf","action":"Initial GetUpdates", "result":"", "context":Reason: NEW_CLIENT. cV=WzUT5DSVuPU0Lb0P1Fwduf}
{"logTime": "0724/065200", "correlationVector":"WzUT5DSVuPU0Lb0P1Fwduf.2","action":"GetUpdates Response", "result":"SYNCER_OK", "context":Received 1 update(s). cV=WzUT5DSVuPU0Lb0P1Fwduf.0;server=general0100001H;cloudType=Consumer;environment=Prod_EastAsia_000d;migrationStage=NotStarted}
{"logTime": "0724/065200", "correlationVector":"SBQk3HpRr0/NqXhIj2kEg0","action":"Initial GetUpdates", "result":"", "context":Reason: NEWLY_SUPPORTED_DATATYPE. cV=SBQk3HpRr0/NqXhIj2kEg0}
{"logTime": "0724/065200", "correlationVector":"SBQk3HpRr0/NqXhIj2kEg0.1","action":"SyncServerConnectionManagerRequest", "result":"SYNC_SERVER_OK", "context":{"environment":"Prod_EastAsia_000d", "migrationStage":"NotStarted", "server":"general0100001V"}}
{"logTime": "0724/065200", "correlationVector":"SBQk3HpRr0/NqXhIj2kEg0.2","action":"GetUpdates Response", "result":"SYNCER_OK", "context":Received 15 update(s). cV=SBQk3HpRr0/NqXhIj2kEg0.0;server=general0100001V;cloudType=Consumer;environment=Prod_EastAsia_000d;migrationStage=NotStarted}
{"logTime": "0724/065200", "correlationVector":"706qcy3mmLaxOddKKiY9t6","action":"SyncServerConnectionManagerRequest", "result":"SYNC_SERVER_OK", "context":{"environment":"", "migrationStage":"", "server":""}}
{"logTime": "0724/065200", "correlationVector":"POMb2Nu7lj/kHPsi/+cGep","action":"Normal GetUpdate request", "result":"", "context":cV=POMb2Nu7lj/kHPsi/+cGep
Nudged types: Sessions, User Consents
Refresh requested types: Bookmarks, Preferences, Passwords, Autofill Profiles, Autofill, Autofill Custom Data, Typed URLs, Extensions, Sessions, Extension settings, History Delete Directives, Device Info, User Consents, Send Tab To Self, Web Apps, Collection, Edge E Drop, Encryption Keys}
{"logTime": "0724/065200", "correlationVector":"POMb2Nu7lj/kHPsi/+cGep.1","action":"SyncServerConnectionManagerRequest", "result":"SYNC_SERVER_OK", "context":{"environment":"Prod_EastAsia_000d", "migrationStage":"NotStarted", "server":"general01000000"}}
{"logTime": "0724/065200", "correlationVector":"POMb2Nu7lj/kHPsi/+cGep.2","action":"GetUpdates", "result":"DeleteReceived", "context":{"id":"8f3433c0-c332-4aae-a751-3cc1a6aeabde", "isDeleted:":"true", "version":"1690178721504"}}
{"logTime": "0724/065200", "correlationVector":"POMb2Nu7lj/kHPsi/+cGep.3","action":"GetUpdates Response", "result":"SYNCER_OK", "context":Received 8 update(s). cV=POMb2Nu7lj/kHPsi/+cGep.0;server=general01000000;cloudType=Consumer;environment=Prod_EastAsia_000d;migrationStage=NotStarted}
{"logTime": "0724/065200", "correlationVector":"Dv8YmVLTjgv80E8FWPX1PX","action":"Commit Request", "result":"", "context":Item count: 1
Contributing types: User Consents}
{"logTime": "0724/065200", "correlationVector":"Dv8YmVLTjgv80E8FWPX1PX.1","action":"SyncServerConnectionManagerRequest", "result":"SYNC_SERVER_OK", "context":{"environment":"Prod_EastAsia_000d", "migrationStage":"NotStarted", "server":"general0100001O"}}
{"logTime": "0724/065200", "correlationVector":"Dv8YmVLTjgv80E8FWPX1PX.2","action":"Commit Response", "result":"SYNCER_OK", "context":Result: SYNCER_OK. cV=Dv8YmVLTjgv80E8FWPX1PX.0;server=general0100001O;cloudType=Consumer;environment=Prod_EastAsia_000d;migrationStage=NotStarted}
{"logTime": "0724/065200", "correlationVector":"EwMHvy8+Zt/uSlRnFRwzR/","action":"Normal GetUpdate request", "result":"", "context":cV=EwMHvy8+Zt/uSlRnFRwzR/
Refresh requested types: Bookmarks, Preferences, Passwords, Autofill Profiles, Autofill, Autofill Custom Data, Typed URLs, Extensions, Sessions, Extension settings, History Delete Directives, Device Info, User Consents, Send Tab To Self, Web Apps, Collection, Edge E Drop, Encryption Keys}
{"logTime": "0724/065200", "correlationVector":"EwMHvy8+Zt/uSlRnFRwzR/.1","action":"SyncServerConnectionManagerRequest", "result":"SYNC_SERVER_OK", "context":{"environment":"Prod_EastAsia_000d", "migrationStage":"NotStarted", "server":"general01000020"}}
{"logTime": "0724/065200", "correlationVector":"EwMHvy8+Zt/uSlRnFRwzR/.2","action":"GetUpdates Response", "result":"SYNCER_OK", "context":Received 0 update(s). cV=EwMHvy8+Zt/uSlRnFRwzR/.0;server=general01000020;cloudType=Consumer;environment=Prod_EastAsia_000d;migrationStage=NotStarted}
{"logTime": "0724/065202", "correlationVector":"WlmiZ3Ee2xsiZcAQCUOBbd","action":"Normal GetUpdate request", "result":"", "context":cV=WlmiZ3Ee2xsiZcAQCUOBbd
Nudged types: Preferences, Sessions}
{"logTime": "0724/065203", "correlationVector":"WlmiZ3Ee2xsiZcAQCUOBbd.1","action":"SyncServerConnectionManagerRequest", "result":"SYNC_SERVER_OK", "context":{"environment":"Prod_EastAsia_000d", "migrationStage":"NotStarted", "server":"general0100001S"}}
{"logTime": "0724/065203", "correlationVector":"WlmiZ3Ee2xsiZcAQCUOBbd.2","action":"GetUpdates Response", "result":"SYNCER_OK", "context":Received 0 update(s). cV=WlmiZ3Ee2xsiZcAQCUOBbd.0;server=general0100001S;cloudType=Consumer;environment=Prod_EastAsia_000d;migrationStage=NotStarted}
{"logTime": "0724/065203", "correlationVector":"Vobhn93jtbZhTcEX5dHoRi","action":"Commit Request", "result":"", "context":Item count: 3
Contributing types: Preferences, Sessions}
{"logTime": "0724/065203", "correlationVector":"Vobhn93jtbZhTcEX5dHoRi.1","action":"SyncServerConnectionManagerRequest", "result":"SYNC_SERVER_OK", "context":{"environment":"Prod_EastAsia_000d", "migrationStage":"NotStarted", "server":"general01000005"}}
{"logTime": "0724/065203", "correlationVector":"Vobhn93jtbZhTcEX5dHoRi.2","action":"Commit Response", "result":"SYNCER_OK", "context":Result: SYNCER_OK. cV=Vobhn93jtbZhTcEX5dHoRi.0;server=general01000005;cloudType=Consumer;environment=Prod_EastAsia_000d;migrationStage=NotStarted}
{"logTime": "0724/070605", "correlationVector":"FV1CBiyaoIRalX/i8l89l/","action":"Commit Request", "result":"", "context":Item count: 1
Contributing types: Sessions}
{"logTime": "0724/070606", "correlationVector":"FV1CBiyaoIRalX/i8l89l/.1","action":"SyncServerConnectionManagerRequest", "result":"SYNC_SERVER_OK", "context":{"environment":"Prod_SoutheastAsia_000j", "migrationStage":"NotStarted", "server":"GENERAL0100000Q"}}
{"logTime": "0724/070606", "correlationVector":"FV1CBiyaoIRalX/i8l89l/.3","action":"Commit.Sessions", "result":"Conflict", "context":{"id":"35bede48-bc1d-48a3-85d0-cf07e016dd73", "isDeleted":"false", "size":"470", "version":"1690181526147"}}
{"logTime": "0724/070606", "correlationVector":"FV1CBiyaoIRalX/i8l89l/.2","action":"Commit Response", "result":"SYNCER_OK", "context":Result: SYNCER_OK. cV=FV1CBiyaoIRalX/i8l89l/.0;server=GENERAL0100000Q;cloudType=Consumer;environment=Prod_SoutheastAsia_000j;migrationStage=NotStarted}
{"logTime": "0724/070607", "correlationVector":"S9kyjk+kl+UHhxb0UHH/Ec","action":"Normal GetUpdate request", "result":"", "context":cV=S9kyjk+kl+UHhxb0UHH/Ec
Nudged types: Sessions}
{"logTime": "0724/070607", "correlationVector":"S9kyjk+kl+UHhxb0UHH/Ec.1","action":"SyncServerConnectionManagerRequest", "result":"SYNC_SERVER_OK", "context":{"environment":"Prod_SoutheastAsia_000j", "migrationStage":"NotStarted", "server":"GENERAL01000003"}}
{"logTime": "0724/070607", "correlationVector":"S9kyjk+kl+UHhxb0UHH/Ec.2","action":"GetUpdates", "result":"DeleteReceived", "context":{"id":"d28f5f9e-3f2d-4646-97a0-7fc92145fb09", "isDeleted:":"true", "version":"1690181787868"}}
{"logTime": "0724/070607", "correlationVector":"S9kyjk+kl+UHhxb0UHH/Ec.3","action":"GetUpdates Response", "result":"SYNCER_OK", "context":Received 7 update(s). cV=S9kyjk+kl+UHhxb0UHH/Ec.0;server=GENERAL01000003;cloudType=Consumer;environment=Prod_SoutheastAsia_000j;migrationStage=NotStarted}
{"logTime": "0725/104327", "correlationVector":"08ncjhJhwZS/bwKdmHPHeL.0","action":"FeedSettingFetch_homeCloud", "result":"0", "context":{}}
{"logTime": "0725/104327", "correlationVector":"08ncjhJhwZS/bwKdmHPHeL.0","action":"SyncServerConnectionManagerRequest", "result":"SYNC_SERVER_OK", "context":{"environment":"", "migrationStage":"", "server":""}}
{"logTime": "0725/104327", "correlationVector":"+Qu8OyJMGSrOSSlblpjkg4.1","action":"SyncServerConnectionManagerRequest", "result":"SYNC_SERVER_OK", "context":{"environment":"Prod_EastAsia_000d", "migrationStage":"NotStarted", "server":"general0100000J"}}
{"logTime": "0725/104327", "correlationVector":"+Qu8OyJMGSrOSSlblpjkg4","action":"Initial GetUpdates", "result":"", "context":Reason: NEW_CLIENT. cV=+Qu8OyJMGSrOSSlblpjkg4}
{"logTime": "0725/104327", "correlationVector":"+Qu8OyJMGSrOSSlblpjkg4.2","action":"GetUpdates Response", "result":"SYNCER_OK", "context":Received 1 update(s). cV=+Qu8OyJMGSrOSSlblpjkg4.0;server=general0100000J;cloudType=Consumer;environment=Prod_EastAsia_000d;migrationStage=NotStarted}
{"logTime": "0725/104327", "correlationVector":"ziL8SmL2bqNKvdDfxQ77Z3","action":"Initial GetUpdates", "result":"", "context":Reason: NEWLY_SUPPORTED_DATATYPE. cV=ziL8SmL2bqNKvdDfxQ77Z3}
{"logTime": "0725/104327", "correlationVector":"ziL8SmL2bqNKvdDfxQ77Z3.1","action":"SyncServerConnectionManagerRequest", "result":"SYNC_SERVER_OK", "context":{"environment":"Prod_EastAsia_000d", "migrationStage":"NotStarted", "server":"general0100001G"}}
{"logTime": "0725/104327", "correlationVector":"ziL8SmL2bqNKvdDfxQ77Z3.2","action":"GetUpdates Response", "result":"SYNCER_OK", "context":Received 16 update(s). cV=ziL8SmL2bqNKvdDfxQ77Z3.0;server=general0100001G;cloudType=Consumer;environment=Prod_EastAsia_000d;migrationStage=NotStarted}
{"logTime": "0725/104327", "correlationVector":"3B889ASnHICTsURGcKE2SM","action":"Normal GetUpdate request", "result":"", "context":cV=3B889ASnHICTsURGcKE2SM
Nudged types: Sessions, Device Info, User Consents
Refresh requested types: Bookmarks, Preferences, Passwords, Autofill Profiles, Autofill, Autofill Custom Data, Typed URLs, Extensions, Sessions, Extension settings, History Delete Directives, Device Info, User Consents, Send Tab To Self, Web Apps, Collection, Edge E Drop, Encryption Keys}
{"logTime": "0725/104327", "correlationVector":"3B889ASnHICTsURGcKE2SM.1","action":"SyncServerConnectionManagerRequest", "result":"SYNC_SERVER_OK", "context":{"environment":"Prod_EastAsia_000d", "migrationStage":"NotStarted", "server":"general0100001U"}}
{"logTime": "0725/104327", "correlationVector":"3B889ASnHICTsURGcKE2SM.2","action":"GetUpdates", "result":"DeleteReceived", "context":{"id":"35bede48-bc1d-48a3-85d0-cf07e016dd73", "isDeleted:":"true", "version":"1690183690680"}}
{"logTime": "0725/104327", "correlationVector":"3B889ASnHICTsURGcKE2SM.3","action":"GetUpdates Response", "result":"SYNCER_OK", "context":Received 4 update(s). cV=3B889ASnHICTsURGcKE2SM.0;server=general0100001U;cloudType=Consumer;environment=Prod_EastAsia_000d;migrationStage=NotStarted}
{"logTime": "0725/104327", "correlationVector":"nVzE4ng/RXG+CKjI8f0KqZ","action":"Commit Request", "result":"", "context":Item count: 1
Contributing types: Device Info}
{"logTime": "0725/104327", "correlationVector":"nVzE4ng/RXG+CKjI8f0KqZ.1","action":"SyncServerConnectionManagerRequest", "result":"SYNC_SERVER_OK", "context":{"environment":"Prod_EastAsia_000d", "migrationStage":"NotStarted", "server":"general0100000U"}}
{"logTime": "0725/104327", "correlationVector":"nVzE4ng/RXG+CKjI8f0KqZ.2","action":"Commit Response", "result":"SYNCER_OK", "context":Result: SYNCER_OK. cV=nVzE4ng/RXG+CKjI8f0KqZ.0;server=general0100000U;cloudType=Consumer;environment=Prod_EastAsia_000d;migrationStage=NotStarted}
{"logTime": "0725/104327", "correlationVector":"xEVIheHljVGTS7efDz3LoJ","action":"Commit Request", "result":"", "context":Item count: 1
Contributing types: User Consents}
{"logTime": "0725/104327", "correlationVector":"xEVIheHljVGTS7efDz3LoJ.1","action":"SyncServerConnectionManagerRequest", "result":"SYNC_SERVER_OK", "context":{"environment":"Prod_EastAsia_000d", "migrationStage":"NotStarted", "server":"general0100001H"}}
{"logTime": "0725/104327", "correlationVector":"xEVIheHljVGTS7efDz3LoJ.2","action":"Commit Response", "result":"SYNCER_OK", "context":Result: SYNCER_OK. cV=xEVIheHljVGTS7efDz3LoJ.0;server=general0100001H;cloudType=Consumer;environment=Prod_EastAsia_000d;migrationStage=NotStarted}
{"logTime": "0725/104327", "correlationVector":"3/wJ7pwnA3styHhoJ8hiJA","action":"Poll GetUpdate request", "result":"", "context":cV=3/wJ7pwnA3styHhoJ8hiJA}
{"logTime": "0725/104327", "correlationVector":"3/wJ7pwnA3styHhoJ8hiJA.1","action":"SyncServerConnectionManagerRequest", "result":"SYNC_SERVER_OK", "context":{"environment":"Prod_EastAsia_000d", "migrationStage":"NotStarted", "server":"general0100001O"}}
{"logTime": "0725/104327", "correlationVector":"3/wJ7pwnA3styHhoJ8hiJA.2","action":"GetUpdates Response", "result":"SYNCER_OK", "context":Received 1 update(s). cV=3/wJ7pwnA3styHhoJ8hiJA.0;server=general0100001O;cloudType=Consumer;environment=Prod_EastAsia_000d;migrationStage=NotStarted}
{"logTime": "0725/104327", "correlationVector":"sUXMPmdsO52PFhG2HEKGgv","action":"Normal GetUpdate request", "result":"", "context":cV=sUXMPmdsO52PFhG2HEKGgv
Nudged types: Device Info}
{"logTime": "0725/104327", "correlationVector":"sUXMPmdsO52PFhG2HEKGgv.1","action":"SyncServerConnectionManagerRequest", "result":"SYNC_SERVER_OK", "context":{"environment":"Prod_EastAsia_000d", "migrationStage":"NotStarted", "server":"general0100000W"}}
{"logTime": "0725/104327", "correlationVector":"sUXMPmdsO52PFhG2HEKGgv.2","action":"GetUpdates Response", "result":"SYNCER_OK", "context":Received 0 update(s). cV=sUXMPmdsO52PFhG2HEKGgv.0;server=general0100000W;cloudType=Consumer;environment=Prod_EastAsia_000d;migrationStage=NotStarted}
{"logTime": "0725/104329", "correlationVector":"ECwCk8ku1c/tL2KWm2Ruh/","action":"Normal GetUpdate request", "result":"", "context":cV=ECwCk8ku1c/tL2KWm2Ruh/
Nudged types: Preferences, Sessions}
{"logTime": "0725/104330", "correlationVector":"ECwCk8ku1c/tL2KWm2Ruh/.1","action":"SyncServerConnectionManagerRequest", "result":"SYNC_SERVER_OK", "context":{"environment":"Prod_EastAsia_000d", "migrationStage":"NotStarted", "server":"general01000029"}}
{"logTime": "0725/104330", "correlationVector":"ECwCk8ku1c/tL2KWm2Ruh/.2","action":"GetUpdates Response", "result":"SYNCER_OK", "context":Received 0 update(s). cV=ECwCk8ku1c/tL2KWm2Ruh/.0;server=general01000029;cloudType=Consumer;environment=Prod_EastAsia_000d;migrationStage=NotStarted}
{"logTime": "0725/104330", "correlationVector":"6wdCERJZsYuqk5NORpLvgo","action":"Commit Request", "result":"", "context":Item count: 3
Contributing types: Preferences, Sessions}
{"logTime": "0725/104330", "correlationVector":"6wdCERJZsYuqk5NORpLvgo.1","action":"SyncServerConnectionManagerRequest", "result":"SYNC_SERVER_OK", "context":{"environment":"Prod_EastAsia_000d", "migrationStage":"NotStarted", "server":"general0100000U"}}
{"logTime": "0725/104330", "correlationVector":"6wdCERJZsYuqk5NORpLvgo.2","action":"Commit Response", "result":"SYNCER_OK", "context":Result: SYNCER_OK. cV=6wdCERJZsYuqk5NORpLvgo.0;server=general0100000U;cloudType=Consumer;environment=Prod_EastAsia_000d;migrationStage=NotStarted}
{"logTime": "0725/104400", "correlationVector":"pUTuoZHUXtgqzP4yTymEGA","action":"Commit Request", "result":"", "context":Item count: 1
Contributing types: Passwords}
{"logTime": "0725/104401", "correlationVector":"pUTuoZHUXtgqzP4yTymEGA.1","action":"SyncServerConnectionManagerRequest", "result":"SYNC_SERVER_OK", "context":{"environment":"Prod_EastAsia_000d", "migrationStage":"NotStarted", "server":"general01000020"}}
{"logTime": "0725/104401", "correlationVector":"pUTuoZHUXtgqzP4yTymEGA.2","action":"Commit Response", "result":"SYNCER_OK", "context":Result: SYNCER_OK. cV=pUTuoZHUXtgqzP4yTymEGA.0;server=general01000020;cloudType=Consumer;environment=Prod_EastAsia_000d;migrationStage=NotStarted}
{"logTime": "0725/112907", "correlationVector":"t6LPINw7Ah57O8dKg6OrTA","action":"Commit Request", "result":"", "context":Item count: 1
Contributing types: Sessions}
{"logTime": "0725/112908", "correlationVector":"t6LPINw7Ah57O8dKg6OrTA.1","action":"SyncServerConnectionManagerRequest", "result":"SYNC_SERVER_OK", "context":{"environment":"Prod_SoutheastAsia_000j", "migrationStage":"NotStarted", "server":"GENERAL0100001K"}}
{"logTime": "0725/112908", "correlationVector":"t6LPINw7Ah57O8dKg6OrTA.2","action":"Commit Response", "result":"SYNCER_OK", "context":Result: SYNCER_OK. cV=t6LPINw7Ah57O8dKg6OrTA.0;server=GENERAL0100001K;cloudType=Consumer;environment=Prod_SoutheastAsia_000j;migrationStage=NotStarted}
{"logTime": "0725/113735", "correlationVector":"jcV1fTAZpQxd4dtugNrMNu","action":"Commit Request", "result":"", "context":Item count: 1
Contributing types: Sessions}
{"logTime": "0725/113736", "correlationVector":"jcV1fTAZpQxd4dtugNrMNu.1","action":"SyncServerConnectionManagerRequest", "result":"SYNC_SERVER_OK", "context":{"environment":"Prod_EastAsia_000d", "migrationStage":"NotStarted", "server":"general01000004"}}
{"logTime": "0725/113736", "correlationVector":"jcV1fTAZpQxd4dtugNrMNu.2","action":"Commit Response", "result":"SYNCER_OK", "context":Result: SYNCER_OK. cV=jcV1fTAZpQxd4dtugNrMNu.0;server=general01000004;cloudType=Consumer;environment=Prod_EastAsia_000d;migrationStage=NotStarted}
{"logTime": "0725/114200", "correlationVector":"5seyzAQqIdiUGZuI87BolD","action":"Commit Request", "result":"", "context":Item count: 1
Contributing types: Sessions}
{"logTime": "0725/114200", "correlationVector":"5seyzAQqIdiUGZuI87BolD.1","action":"SyncServerConnectionManagerRequest", "result":"SYNC_SERVER_OK", "context":{"environment":"Prod_SoutheastAsia_000j", "migrationStage":"NotStarted", "server":"GENERAL0100000Z"}}
{"logTime": "0725/114200", "correlationVector":"5seyzAQqIdiUGZuI87BolD.2","action":"Commit Response", "result":"SYNCER_OK", "context":Result: SYNCER_OK. cV=5seyzAQqIdiUGZuI87BolD.0;server=GENERAL0100000Z;cloudType=Consumer;environment=Prod_SoutheastAsia_000j;migrationStage=NotStarted}
{"logTime": "0725/114352", "correlationVector":"8Y4/07uVhOw5f0g3YEJRWi.0","action":"FeedSettingFetch_homeCloud", "result":"0", "context":{}}
{"logTime": "0725/114352", "correlationVector":"PgGQ7W98X729fhYtyVfzfI.1","action":"SyncServerConnectionManagerRequest", "result":"SYNC_SERVER_OK", "context":{"environment":"Prod_EastAsia_000d", "migrationStage":"NotStarted", "server":"general0100000J"}}
{"logTime": "0725/114352", "correlationVector":"PgGQ7W98X729fhYtyVfzfI","action":"Initial GetUpdates", "result":"", "context":Reason: NEW_CLIENT. cV=PgGQ7W98X729fhYtyVfzfI}
{"logTime": "0725/114352", "correlationVector":"PgGQ7W98X729fhYtyVfzfI.2","action":"GetUpdates Response", "result":"SYNCER_OK", "context":Received 1 update(s). cV=PgGQ7W98X729fhYtyVfzfI.0;server=general0100000J;cloudType=Consumer;environment=Prod_EastAsia_000d;migrationStage=NotStarted}
{"logTime": "0725/114352", "correlationVector":"qhBwmu+O+rtcLl/idU6eOF","action":"Initial GetUpdates", "result":"", "context":Reason: NEWLY_SUPPORTED_DATATYPE. cV=qhBwmu+O+rtcLl/idU6eOF}
{"logTime": "0725/114352", "correlationVector":"qhBwmu+O+rtcLl/idU6eOF.1","action":"SyncServerConnectionManagerRequest", "result":"SYNC_SERVER_OK", "context":{"environment":"Prod_EastAsia_000d", "migrationStage":"NotStarted", "server":"general0100001P"}}
{"logTime": "0725/114352", "correlationVector":"qhBwmu+O+rtcLl/idU6eOF.2","action":"GetUpdates Response", "result":"SYNCER_OK", "context":Received 17 update(s). cV=qhBwmu+O+rtcLl/idU6eOF.0;server=general0100001P;cloudType=Consumer;environment=Prod_EastAsia_000d;migrationStage=NotStarted}
{"logTime": "0725/114352", "correlationVector":"LEvbVLOPnt4oL5Bi4D9hlE","action":"Normal GetUpdate request", "result":"", "context":cV=LEvbVLOPnt4oL5Bi4D9hlE
Nudged types: Sessions, User Consents
Refresh requested types: Bookmarks, Preferences, Passwords, Autofill Profiles, Autofill, Autofill Custom Data, Typed URLs, Extensions, Sessions, Extension settings, History Delete Directives, Device Info, User Consents, Send Tab To Self, Web Apps, Collection, Edge E Drop, Encryption Keys}
{"logTime": "0725/114352", "correlationVector":"LEvbVLOPnt4oL5Bi4D9hlE.1","action":"SyncServerConnectionManagerRequest", "result":"SYNC_SERVER_OK", "context":{"environment":"Prod_EastAsia_000d", "migrationStage":"NotStarted", "server":"general0100001V"}}
{"logTime": "0725/114352", "correlationVector":"LEvbVLOPnt4oL5Bi4D9hlE.2","action":"GetUpdates Response", "result":"SYNCER_OK", "context":Received 3 update(s). cV=LEvbVLOPnt4oL5Bi4D9hlE.0;server=general0100001V;cloudType=Consumer;environment=Prod_EastAsia_000d;migrationStage=NotStarted}
{"logTime": "0725/114352", "correlationVector":"tdyyuAWqz+ZYUPmiG0VfVi","action":"Commit Request", "result":"", "context":Item count: 4
Contributing types: Sessions, User Consents}
{"logTime": "0725/114352", "correlationVector":"tdyyuAWqz+ZYUPmiG0VfVi.1","action":"SyncServerConnectionManagerRequest", "result":"SYNC_SERVER_OK", "context":{"environment":"Prod_EastAsia_000d", "migrationStage":"NotStarted", "server":"general01000024"}}
{"logTime": "0725/114352", "correlationVector":"tdyyuAWqz+ZYUPmiG0VfVi.3","action":"Commit.Sessions", "result":"Success", "context":{"id":"3a64a5aa-8ca9-4ecd-98de-73f1b2aded70", "isDeleted":"true", "size":"0", "version":"1690285323295"}}
{"logTime": "0725/114352", "correlationVector":"tdyyuAWqz+ZYUPmiG0VfVi.2","action":"Commit Response", "result":"SYNCER_OK", "context":Result: SYNCER_OK. cV=tdyyuAWqz+ZYUPmiG0VfVi.0;server=general01000024;cloudType=Consumer;environment=Prod_EastAsia_000d;migrationStage=NotStarted}
{"logTime": "0725/114355", "correlationVector":"1qbLgbYggjBRbB1A7e2mf2","action":"SyncServerConnectionManagerRequest", "result":"SYNC_SERVER_OK", "context":{"environment":"", "migrationStage":"", "server":""}}
{"logTime": "0725/114355", "correlationVector":"sWJaFwefrt7191qAwdB1pm","action":"Normal GetUpdate request", "result":"", "context":cV=sWJaFwefrt7191qAwdB1pm
Nudged types: Preferences, Sessions}
{"logTime": "0725/114355", "correlationVector":"sWJaFwefrt7191qAwdB1pm.1","action":"SyncServerConnectionManagerRequest", "result":"SYNC_SERVER_OK", "context":{"environment":"Prod_EastAsia_000d", "migrationStage":"NotStarted", "server":"general0100001U"}}
{"logTime": "0725/114355", "correlationVector":"sWJaFwefrt7191qAwdB1pm.2","action":"GetUpdates", "result":"DeleteReceived", "context":{"id":"3a64a5aa-8ca9-4ecd-98de-73f1b2aded70", "isDeleted:":"true", "version":"1690285427626"}}
{"logTime": "0725/114355", "correlationVector":"sWJaFwefrt7191qAwdB1pm.3","action":"GetUpdates Response", "result":"SYNCER_OK", "context":Received 3 update(s). cV=sWJaFwefrt7191qAwdB1pm.0;server=general0100001U;cloudType=Consumer;environment=Prod_EastAsia_000d;migrationStage=NotStarted}
{"logTime": "0725/114355", "correlationVector":"spvab2F0IbOl/PS3E1pzsF","action":"Commit Request", "result":"", "context":Item count: 2
Contributing types: Preferences, Sessions}
{"logTime": "0725/114355", "correlationVector":"spvab2F0IbOl/PS3E1pzsF.1","action":"SyncServerConnectionManagerRequest", "result":"SYNC_SERVER_OK", "context":{"environment":"Prod_EastAsia_000d", "migrationStage":"NotStarted", "server":"general0100001R"}}
{"logTime": "0725/114355", "correlationVector":"spvab2F0IbOl/PS3E1pzsF.2","action":"Commit Response", "result":"SYNCER_OK", "context":Result: SYNCER_OK. cV=spvab2F0IbOl/PS3E1pzsF.0;server=general0100001R;cloudType=Consumer;environment=Prod_EastAsia_000d;migrationStage=NotStarted}
{"logTime": "0725/114355", "correlationVector":"iHuJSAb7MLg2vRVAArULOn","action":"Normal GetUpdate request", "result":"", "context":cV=iHuJSAb7MLg2vRVAArULOn
Nudged types: Preferences, Sessions
Refresh requested types: Bookmarks, Preferences, Passwords, Autofill Profiles, Autofill, Autofill Custom Data, Typed URLs, Extensions, Sessions, Extension settings, History Delete Directives, Device Info, User Consents, Send Tab To Self, Web Apps, Collection, Edge E Drop, Encryption Keys}
{"logTime": "0725/114356", "correlationVector":"iHuJSAb7MLg2vRVAArULOn.1","action":"SyncServerConnectionManagerRequest", "result":"SYNC_SERVER_OK", "context":{"environment":"Prod_EastAsia_000d", "migrationStage":"NotStarted", "server":"general01000016"}}
{"logTime": "0725/114356", "correlationVector":"iHuJSAb7MLg2vRVAArULOn.2","action":"GetUpdates Response", "result":"SYNCER_OK", "context":Received 2 update(s). cV=iHuJSAb7MLg2vRVAArULOn.0;server=general01000016;cloudType=Consumer;environment=Prod_EastAsia_000d;migrationStage=NotStarted}
