{"logTime": "1010/101047", "correlationVector":"BYVXq4O9E9IeZuWY2CenPq.71","action":"GetUpdates", "result":"DeleteReceived", "context":{"id":"13807b36-0322-408b-922d-721430e2930e", "isDeleted:":"true", "version":"1689568454851"}}
{"logTime": "1010/101047", "correlationVector":"BYVXq4O9E9IeZuWY2CenPq.72","action":"GetUpdates", "result":"DeleteReceived", "context":{"id":"dfcaaa98-20dd-4fb9-86f0-58e36eeb15bf", "isDeleted:":"true", "version":"1689568454852"}}
{"logTime": "1010/101047", "correlationVector":"BYVXq4O9E9IeZuWY2CenPq.73","action":"GetUpdates", "result":"DeleteReceived", "context":{"id":"a1f03a4a-ce0a-4468-88fe-e5039897185f", "isDeleted:":"true", "version":"1689569500837"}}
{"logTime": "1010/101047", "correlationVector":"BYVXq4O9E9IeZuWY2CenPq.74","action":"GetUpdates", "result":"DeleteReceived", "context":{"id":"7ad690f3-c641-400e-8265-41b28a9a358c", "isDeleted:":"true", "version":"1689572515806"}}
{"logTime": "1010/101047", "correlationVector":"BYVXq4O9E9IeZuWY2CenPq.75","action":"GetUpdates", "result":"DeleteReceived", "context":{"id":"3985f31b-91fb-4d3b-bd4a-df98b6425fc7", "isDeleted:":"true", "version":"1689596127847"}}
{"logTime": "1010/101047", "correlationVector":"BYVXq4O9E9IeZuWY2CenPq.76","action":"GetUpdates", "result":"DeleteReceived", "context":{"id":"2882c0e9-1cde-44ba-bea3-9c1f1b5babb3", "isDeleted:":"true", "version":"1689643965129"}}
{"logTime": "1010/101047", "correlationVector":"BYVXq4O9E9IeZuWY2CenPq.77","action":"GetUpdates", "result":"DeleteReceived", "context":{"id":"c200031b-35df-45c9-a84d-5c5639cca7b7", "isDeleted:":"true", "version":"1689643965130"}}
{"logTime": "1010/101047", "correlationVector":"BYVXq4O9E9IeZuWY2CenPq.78","action":"GetUpdates", "result":"DeleteReceived", "context":{"id":"fe6e75b4-536c-4cb8-bfe8-e926d5398aed", "isDeleted:":"true", "version":"1689643965131"}}
{"logTime": "1010/101047", "correlationVector":"BYVXq4O9E9IeZuWY2CenPq.79","action":"GetUpdates", "result":"DeleteReceived", "context":{"id":"f974e295-0116-423e-ac1f-dcdb5023ae58", "isDeleted:":"true", "version":"1689643965133"}}
{"logTime": "1010/101047", "correlationVector":"BYVXq4O9E9IeZuWY2CenPq.80","action":"GetUpdates", "result":"DeleteReceived", "context":{"id":"c1bfd1c6-a2bc-44d7-86f6-d2e34a4c3a85", "isDeleted:":"true", "version":"1689643965134"}}
{"logTime": "1010/101047", "correlationVector":"BYVXq4O9E9IeZuWY2CenPq.81","action":"GetUpdates", "result":"DeleteReceived", "context":{"id":"96b9d11d-1596-4b6e-a6b0-ca4464ec7e73", "isDeleted:":"true", "version":"1689644024010"}}
{"logTime": "1010/101047", "correlationVector":"BYVXq4O9E9IeZuWY2CenPq.82","action":"GetUpdates", "result":"DeleteReceived", "context":{"id":"a9515977-118d-46ae-9779-cd155b0af143", "isDeleted:":"true", "version":"1689649411464"}}
{"logTime": "1010/101047", "correlationVector":"BYVXq4O9E9IeZuWY2CenPq.83","action":"GetUpdates", "result":"DeleteReceived", "context":{"id":"7506677e-64f7-494e-a39d-4445c2eed78e", "isDeleted:":"true", "version":"1689650983739"}}
{"logTime": "1010/101047", "correlationVector":"BYVXq4O9E9IeZuWY2CenPq.84","action":"GetUpdates", "result":"DeleteReceived", "context":{"id":"f99693db-b29e-4b57-921f-0a0949925f3c", "isDeleted:":"true", "version":"1689660598436"}}
{"logTime": "1010/101047", "correlationVector":"BYVXq4O9E9IeZuWY2CenPq.85","action":"GetUpdates", "result":"DeleteReceived", "context":{"id":"e637b490-f52f-466c-9343-162d6160a87e", "isDeleted:":"true", "version":"1689660598439"}}
{"logTime": "1010/101047", "correlationVector":"BYVXq4O9E9IeZuWY2CenPq.86","action":"GetUpdates", "result":"DeleteReceived", "context":{"id":"4b5ef35f-4121-4d3a-a192-50fc9818b944", "isDeleted:":"true", "version":"1689660629298"}}
{"logTime": "1010/101047", "correlationVector":"BYVXq4O9E9IeZuWY2CenPq.87","action":"GetUpdates", "result":"DeleteReceived", "context":{"id":"a2b09444-12e0-4e75-9ef5-29d2680dddac", "isDeleted:":"true", "version":"1689660629299"}}
{"logTime": "1010/101047", "correlationVector":"BYVXq4O9E9IeZuWY2CenPq.88","action":"GetUpdates", "result":"DeleteReceived", "context":{"id":"8b3b3546-4e42-4597-bf23-4dbf3a6bafcc", "isDeleted:":"true", "version":"1689662416093"}}
{"logTime": "1010/101047", "correlationVector":"BYVXq4O9E9IeZuWY2CenPq.89","action":"GetUpdates", "result":"DeleteReceived", "context":{"id":"f09000ad-351d-4706-8f09-e64c4fc310c7", "isDeleted:":"true", "version":"1689688346565"}}
{"logTime": "1010/101047", "correlationVector":"BYVXq4O9E9IeZuWY2CenPq.90","action":"GetUpdates", "result":"DeleteReceived", "context":{"id":"563d83a4-fa2c-4f7f-b790-ddfc5bee1cb0", "isDeleted:":"true", "version":"1689688346566"}}
{"logTime": "1010/101047", "correlationVector":"BYVXq4O9E9IeZuWY2CenPq.91","action":"GetUpdates Response", "result":"SERVER_MORE_TO_DOWNLOAD", "context":Received 250 update(s).  Some updates remain.}
{"logTime": "1010/101047", "correlationVector":"Sy9Fg4liYGmXtcTE0KKnTD","action":"Initial GetUpdates", "result":"", "context":Reason: NEWLY_SUPPORTED_DATATYPE. cV=Sy9Fg4liYGmXtcTE0KKnTD}
{"logTime": "1010/101048", "correlationVector":"Sy9Fg4liYGmXtcTE0KKnTD.1","action":"SyncServerConnectionManagerRequest", "result":"SYNC_SERVER_OK", "context":{"environment":"Prod_EastAsia_000d", "migrationStage":"NotStarted", "server":"GENERAL0100000U"}}
{"logTime": "1010/101048", "correlationVector":"Sy9Fg4liYGmXtcTE0KKnTD.2","action":"GetUpdates", "result":"DeleteReceived", "context":{"id":"c6e9ed75-13ab-4928-9b18-48ef6dbe0dc5", "isDeleted:":"true", "version":"1689830565342"}}
{"logTime": "1010/101048", "correlationVector":"Sy9Fg4liYGmXtcTE0KKnTD.3","action":"GetUpdates", "result":"DeleteReceived", "context":{"id":"f3f94ee0-90bb-4cf2-bd35-df2b16040540", "isDeleted:":"true", "version":"1689908181913"}}
{"logTime": "1010/101048", "correlationVector":"Sy9Fg4liYGmXtcTE0KKnTD.4","action":"GetUpdates", "result":"DeleteReceived", "context":{"id":"d83b7b42-994e-4a3c-a496-5f371090de20", "isDeleted:":"true", "version":"1689908181914"}}
{"logTime": "1010/101048", "correlationVector":"Sy9Fg4liYGmXtcTE0KKnTD.5","action":"GetUpdates", "result":"DeleteReceived", "context":{"id":"21a134bf-e4ee-46e3-858a-07f63136a22c", "isDeleted:":"true", "version":"1689908885410"}}
{"logTime": "1010/101048", "correlationVector":"Sy9Fg4liYGmXtcTE0KKnTD.6","action":"GetUpdates", "result":"DeleteReceived", "context":{"id":"be7ccb11-2ceb-417f-8e4d-6d0c6f3ef153", "isDeleted:":"true", "version":"1689914779311"}}
{"logTime": "1010/101048", "correlationVector":"Sy9Fg4liYGmXtcTE0KKnTD.7","action":"GetUpdates", "result":"DeleteReceived", "context":{"id":"60c61db6-0f65-437f-8111-66f8d5a25bc7", "isDeleted:":"true", "version":"1689937054501"}}
{"logTime": "1010/101048", "correlationVector":"Sy9Fg4liYGmXtcTE0KKnTD.8","action":"GetUpdates", "result":"DeleteReceived", "context":{"id":"2053db26-49ec-47b3-b809-22beddc3d4d5", "isDeleted:":"true", "version":"1689939593237"}}
{"logTime": "1010/101048", "correlationVector":"Sy9Fg4liYGmXtcTE0KKnTD.9","action":"GetUpdates", "result":"DeleteReceived", "context":{"id":"d516f283-adf9-45b8-9623-0c78f5cd0ff2", "isDeleted:":"true", "version":"1689940491464"}}
{"logTime": "1010/101048", "correlationVector":"Sy9Fg4liYGmXtcTE0KKnTD.10","action":"GetUpdates", "result":"DeleteReceived", "context":{"id":"1aef3dc9-1f68-4262-8284-1eb8be023b08", "isDeleted:":"true", "version":"1689948262470"}}
{"logTime": "1010/101048", "correlationVector":"Sy9Fg4liYGmXtcTE0KKnTD.11","action":"GetUpdates", "result":"DeleteReceived", "context":{"id":"8f365db1-14b4-4cbd-89a1-6365bfcce16a", "isDeleted:":"true", "version":"1690010322113"}}
{"logTime": "1010/101048", "correlationVector":"Sy9Fg4liYGmXtcTE0KKnTD.12","action":"GetUpdates", "result":"DeleteReceived", "context":{"id":"b2370b2f-d29b-4a67-bd53-8819cded8f94", "isDeleted:":"true", "version":"1690010322115"}}
{"logTime": "1010/101048", "correlationVector":"Sy9Fg4liYGmXtcTE0KKnTD.13","action":"GetUpdates", "result":"DeleteReceived", "context":{"id":"bd3506fb-2242-47dc-992f-9ff93202648f", "isDeleted:":"true", "version":"1690010736429"}}
{"logTime": "1010/101048", "correlationVector":"Sy9Fg4liYGmXtcTE0KKnTD.14","action":"GetUpdates", "result":"DeleteReceived", "context":{"id":"c0df03ed-0b10-4854-8011-7a2ca2d8a8dc", "isDeleted:":"true", "version":"1690023691693"}}
{"logTime": "1010/101048", "correlationVector":"Sy9Fg4liYGmXtcTE0KKnTD.15","action":"GetUpdates", "result":"DeleteReceived", "context":{"id":"7c1984ac-8d86-4be1-9c6e-b4eaac5874a0", "isDeleted:":"true", "version":"1690164755928"}}
{"logTime": "1010/101048", "correlationVector":"Sy9Fg4liYGmXtcTE0KKnTD.16","action":"GetUpdates", "result":"DeleteReceived", "context":{"id":"bfb27fa1-3600-4a66-9f2b-d0c8c7efbe94", "isDeleted:":"true", "version":"1690164755929"}}
{"logTime": "1010/101048", "correlationVector":"Sy9Fg4liYGmXtcTE0KKnTD.17","action":"GetUpdates", "result":"DeleteReceived", "context":{"id":"ba95aba6-5ca9-4faa-9489-43155c387de2", "isDeleted:":"true", "version":"1690167049603"}}
{"logTime": "1010/101048", "correlationVector":"Sy9Fg4liYGmXtcTE0KKnTD.18","action":"GetUpdates", "result":"DeleteReceived", "context":{"id":"c75d59f7-fb4b-4aba-b97e-d852e830861b", "isDeleted:":"true", "version":"1690175861066"}}
{"logTime": "1010/101048", "correlationVector":"Sy9Fg4liYGmXtcTE0KKnTD.19","action":"GetUpdates", "result":"DeleteReceived", "context":{"id":"934ed5a8-a008-475c-9c0f-e7cdcff6f94a", "isDeleted:":"true", "version":"1690176036912"}}
{"logTime": "1010/101048", "correlationVector":"Sy9Fg4liYGmXtcTE0KKnTD.20","action":"GetUpdates", "result":"DeleteReceived", "context":{"id":"8f3433c0-c332-4aae-a751-3cc1a6aeabde", "isDeleted:":"true", "version":"1690178721504"}}
{"logTime": "1010/101048", "correlationVector":"Sy9Fg4liYGmXtcTE0KKnTD.21","action":"GetUpdates", "result":"DeleteReceived", "context":{"id":"d28f5f9e-3f2d-4646-97a0-7fc92145fb09", "isDeleted:":"true", "version":"1690181787868"}}
{"logTime": "1010/101048", "correlationVector":"Sy9Fg4liYGmXtcTE0KKnTD.22","action":"GetUpdates", "result":"DeleteReceived", "context":{"id":"35bede48-bc1d-48a3-85d0-cf07e016dd73", "isDeleted:":"true", "version":"1690183690680"}}
{"logTime": "1010/101048", "correlationVector":"Sy9Fg4liYGmXtcTE0KKnTD.23","action":"GetUpdates", "result":"DeleteReceived", "context":{"id":"3a64a5aa-8ca9-4ecd-98de-73f1b2aded70", "isDeleted:":"true", "version":"1690285427626"}}
{"logTime": "1010/101048", "correlationVector":"Sy9Fg4liYGmXtcTE0KKnTD.24","action":"GetUpdates", "result":"DeleteReceived", "context":{"id":"5ea37ff9-5b48-474c-ac56-c90ace574d5d", "isDeleted:":"true", "version":"1690285937025"}}
{"logTime": "1010/101048", "correlationVector":"Sy9Fg4liYGmXtcTE0KKnTD.25","action":"GetUpdates", "result":"DeleteReceived", "context":{"id":"b66c9b57-c612-4efd-9075-9dae6ac53afe", "isDeleted:":"true", "version":"1690285937026"}}
{"logTime": "1010/101048", "correlationVector":"Sy9Fg4liYGmXtcTE0KKnTD.26","action":"GetUpdates", "result":"DeleteReceived", "context":{"id":"fa149107-d170-419f-a619-5ecf98f2159c", "isDeleted:":"true", "version":"1690306642047"}}
{"logTime": "1010/101048", "correlationVector":"Sy9Fg4liYGmXtcTE0KKnTD.27","action":"GetUpdates", "result":"DeleteReceived", "context":{"id":"06496441-ce41-4bb6-8cef-48d5a9029988", "isDeleted:":"true", "version":"1690306642048"}}
{"logTime": "1010/101048", "correlationVector":"Sy9Fg4liYGmXtcTE0KKnTD.28","action":"GetUpdates", "result":"DeleteReceived", "context":{"id":"2ba45152-ec01-493e-b555-a4d8b4e34859", "isDeleted:":"true", "version":"1690306642049"}}
{"logTime": "1010/101048", "correlationVector":"Sy9Fg4liYGmXtcTE0KKnTD.29","action":"GetUpdates", "result":"DeleteReceived", "context":{"id":"eacc0e0c-1c78-4ef0-9c44-07f5076ca068", "isDeleted:":"true", "version":"1690310190685"}}
{"logTime": "1010/101048", "correlationVector":"Sy9Fg4liYGmXtcTE0KKnTD.30","action":"GetUpdates", "result":"DeleteReceived", "context":{"id":"2008adfa-64b8-4980-9ad2-e8e043d5ceb3", "isDeleted:":"true", "version":"1690313000284"}}
{"logTime": "1010/101048", "correlationVector":"Sy9Fg4liYGmXtcTE0KKnTD.31","action":"GetUpdates", "result":"DeleteReceived", "context":{"id":"c8ebad8a-d23d-4ec6-81ba-dc560405ce98", "isDeleted:":"true", "version":"1690313112433"}}
{"logTime": "1010/101048", "correlationVector":"Sy9Fg4liYGmXtcTE0KKnTD.32","action":"GetUpdates", "result":"DeleteReceived", "context":{"id":"38a0030f-66d0-411e-bd62-37e6ca712ae5", "isDeleted:":"true", "version":"1690313112434"}}
{"logTime": "1010/101048", "correlationVector":"Sy9Fg4liYGmXtcTE0KKnTD.33","action":"GetUpdates", "result":"DeleteReceived", "context":{"id":"e6be3ffd-5281-48f4-b230-7fc34b3d33db", "isDeleted:":"true", "version":"1690354727748"}}
{"logTime": "1010/101048", "correlationVector":"Sy9Fg4liYGmXtcTE0KKnTD.34","action":"GetUpdates", "result":"DeleteReceived", "context":{"id":"18701965-b9fb-4a57-8c00-3d0fac9dc38b", "isDeleted:":"true", "version":"1690354727749"}}
{"logTime": "1010/101048", "correlationVector":"Sy9Fg4liYGmXtcTE0KKnTD.35","action":"GetUpdates", "result":"DeleteReceived", "context":{"id":"468fbc27-aec7-451b-ab27-663a12e917a6", "isDeleted:":"true", "version":"1690354727750"}}
{"logTime": "1010/101048", "correlationVector":"Sy9Fg4liYGmXtcTE0KKnTD.36","action":"GetUpdates", "result":"DeleteReceived", "context":{"id":"133c1972-9175-418d-b048-684716e2dad8", "isDeleted:":"true", "version":"1690354727751"}}
{"logTime": "1010/101048", "correlationVector":"Sy9Fg4liYGmXtcTE0KKnTD.37","action":"GetUpdates", "result":"DeleteReceived", "context":{"id":"f1d11363-64b0-4aaf-b8ee-8e1fbe8dec22", "isDeleted:":"true", "version":"1690354727752"}}
{"logTime": "1010/101048", "correlationVector":"Sy9Fg4liYGmXtcTE0KKnTD.38","action":"GetUpdates", "result":"DeleteReceived", "context":{"id":"012e9521-6396-477d-8be2-8ed1f62e3e10", "isDeleted:":"true", "version":"1690354727753"}}
{"logTime": "1010/101048", "correlationVector":"Sy9Fg4liYGmXtcTE0KKnTD.39","action":"GetUpdates", "result":"DeleteReceived", "context":{"id":"feb1bd66-94bf-4c6e-b4a1-a90a57e44df4", "isDeleted:":"true", "version":"1690354727754"}}
{"logTime": "1010/101048", "correlationVector":"Sy9Fg4liYGmXtcTE0KKnTD.40","action":"GetUpdates", "result":"DeleteReceived", "context":{"id":"ba4f4734-95dd-443b-8bc7-076205c17061", "isDeleted:":"true", "version":"1690354727755"}}
{"logTime": "1010/101048", "correlationVector":"Sy9Fg4liYGmXtcTE0KKnTD.41","action":"GetUpdates", "result":"DeleteReceived", "context":{"id":"96a79f74-64e9-4f9f-b550-eb77c8bd698e", "isDeleted:":"true", "version":"1690354727756"}}
{"logTime": "1010/101048", "correlationVector":"Sy9Fg4liYGmXtcTE0KKnTD.42","action":"GetUpdates", "result":"DeleteReceived", "context":{"id":"a78792f3-e900-4ed1-bef1-fea7a83c9293", "isDeleted:":"true", "version":"1690354727757"}}
{"logTime": "1010/101048", "correlationVector":"Sy9Fg4liYGmXtcTE0KKnTD.43","action":"GetUpdates", "result":"DeleteReceived", "context":{"id":"cfc9c27f-b602-4430-a9f0-fa0f48808d51", "isDeleted:":"true", "version":"1690354727758"}}
{"logTime": "1010/101048", "correlationVector":"Sy9Fg4liYGmXtcTE0KKnTD.44","action":"GetUpdates", "result":"DeleteReceived", "context":{"id":"fc31a8e9-9572-45ee-b57e-aa1d0e42d02e", "isDeleted:":"true", "version":"1690354727759"}}
{"logTime": "1010/101048", "correlationVector":"Sy9Fg4liYGmXtcTE0KKnTD.45","action":"GetUpdates", "result":"DeleteReceived", "context":{"id":"4fa51820-a307-4dfa-8b79-52da2d294d12", "isDeleted:":"true", "version":"1690354727760"}}
{"logTime": "1010/101048", "correlationVector":"Sy9Fg4liYGmXtcTE0KKnTD.46","action":"GetUpdates", "result":"DeleteReceived", "context":{"id":"a069ab46-3b64-4e26-bb5e-e71e7fe92818", "isDeleted:":"true", "version":"1690354727761"}}
{"logTime": "1010/101048", "correlationVector":"Sy9Fg4liYGmXtcTE0KKnTD.47","action":"GetUpdates", "result":"DeleteReceived", "context":{"id":"da6f40f9-973f-4f42-918c-5309b9bd5ded", "isDeleted:":"true", "version":"1690354727762"}}
{"logTime": "1010/101048", "correlationVector":"Sy9Fg4liYGmXtcTE0KKnTD.48","action":"GetUpdates", "result":"DeleteReceived", "context":{"id":"50462f9b-41b8-4091-9243-a56d3d84dec4", "isDeleted:":"true", "version":"1690354727763"}}
{"logTime": "1010/101048", "correlationVector":"Sy9Fg4liYGmXtcTE0KKnTD.49","action":"GetUpdates", "result":"DeleteReceived", "context":{"id":"94b85d82-16d2-4c23-a53e-38b7e5f1e820", "isDeleted:":"true", "version":"1690363643621"}}
{"logTime": "1010/101048", "correlationVector":"Sy9Fg4liYGmXtcTE0KKnTD.50","action":"GetUpdates", "result":"DeleteReceived", "context":{"id":"9a94bf21-491b-4fb4-9d86-342213fc0e00", "isDeleted:":"true", "version":"1690374116981"}}
{"logTime": "1010/101048", "correlationVector":"Sy9Fg4liYGmXtcTE0KKnTD.51","action":"GetUpdates", "result":"DeleteReceived", "context":{"id":"7a523dac-edc8-480a-811d-ba865ffe9ef9", "isDeleted:":"true", "version":"1690374116982"}}
{"logTime": "1010/101048", "correlationVector":"Sy9Fg4liYGmXtcTE0KKnTD.52","action":"GetUpdates", "result":"DeleteReceived", "context":{"id":"5716e267-8d43-4e2b-8695-78bf09ed431d", "isDeleted:":"true", "version":"1690374116983"}}
{"logTime": "1010/101048", "correlationVector":"Sy9Fg4liYGmXtcTE0KKnTD.53","action":"GetUpdates", "result":"DeleteReceived", "context":{"id":"640b0775-c998-4153-baed-58ac020c827f", "isDeleted:":"true", "version":"1690374116984"}}
{"logTime": "1010/101048", "correlationVector":"Sy9Fg4liYGmXtcTE0KKnTD.54","action":"GetUpdates", "result":"DeleteReceived", "context":{"id":"4c5c649a-95d0-40c1-9d6f-d3f02db9065e", "isDeleted:":"true", "version":"1690374116985"}}
{"logTime": "1010/101048", "correlationVector":"Sy9Fg4liYGmXtcTE0KKnTD.55","action":"GetUpdates", "result":"DeleteReceived", "context":{"id":"b3111b31-fdff-4807-9fb0-812e64db12d4", "isDeleted:":"true", "version":"1690385014051"}}
{"logTime": "1010/101048", "correlationVector":"Sy9Fg4liYGmXtcTE0KKnTD.56","action":"GetUpdates", "result":"DeleteReceived", "context":{"id":"c06e246d-b132-4eea-b6f3-75b3b705be82", "isDeleted:":"true", "version":"1690386088062"}}
{"logTime": "1010/101048", "correlationVector":"Sy9Fg4liYGmXtcTE0KKnTD.57","action":"GetUpdates", "result":"DeleteReceived", "context":{"id":"1a68c189-1b2a-4ba0-b9aa-a0688a3e013f", "isDeleted:":"true", "version":"1690391292895"}}
{"logTime": "1010/101048", "correlationVector":"Sy9Fg4liYGmXtcTE0KKnTD.58","action":"GetUpdates", "result":"DeleteReceived", "context":{"id":"58b3ee91-7f22-45d2-a45a-73f70fdb8885", "isDeleted:":"true", "version":"1690391393721"}}
{"logTime": "1010/101048", "correlationVector":"Sy9Fg4liYGmXtcTE0KKnTD.59","action":"GetUpdates", "result":"DeleteReceived", "context":{"id":"a7a24db0-9abe-475f-ab88-f85c17983e9c", "isDeleted:":"true", "version":"1690391928740"}}
{"logTime": "1010/101048", "correlationVector":"Sy9Fg4liYGmXtcTE0KKnTD.60","action":"GetUpdates", "result":"DeleteReceived", "context":{"id":"23eb60db-1020-4a15-8e2d-7ec5b68e7d6c", "isDeleted:":"true", "version":"1690399968037"}}
{"logTime": "1010/101048", "correlationVector":"Sy9Fg4liYGmXtcTE0KKnTD.61","action":"GetUpdates", "result":"DeleteReceived", "context":{"id":"24b98771-4d76-473e-95ea-181e06366bb5", "isDeleted:":"true", "version":"1690401030023"}}
{"logTime": "1010/101048", "correlationVector":"Sy9Fg4liYGmXtcTE0KKnTD.62","action":"GetUpdates", "result":"DeleteReceived", "context":{"id":"488c15b2-42b6-4a1f-bd14-3725329c4024", "isDeleted:":"true", "version":"1690409730443"}}
{"logTime": "1010/101048", "correlationVector":"Sy9Fg4liYGmXtcTE0KKnTD.63","action":"GetUpdates", "result":"DeleteReceived", "context":{"id":"cbdf720a-9119-4e87-b3cc-46e275fc8220", "isDeleted:":"true", "version":"1690410943681"}}
{"logTime": "1010/101048", "correlationVector":"Sy9Fg4liYGmXtcTE0KKnTD.64","action":"GetUpdates", "result":"DeleteReceived", "context":{"id":"f1e33225-b5e4-4626-b7d4-b5d8231033fb", "isDeleted:":"true", "version":"1690411578137"}}
{"logTime": "1010/101048", "correlationVector":"Sy9Fg4liYGmXtcTE0KKnTD.65","action":"GetUpdates", "result":"DeleteReceived", "context":{"id":"ff76ed05-3571-496d-8362-1c5c89f48188", "isDeleted:":"true", "version":"1690427128623"}}
{"logTime": "1010/101048", "correlationVector":"Sy9Fg4liYGmXtcTE0KKnTD.66","action":"GetUpdates", "result":"DeleteReceived", "context":{"id":"311fc084-291f-4af1-8fa3-fd89b33be74f", "isDeleted:":"true", "version":"1690427128624"}}
{"logTime": "1010/101048", "correlationVector":"Sy9Fg4liYGmXtcTE0KKnTD.67","action":"GetUpdates", "result":"DeleteReceived", "context":{"id":"e0f6698c-7c5c-4f69-82c2-b88d26f30d8e", "isDeleted:":"true", "version":"1690427128625"}}
{"logTime": "1010/101048", "correlationVector":"Sy9Fg4liYGmXtcTE0KKnTD.68","action":"GetUpdates", "result":"DeleteReceived", "context":{"id":"28b2ea0c-1ccc-45a1-8f63-e54c59a8bbf4", "isDeleted:":"true", "version":"1690427128626"}}
{"logTime": "1010/101048", "correlationVector":"Sy9Fg4liYGmXtcTE0KKnTD.69","action":"GetUpdates", "result":"DeleteReceived", "context":{"id":"551b9571-53c7-4798-aab6-cc3c55e6d447", "isDeleted:":"true", "version":"1690427128627"}}
{"logTime": "1010/101048", "correlationVector":"Sy9Fg4liYGmXtcTE0KKnTD.70","action":"GetUpdates", "result":"DeleteReceived", "context":{"id":"032568b3-0c95-4615-bf3f-041df669b828", "isDeleted:":"true", "version":"1690427128628"}}
{"logTime": "1010/101048", "correlationVector":"Sy9Fg4liYGmXtcTE0KKnTD.71","action":"GetUpdates", "result":"DeleteReceived", "context":{"id":"5e88bfd6-d855-489e-86c3-99e8f3329476", "isDeleted:":"true", "version":"1690428540215"}}
{"logTime": "1010/101048", "correlationVector":"Sy9Fg4liYGmXtcTE0KKnTD.72","action":"GetUpdates", "result":"DeleteReceived", "context":{"id":"5e5b9959-c16c-446b-b264-38e8a6f60955", "isDeleted:":"true", "version":"1690429299544"}}
{"logTime": "1010/101048", "correlationVector":"Sy9Fg4liYGmXtcTE0KKnTD.73","action":"GetUpdates", "result":"DeleteReceived", "context":{"id":"ae633e24-7b27-4545-aafb-074eb2ed31c0", "isDeleted:":"true", "version":"1690518080030"}}
{"logTime": "1010/101048", "correlationVector":"Sy9Fg4liYGmXtcTE0KKnTD.74","action":"GetUpdates", "result":"DeleteReceived", "context":{"id":"34d0e70c-209e-41eb-be22-edd798468a0d", "isDeleted:":"true", "version":"1690522154863"}}
{"logTime": "1010/101048", "correlationVector":"Sy9Fg4liYGmXtcTE0KKnTD.75","action":"GetUpdates", "result":"DeleteReceived", "context":{"id":"0b1ed426-21c2-418f-9773-a55854213320", "isDeleted:":"true", "version":"1690523313092"}}
{"logTime": "1010/101048", "correlationVector":"Sy9Fg4liYGmXtcTE0KKnTD.76","action":"GetUpdates", "result":"DeleteReceived", "context":{"id":"0ce90b93-97e7-41ab-a38f-72b4a337d725", "isDeleted:":"true", "version":"1690531497810"}}
{"logTime": "1010/101048", "correlationVector":"Sy9Fg4liYGmXtcTE0KKnTD.77","action":"GetUpdates", "result":"DeleteReceived", "context":{"id":"618fe8ab-51ff-4118-95cb-177586a54216", "isDeleted:":"true", "version":"1690531897571"}}
{"logTime": "1010/101048", "correlationVector":"Sy9Fg4liYGmXtcTE0KKnTD.78","action":"GetUpdates", "result":"DeleteReceived", "context":{"id":"ebc8b780-6dca-4905-b3ac-7de7764dcb44", "isDeleted:":"true", "version":"1690548869860"}}
{"logTime": "1010/101048", "correlationVector":"Sy9Fg4liYGmXtcTE0KKnTD.79","action":"GetUpdates", "result":"DeleteReceived", "context":{"id":"a7d453b6-da59-4290-8554-1fffbfda57b3", "isDeleted:":"true", "version":"1690548869861"}}
{"logTime": "1010/101048", "correlationVector":"Sy9Fg4liYGmXtcTE0KKnTD.80","action":"GetUpdates", "result":"DeleteReceived", "context":{"id":"bde2966f-f08f-4226-a164-dc86a1f6991e", "isDeleted:":"true", "version":"1690548869862"}}
{"logTime": "1010/101048", "correlationVector":"Sy9Fg4liYGmXtcTE0KKnTD.81","action":"GetUpdates", "result":"DeleteReceived", "context":{"id":"03176f24-6f64-45fc-8b23-c326eb93dc47", "isDeleted:":"true", "version":"1690549227240"}}
{"logTime": "1010/101048", "correlationVector":"Sy9Fg4liYGmXtcTE0KKnTD.82","action":"GetUpdates", "result":"DeleteReceived", "context":{"id":"282c9b22-98bd-4302-a427-7ee9b8ed5f2c", "isDeleted:":"true", "version":"1690552966141"}}
{"logTime": "1010/101048", "correlationVector":"Sy9Fg4liYGmXtcTE0KKnTD.83","action":"GetUpdates", "result":"DeleteReceived", "context":{"id":"782a44e9-b215-4a46-9c4c-ef202fd85fe8", "isDeleted:":"true", "version":"1690698126086"}}
{"logTime": "1010/101048", "correlationVector":"Sy9Fg4liYGmXtcTE0KKnTD.84","action":"GetUpdates", "result":"DeleteReceived", "context":{"id":"e14d3819-23d2-4f8a-bca4-ff4bf2165d1a", "isDeleted:":"true", "version":"1690698126087"}}
{"logTime": "1010/101048", "correlationVector":"Sy9Fg4liYGmXtcTE0KKnTD.85","action":"GetUpdates", "result":"DeleteReceived", "context":{"id":"ffc402a0-3d35-47a2-b0f4-f5a407dd7a9d", "isDeleted:":"true", "version":"1690698126088"}}
{"logTime": "1010/101048", "correlationVector":"Sy9Fg4liYGmXtcTE0KKnTD.86","action":"GetUpdates", "result":"DeleteReceived", "context":{"id":"beb4d9fe-c0b2-4357-a683-618755cced31", "isDeleted:":"true", "version":"1690721140673"}}
{"logTime": "1010/101048", "correlationVector":"Sy9Fg4liYGmXtcTE0KKnTD.87","action":"GetUpdates", "result":"DeleteReceived", "context":{"id":"b6f1f600-83fb-4db0-b312-62bd88e022b1", "isDeleted:":"true", "version":"1690721140674"}}
{"logTime": "1010/101048", "correlationVector":"Sy9Fg4liYGmXtcTE0KKnTD.88","action":"GetUpdates", "result":"DeleteReceived", "context":{"id":"a9eac702-8b4a-480d-b8fa-770a6bb85911", "isDeleted:":"true", "version":"1690823376626"}}
{"logTime": "1010/101048", "correlationVector":"Sy9Fg4liYGmXtcTE0KKnTD.89","action":"GetUpdates", "result":"DeleteReceived", "context":{"id":"9a9250c5-3fb5-4238-9a8e-7b909343361c", "isDeleted:":"true", "version":"1690823376627"}}
{"logTime": "1010/101048", "correlationVector":"Sy9Fg4liYGmXtcTE0KKnTD.90","action":"GetUpdates", "result":"DeleteReceived", "context":{"id":"139fd36f-ee3d-4766-9c56-5c78b89e6f96", "isDeleted:":"true", "version":"1690823644120"}}
{"logTime": "1010/101048", "correlationVector":"Sy9Fg4liYGmXtcTE0KKnTD.91","action":"GetUpdates", "result":"DeleteReceived", "context":{"id":"7c980151-edc5-4e80-8143-45bc2968adef", "isDeleted:":"true", "version":"1690824663096"}}
{"logTime": "1010/101048", "correlationVector":"Sy9Fg4liYGmXtcTE0KKnTD.92","action":"GetUpdates", "result":"DeleteReceived", "context":{"id":"8d0d50f9-9597-4a26-aae4-2b9491ed556e", "isDeleted:":"true", "version":"1690825928598"}}
{"logTime": "1010/101048", "correlationVector":"Sy9Fg4liYGmXtcTE0KKnTD.93","action":"GetUpdates", "result":"DeleteReceived", "context":{"id":"e97307f5-6998-472b-88f1-c3594e1847a1", "isDeleted:":"true", "version":"1690826060486"}}
{"logTime": "1010/101048", "correlationVector":"Sy9Fg4liYGmXtcTE0KKnTD.94","action":"GetUpdates", "result":"DeleteReceived", "context":{"id":"e006a37b-1624-4581-9edb-18dfe76cd285", "isDeleted:":"true", "version":"1690827296622"}}
{"logTime": "1010/101048", "correlationVector":"Sy9Fg4liYGmXtcTE0KKnTD.95","action":"GetUpdates", "result":"DeleteReceived", "context":{"id":"d2317381-d075-41d8-8611-cdfed411583e", "isDeleted:":"true", "version":"1690827352361"}}
{"logTime": "1010/101048", "correlationVector":"Sy9Fg4liYGmXtcTE0KKnTD.96","action":"GetUpdates", "result":"DeleteReceived", "context":{"id":"83323e51-b2a0-4738-83b0-99d2a1f900a7", "isDeleted:":"true", "version":"1690827956004"}}
{"logTime": "1010/101048", "correlationVector":"Sy9Fg4liYGmXtcTE0KKnTD.97","action":"GetUpdates", "result":"DeleteReceived", "context":{"id":"9c7fb0ef-9163-4df3-9943-6281dd61c716", "isDeleted:":"true", "version":"1690829304040"}}
{"logTime": "1010/101048", "correlationVector":"Sy9Fg4liYGmXtcTE0KKnTD.98","action":"GetUpdates", "result":"DeleteReceived", "context":{"id":"74026f17-f730-4a0d-8b6e-a563b2e28af4", "isDeleted:":"true", "version":"1690830755741"}}
{"logTime": "1010/101048", "correlationVector":"Sy9Fg4liYGmXtcTE0KKnTD.99","action":"GetUpdates", "result":"DeleteReceived", "context":{"id":"c94c2e42-87fe-4672-9968-0213cd09ccb9", "isDeleted:":"true", "version":"1690830755742"}}
{"logTime": "1010/101048", "correlationVector":"Sy9Fg4liYGmXtcTE0KKnTD.100","action":"GetUpdates", "result":"DeleteReceived", "context":{"id":"cf0e3954-17b2-4c91-9863-9d80ee94158c", "isDeleted:":"true", "version":"1690830755743"}}
{"logTime": "1010/101048", "correlationVector":"Sy9Fg4liYGmXtcTE0KKnTD.101","action":"GetUpdates", "result":"DeleteReceived", "context":{"id":"c9c28c2b-60e2-45db-8758-33547a79bf0e", "isDeleted:":"true", "version":"1690830755744"}}
{"logTime": "1010/101048", "correlationVector":"Sy9Fg4liYGmXtcTE0KKnTD.102","action":"GetUpdates", "result":"DeleteReceived", "context":{"id":"3f820917-0a6c-4e2c-8f0d-595bd8828144", "isDeleted:":"true", "version":"1690856719374"}}
{"logTime": "1010/101048", "correlationVector":"Sy9Fg4liYGmXtcTE0KKnTD.103","action":"GetUpdates", "result":"DeleteReceived", "context":{"id":"5c44dd1e-2ee9-4769-bf1f-98310fdc18bd", "isDeleted:":"true", "version":"1690856719375"}}
{"logTime": "1010/101048", "correlationVector":"Sy9Fg4liYGmXtcTE0KKnTD.104","action":"GetUpdates", "result":"DeleteReceived", "context":{"id":"033c98c7-34b7-4892-8c7a-006f7ebc12e1", "isDeleted:":"true", "version":"1690856719376"}}
{"logTime": "1010/101048", "correlationVector":"Sy9Fg4liYGmXtcTE0KKnTD.105","action":"GetUpdates", "result":"DeleteReceived", "context":{"id":"aea2b917-61f6-4d75-9378-ad22e86cd802", "isDeleted:":"true", "version":"1690955106970"}}
{"logTime": "1010/101048", "correlationVector":"Sy9Fg4liYGmXtcTE0KKnTD.106","action":"GetUpdates", "result":"DeleteReceived", "context":{"id":"a3c54240-27dc-4ce2-9bab-e7a4a07b313d", "isDeleted:":"true", "version":"1690955106971"}}
{"logTime": "1010/101048", "correlationVector":"Sy9Fg4liYGmXtcTE0KKnTD.107","action":"GetUpdates", "result":"DeleteReceived", "context":{"id":"26149412-b01b-48fe-81ef-4763fc5c6c8c", "isDeleted:":"true", "version":"1690956318576"}}
{"logTime": "1010/101048", "correlationVector":"Sy9Fg4liYGmXtcTE0KKnTD.108","action":"GetUpdates", "result":"DeleteReceived", "context":{"id":"432106e6-f5b0-4074-9b57-73bbac22d2c4", "isDeleted:":"true", "version":"1690963208785"}}
{"logTime": "1010/101048", "correlationVector":"Sy9Fg4liYGmXtcTE0KKnTD.109","action":"GetUpdates", "result":"DeleteReceived", "context":{"id":"0f9545d5-3780-4fcd-bf9c-20bb873d2be0", "isDeleted:":"true", "version":"1690964300146"}}
{"logTime": "1010/101048", "correlationVector":"Sy9Fg4liYGmXtcTE0KKnTD.110","action":"GetUpdates", "result":"DeleteReceived", "context":{"id":"3ddc118d-4ada-4754-970d-19d1c4becdef", "isDeleted:":"true", "version":"1690970125918"}}
{"logTime": "1010/101048", "correlationVector":"Sy9Fg4liYGmXtcTE0KKnTD.111","action":"GetUpdates", "result":"DeleteReceived", "context":{"id":"ff7fb742-6f14-44cc-bbc4-4e2741d4e17d", "isDeleted:":"true", "version":"1691032620029"}}
{"logTime": "1010/101048", "correlationVector":"Sy9Fg4liYGmXtcTE0KKnTD.112","action":"GetUpdates", "result":"DeleteReceived", "context":{"id":"16b7e5e1-dd50-454d-8be6-df726d1f0ac9", "isDeleted:":"true", "version":"1691034001664"}}
{"logTime": "1010/101048", "correlationVector":"Sy9Fg4liYGmXtcTE0KKnTD.113","action":"GetUpdates", "result":"DeleteReceived", "context":{"id":"ec83eb83-42aa-4e00-bb80-a6d6316bfeda", "isDeleted:":"true", "version":"1691038177794"}}
{"logTime": "1010/101048", "correlationVector":"Sy9Fg4liYGmXtcTE0KKnTD.114","action":"GetUpdates", "result":"DeleteReceived", "context":{"id":"30b51952-e3b5-4707-b1d6-8c5e63914ac3", "isDeleted:":"true", "version":"1691066889802"}}
{"logTime": "1010/101048", "correlationVector":"Sy9Fg4liYGmXtcTE0KKnTD.115","action":"GetUpdates", "result":"DeleteReceived", "context":{"id":"13aadf68-b2fa-4ff7-ab8d-2b0d1bae6d7a", "isDeleted:":"true", "version":"1691126305937"}}
{"logTime": "1010/101048", "correlationVector":"Sy9Fg4liYGmXtcTE0KKnTD.116","action":"GetUpdates", "result":"DeleteReceived", "context":{"id":"0a67e9a4-9f86-4059-9c4f-411f0cb52845", "isDeleted:":"true", "version":"1691241356466"}}
{"logTime": "1010/101048", "correlationVector":"Sy9Fg4liYGmXtcTE0KKnTD.117","action":"GetUpdates", "result":"DeleteReceived", "context":{"id":"99e7ed0a-eb64-489a-953c-776bda22fb15", "isDeleted:":"true", "version":"1691252236935"}}
{"logTime": "1010/101048", "correlationVector":"Sy9Fg4liYGmXtcTE0KKnTD.118","action":"GetUpdates", "result":"DeleteReceived", "context":{"id":"66f76a61-8988-473b-818e-1d4ad48c2dbd", "isDeleted:":"true", "version":"1691257518394"}}
{"logTime": "1010/101048", "correlationVector":"Sy9Fg4liYGmXtcTE0KKnTD.119","action":"GetUpdates", "result":"DeleteReceived", "context":{"id":"69a5ed88-b3b2-4eb3-be77-a196e4e475f9", "isDeleted:":"true", "version":"1691260095425"}}
{"logTime": "1010/101048", "correlationVector":"Sy9Fg4liYGmXtcTE0KKnTD.120","action":"GetUpdates", "result":"DeleteReceived", "context":{"id":"538af60a-178c-4b46-bc5f-7a051c4422b6", "isDeleted:":"true", "version":"1691335470739"}}
{"logTime": "1010/101048", "correlationVector":"Sy9Fg4liYGmXtcTE0KKnTD.121","action":"GetUpdates", "result":"DeleteReceived", "context":{"id":"e286229c-24f1-4ec0-9494-a397cc1273a0", "isDeleted:":"true", "version":"1691404326056"}}
{"logTime": "1010/101048", "correlationVector":"Sy9Fg4liYGmXtcTE0KKnTD.122","action":"GetUpdates", "result":"DeleteReceived", "context":{"id":"28598c4f-78e6-4208-8ba2-087683fef103", "isDeleted:":"true", "version":"1691404326057"}}
{"logTime": "1010/101048", "correlationVector":"Sy9Fg4liYGmXtcTE0KKnTD.123","action":"GetUpdates", "result":"DeleteReceived", "context":{"id":"381accce-a977-41f5-9e64-609414d893f6", "isDeleted:":"true", "version":"1691404326058"}}
{"logTime": "1010/101048", "correlationVector":"Sy9Fg4liYGmXtcTE0KKnTD.124","action":"GetUpdates", "result":"DeleteReceived", "context":{"id":"5d8b7bd1-1632-47fc-b386-3d893b8072ec", "isDeleted:":"true", "version":"1691405550770"}}
{"logTime": "1010/101048", "correlationVector":"Sy9Fg4liYGmXtcTE0KKnTD.125","action":"GetUpdates", "result":"DeleteReceived", "context":{"id":"d2a3d5cc-4c12-4f31-a4ef-8cdacd5326c1", "isDeleted:":"true", "version":"1691412597829"}}
{"logTime": "1010/101048", "correlationVector":"Sy9Fg4liYGmXtcTE0KKnTD.126","action":"GetUpdates", "result":"DeleteReceived", "context":{"id":"e2b6566d-0ccc-4a8f-b083-81356d667271", "isDeleted:":"true", "version":"1691412597830"}}
{"logTime": "1010/101048", "correlationVector":"Sy9Fg4liYGmXtcTE0KKnTD.127","action":"GetUpdates", "result":"DeleteReceived", "context":{"id":"0ece73a9-da2f-48d5-8426-c3aae0961a76", "isDeleted:":"true", "version":"1691412597831"}}
{"logTime": "1010/101048", "correlationVector":"Sy9Fg4liYGmXtcTE0KKnTD.128","action":"GetUpdates", "result":"DeleteReceived", "context":{"id":"3ef51f2e-81cd-41a7-b3c4-73ee33639a4e", "isDeleted:":"true", "version":"1691412647551"}}
{"logTime": "1010/101048", "correlationVector":"Sy9Fg4liYGmXtcTE0KKnTD.129","action":"GetUpdates", "result":"DeleteReceived", "context":{"id":"971ebdd9-aef1-4410-8e6b-8bec800b8bdf", "isDeleted:":"true", "version":"1691416058335"}}
{"logTime": "1010/101048", "correlationVector":"Sy9Fg4liYGmXtcTE0KKnTD.130","action":"GetUpdates", "result":"DeleteReceived", "context":{"id":"4847789b-1981-4f26-b27d-47459a17f50a", "isDeleted:":"true", "version":"1691416551300"}}
{"logTime": "1010/101048", "correlationVector":"Sy9Fg4liYGmXtcTE0KKnTD.131","action":"GetUpdates", "result":"DeleteReceived", "context":{"id":"90e9d172-9826-4e3f-ad29-db6aa99b6fdf", "isDeleted:":"true", "version":"1691419761254"}}
{"logTime": "1010/101048", "correlationVector":"Sy9Fg4liYGmXtcTE0KKnTD.132","action":"GetUpdates", "result":"DeleteReceived", "context":{"id":"41b62ea8-f9c2-4652-8dbd-f6208b724895", "isDeleted:":"true", "version":"1691419761255"}}
{"logTime": "1010/101048", "correlationVector":"Sy9Fg4liYGmXtcTE0KKnTD.133","action":"GetUpdates", "result":"DeleteReceived", "context":{"id":"6afced0e-6f09-4536-a286-a46f9dadd3ce", "isDeleted:":"true", "version":"1691419761256"}}
{"logTime": "1010/101048", "correlationVector":"Sy9Fg4liYGmXtcTE0KKnTD.134","action":"GetUpdates", "result":"DeleteReceived", "context":{"id":"626ac418-3085-428e-96f9-e1a5ba3914ec", "isDeleted:":"true", "version":"1691549595114"}}
{"logTime": "1010/101048", "correlationVector":"Sy9Fg4liYGmXtcTE0KKnTD.135","action":"GetUpdates", "result":"DeleteReceived", "context":{"id":"c1107279-4a58-4fe7-a287-11685f13df5f", "isDeleted:":"true", "version":"1691549595116"}}
{"logTime": "1010/101048", "correlationVector":"Sy9Fg4liYGmXtcTE0KKnTD.136","action":"GetUpdates", "result":"DeleteReceived", "context":{"id":"d52d064c-87f0-48cd-a586-dec2311db268", "isDeleted:":"true", "version":"1691549595117"}}
{"logTime": "1010/101048", "correlationVector":"Sy9Fg4liYGmXtcTE0KKnTD.137","action":"GetUpdates", "result":"DeleteReceived", "context":{"id":"9ff9d029-876a-46df-ba8f-d7950576a46e", "isDeleted:":"true", "version":"1691549595118"}}
{"logTime": "1010/101048", "correlationVector":"Sy9Fg4liYGmXtcTE0KKnTD.138","action":"GetUpdates", "result":"DeleteReceived", "context":{"id":"1df68d66-78ba-4c2b-968f-9a47be4c3e20", "isDeleted:":"true", "version":"1691549595119"}}
{"logTime": "1010/101048", "correlationVector":"Sy9Fg4liYGmXtcTE0KKnTD.139","action":"GetUpdates", "result":"DeleteReceived", "context":{"id":"a1c20e8f-4ac3-42a4-852a-f9c99be52683", "isDeleted:":"true", "version":"1691549595120"}}
{"logTime": "1010/101048", "correlationVector":"Sy9Fg4liYGmXtcTE0KKnTD.140","action":"GetUpdates", "result":"DeleteReceived", "context":{"id":"5482173f-ac58-449f-8618-f2186c8b524f", "isDeleted:":"true", "version":"1691549595121"}}
{"logTime": "1010/101048", "correlationVector":"Sy9Fg4liYGmXtcTE0KKnTD.141","action":"GetUpdates", "result":"DeleteReceived", "context":{"id":"4f0958e8-70f3-45ed-a4f5-4e8015bca302", "isDeleted:":"true", "version":"1691549595122"}}
{"logTime": "1010/101048", "correlationVector":"Sy9Fg4liYGmXtcTE0KKnTD.142","action":"GetUpdates", "result":"DeleteReceived", "context":{"id":"3f9264c0-df98-423a-98fa-b530c9d65f89", "isDeleted:":"true", "version":"1691838224842"}}
{"logTime": "1010/101048", "correlationVector":"Sy9Fg4liYGmXtcTE0KKnTD.143","action":"GetUpdates", "result":"DeleteReceived", "context":{"id":"467d7a2e-c11c-4f77-a54d-6ff76482920c", "isDeleted:":"true", "version":"1691838224843"}}
{"logTime": "1010/101048", "correlationVector":"Sy9Fg4liYGmXtcTE0KKnTD.144","action":"GetUpdates", "result":"DeleteReceived", "context":{"id":"6c95ccbd-fcb0-499a-88fc-f76697d89748", "isDeleted:":"true", "version":"1691838224844"}}
{"logTime": "1010/101048", "correlationVector":"Sy9Fg4liYGmXtcTE0KKnTD.145","action":"GetUpdates", "result":"DeleteReceived", "context":{"id":"25547f7a-9b6c-4f6f-a997-813841552cce", "isDeleted:":"true", "version":"1691838224845"}}
{"logTime": "1010/101048", "correlationVector":"Sy9Fg4liYGmXtcTE0KKnTD.146","action":"GetUpdates", "result":"DeleteReceived", "context":{"id":"066b133c-95af-430f-973e-d2a6251eac2b", "isDeleted:":"true", "version":"1691838224846"}}
{"logTime": "1010/101048", "correlationVector":"Sy9Fg4liYGmXtcTE0KKnTD.147","action":"GetUpdates", "result":"DeleteReceived", "context":{"id":"bdb3096b-93fd-4f06-9c37-10884c621d9f", "isDeleted:":"true", "version":"1691838224847"}}
{"logTime": "1010/101048", "correlationVector":"Sy9Fg4liYGmXtcTE0KKnTD.148","action":"GetUpdates", "result":"DeleteReceived", "context":{"id":"cfc3fea4-4bb3-4e06-be85-743bb8a3387c", "isDeleted:":"true", "version":"1691838224849"}}
{"logTime": "1010/101048", "correlationVector":"Sy9Fg4liYGmXtcTE0KKnTD.149","action":"GetUpdates", "result":"DeleteReceived", "context":{"id":"fce70fe5-ec45-48be-b99e-1f5df05b404a", "isDeleted:":"true", "version":"1691850204157"}}
{"logTime": "1010/101048", "correlationVector":"Sy9Fg4liYGmXtcTE0KKnTD.150","action":"GetUpdates", "result":"DeleteReceived", "context":{"id":"6887e67c-dda5-4167-a87c-9126d39d6656", "isDeleted:":"true", "version":"1691897836477"}}
{"logTime": "1010/101048", "correlationVector":"Sy9Fg4liYGmXtcTE0KKnTD.151","action":"GetUpdates", "result":"DeleteReceived", "context":{"id":"ef09a570-b54f-489a-b102-3f689b56d004", "isDeleted:":"true", "version":"1692347842918"}}
{"logTime": "1010/101048", "correlationVector":"Sy9Fg4liYGmXtcTE0KKnTD.152","action":"GetUpdates", "result":"DeleteReceived", "context":{"id":"4c9c3c10-a056-4944-9d9b-61ca3052a6c1", "isDeleted:":"true", "version":"1692347842919"}}
{"logTime": "1010/101048", "correlationVector":"Sy9Fg4liYGmXtcTE0KKnTD.153","action":"GetUpdates", "result":"DeleteReceived", "context":{"id":"bb9a4bbe-a263-4ba8-b0ae-7b9ad7fbf167", "isDeleted:":"true", "version":"1692347842922"}}
{"logTime": "1010/101048", "correlationVector":"Sy9Fg4liYGmXtcTE0KKnTD.154","action":"GetUpdates", "result":"DeleteReceived", "context":{"id":"693d83ae-0a9f-4cdb-8355-2d97b35033a7", "isDeleted:":"true", "version":"1692358534378"}}
{"logTime": "1010/101048", "correlationVector":"Sy9Fg4liYGmXtcTE0KKnTD.155","action":"GetUpdates", "result":"DeleteReceived", "context":{"id":"8924ca06-453f-46c9-995e-fc6d32872d6b", "isDeleted:":"true", "version":"1692358534379"}}
{"logTime": "1010/101048", "correlationVector":"Sy9Fg4liYGmXtcTE0KKnTD.156","action":"GetUpdates", "result":"DeleteReceived", "context":{"id":"b2713e4b-ac50-4d3e-8064-e821ccfb0cd8", "isDeleted:":"true", "version":"1692359066798"}}
{"logTime": "1010/101048", "correlationVector":"Sy9Fg4liYGmXtcTE0KKnTD.157","action":"GetUpdates", "result":"DeleteReceived", "context":{"id":"12449e1b-76b0-4041-8f00-82cd8643c003", "isDeleted:":"true", "version":"1692686351460"}}
{"logTime": "1010/101048", "correlationVector":"Sy9Fg4liYGmXtcTE0KKnTD.158","action":"GetUpdates", "result":"DeleteReceived", "context":{"id":"e28b9130-c643-490f-946b-e2295b891113", "isDeleted:":"true", "version":"1692753150545"}}
{"logTime": "1010/101048", "correlationVector":"Sy9Fg4liYGmXtcTE0KKnTD.159","action":"GetUpdates", "result":"DeleteReceived", "context":{"id":"4f151a59-2a35-4b61-96cc-13edbdf825f0", "isDeleted:":"true", "version":"1692753150546"}}
{"logTime": "1010/101048", "correlationVector":"Sy9Fg4liYGmXtcTE0KKnTD.160","action":"GetUpdates", "result":"DeleteReceived", "context":{"id":"48e6e384-1e4f-471b-88f3-3d379c4c446f", "isDeleted:":"true", "version":"1693401862025"}}
{"logTime": "1010/101048", "correlationVector":"Sy9Fg4liYGmXtcTE0KKnTD.161","action":"GetUpdates", "result":"DeleteReceived", "context":{"id":"b37f1036-0dab-410d-94d9-b171e4a56d4e", "isDeleted:":"true", "version":"1693401862026"}}
{"logTime": "1010/101048", "correlationVector":"Sy9Fg4liYGmXtcTE0KKnTD.162","action":"GetUpdates", "result":"DeleteReceived", "context":{"id":"002cf304-f60a-4834-b179-8d4398e65842", "isDeleted:":"true", "version":"1693401862027"}}
{"logTime": "1010/101048", "correlationVector":"Sy9Fg4liYGmXtcTE0KKnTD.163","action":"GetUpdates", "result":"DeleteReceived", "context":{"id":"e91631dc-1359-4f5f-b262-9a37e31053ef", "isDeleted:":"true", "version":"1693401862028"}}
{"logTime": "1010/101048", "correlationVector":"Sy9Fg4liYGmXtcTE0KKnTD.164","action":"GetUpdates", "result":"DeleteReceived", "context":{"id":"bf2f2133-ac37-49f6-afaf-c6b00bd03f8b", "isDeleted:":"true", "version":"1693401862029"}}
{"logTime": "1010/101048", "correlationVector":"Sy9Fg4liYGmXtcTE0KKnTD.165","action":"GetUpdates", "result":"DeleteReceived", "context":{"id":"7712dff8-0bd1-4718-9bca-24fef4d72de9", "isDeleted:":"true", "version":"1693485556546"}}
{"logTime": "1010/101048", "correlationVector":"Sy9Fg4liYGmXtcTE0KKnTD.166","action":"GetUpdates", "result":"DeleteReceived", "context":{"id":"c268ab11-d4b6-42e2-8a0a-a9c553bce555", "isDeleted:":"true", "version":"1693915462989"}}
{"logTime": "1010/101048", "correlationVector":"Sy9Fg4liYGmXtcTE0KKnTD.167","action":"GetUpdates", "result":"DeleteReceived", "context":{"id":"e792568b-a76f-4a7f-823e-4490d5599bc7", "isDeleted:":"true", "version":"1693915462990"}}
{"logTime": "1010/101048", "correlationVector":"Sy9Fg4liYGmXtcTE0KKnTD.168","action":"GetUpdates Response", "result":"SERVER_MORE_TO_DOWNLOAD", "context":Received 250 update(s).  Some updates remain.}
{"logTime": "1010/101048", "correlationVector":"jREqsi3rZrBYH/nGYI2Mu2","action":"Initial GetUpdates", "result":"", "context":Reason: NEWLY_SUPPORTED_DATATYPE. cV=jREqsi3rZrBYH/nGYI2Mu2}
{"logTime": "1010/101048", "correlationVector":"jREqsi3rZrBYH/nGYI2Mu2.1","action":"SyncServerConnectionManagerRequest", "result":"SYNC_SERVER_OK", "context":{"environment":"Prod_EastAsia_000d", "migrationStage":"NotStarted", "server":"GENERAL01000001"}}
{"logTime": "1010/101048", "correlationVector":"jREqsi3rZrBYH/nGYI2Mu2.2","action":"GetUpdates", "result":"DeleteReceived", "context":{"id":"b2fb6543-a145-4d7f-9b5c-92a12bf7d578", "isDeleted:":"true", "version":"1693989491299"}}
{"logTime": "1010/101048", "correlationVector":"jREqsi3rZrBYH/nGYI2Mu2.3","action":"GetUpdates", "result":"DeleteReceived", "context":{"id":"72f34c36-b821-4dc0-a77b-ec474800284d", "isDeleted:":"true", "version":"1693989491300"}}
{"logTime": "1010/101048", "correlationVector":"jREqsi3rZrBYH/nGYI2Mu2.4","action":"GetUpdates", "result":"DeleteReceived", "context":{"id":"bb472452-f7f1-47f5-8e10-0d96c7739965", "isDeleted:":"true", "version":"1693989491301"}}
{"logTime": "1010/101048", "correlationVector":"jREqsi3rZrBYH/nGYI2Mu2.5","action":"GetUpdates", "result":"DeleteReceived", "context":{"id":"8874f74c-49b3-4ec9-9516-acf7f921c07f", "isDeleted:":"true", "version":"1693990559363"}}
{"logTime": "1010/101048", "correlationVector":"jREqsi3rZrBYH/nGYI2Mu2.6","action":"GetUpdates", "result":"DeleteReceived", "context":{"id":"2675e2a1-f8b1-4e86-a516-195171ca5af4", "isDeleted:":"true", "version":"1693991321102"}}
{"logTime": "1010/101048", "correlationVector":"jREqsi3rZrBYH/nGYI2Mu2.7","action":"GetUpdates", "result":"DeleteReceived", "context":{"id":"36ebfca9-8e4f-473c-87fd-299c63f711a1", "isDeleted:":"true", "version":"1693991999199"}}
{"logTime": "1010/101048", "correlationVector":"jREqsi3rZrBYH/nGYI2Mu2.8","action":"GetUpdates", "result":"DeleteReceived", "context":{"id":"265fb853-a70d-4fb1-abe7-1bf65e66a263", "isDeleted:":"true", "version":"1693991999201"}}
{"logTime": "1010/101048", "correlationVector":"jREqsi3rZrBYH/nGYI2Mu2.9","action":"GetUpdates", "result":"DeleteReceived", "context":{"id":"6e029fe0-4d1d-4b30-8859-0885d638f7a2", "isDeleted:":"true", "version":"1693991999202"}}
{"logTime": "1010/101048", "correlationVector":"jREqsi3rZrBYH/nGYI2Mu2.10","action":"GetUpdates", "result":"DeleteReceived", "context":{"id":"7a3209b7-558a-4ec2-9d6b-96077f1fcc2b", "isDeleted:":"true", "version":"1694162554058"}}
{"logTime": "1010/101048", "correlationVector":"jREqsi3rZrBYH/nGYI2Mu2.11","action":"GetUpdates", "result":"DeleteReceived", "context":{"id":"61b7687a-29c6-4f03-997d-f1f217d9076b", "isDeleted:":"true", "version":"1694162554059"}}
{"logTime": "1010/101048", "correlationVector":"jREqsi3rZrBYH/nGYI2Mu2.12","action":"GetUpdates", "result":"DeleteReceived", "context":{"id":"b50609e8-ad79-46a9-876a-0e09c7d2dac3", "isDeleted:":"true", "version":"1694162554060"}}
{"logTime": "1010/101048", "correlationVector":"jREqsi3rZrBYH/nGYI2Mu2.13","action":"GetUpdates", "result":"DeleteReceived", "context":{"id":"ecc76ec5-df12-4d8a-88f1-8ed4a7f053eb", "isDeleted:":"true", "version":"1694162554061"}}
{"logTime": "1010/101048", "correlationVector":"jREqsi3rZrBYH/nGYI2Mu2.14","action":"GetUpdates", "result":"DeleteReceived", "context":{"id":"afc3381d-9583-41b9-a323-2db729613d51", "isDeleted:":"true", "version":"1694162554062"}}
{"logTime": "1010/101048", "correlationVector":"jREqsi3rZrBYH/nGYI2Mu2.15","action":"GetUpdates", "result":"DeleteReceived", "context":{"id":"993d090d-efec-45de-b49e-d637600d8beb", "isDeleted:":"true", "version":"1694162554063"}}
{"logTime": "1010/101048", "correlationVector":"jREqsi3rZrBYH/nGYI2Mu2.16","action":"GetUpdates", "result":"DeleteReceived", "context":{"id":"98988dbf-d070-4916-85dd-40b29c244368", "isDeleted:":"true", "version":"1694162554064"}}
{"logTime": "1010/101048", "correlationVector":"jREqsi3rZrBYH/nGYI2Mu2.17","action":"GetUpdates", "result":"DeleteReceived", "context":{"id":"756fd194-174b-4df5-b229-81f5acd87e4a", "isDeleted:":"true", "version":"1694162554065"}}
{"logTime": "1010/101048", "correlationVector":"jREqsi3rZrBYH/nGYI2Mu2.18","action":"GetUpdates", "result":"DeleteReceived", "context":{"id":"56afb4b4-56f5-4f79-8e82-123b7a9420f9", "isDeleted:":"true", "version":"1694162554066"}}
{"logTime": "1010/101048", "correlationVector":"jREqsi3rZrBYH/nGYI2Mu2.19","action":"GetUpdates", "result":"DeleteReceived", "context":{"id":"22931503-77c1-481d-ac77-b813c3e8937e", "isDeleted:":"true", "version":"1694162554067"}}
{"logTime": "1010/101048", "correlationVector":"jREqsi3rZrBYH/nGYI2Mu2.20","action":"GetUpdates", "result":"DeleteReceived", "context":{"id":"d278cf3a-67ba-42c9-b5d2-adbbce61ec8d", "isDeleted:":"true", "version":"1694162554068"}}
{"logTime": "1010/101048", "correlationVector":"jREqsi3rZrBYH/nGYI2Mu2.21","action":"GetUpdates", "result":"DeleteReceived", "context":{"id":"9f1426da-b81c-4f43-8c67-11ade89ea2c5", "isDeleted:":"true", "version":"1694162554069"}}
{"logTime": "1010/101048", "correlationVector":"jREqsi3rZrBYH/nGYI2Mu2.22","action":"GetUpdates", "result":"DeleteReceived", "context":{"id":"2acae160-d891-4d73-80b9-e9b0b28df4da", "isDeleted:":"true", "version":"1694162554070"}}
{"logTime": "1010/101048", "correlationVector":"jREqsi3rZrBYH/nGYI2Mu2.23","action":"GetUpdates", "result":"DeleteReceived", "context":{"id":"3c864d25-76e8-4b8a-8008-98e2043d7153", "isDeleted:":"true", "version":"1694162554071"}}
{"logTime": "1010/101048", "correlationVector":"jREqsi3rZrBYH/nGYI2Mu2.24","action":"GetUpdates", "result":"DeleteReceived", "context":{"id":"59b5db85-aafd-4f38-a04e-3ce8eff8efd2", "isDeleted:":"true", "version":"1694405211746"}}
{"logTime": "1010/101048", "correlationVector":"jREqsi3rZrBYH/nGYI2Mu2.25","action":"GetUpdates", "result":"DeleteReceived", "context":{"id":"ea365563-cd10-4de5-a2a6-a9a897b284ea", "isDeleted:":"true", "version":"1694570340637"}}
{"logTime": "1010/101048", "correlationVector":"jREqsi3rZrBYH/nGYI2Mu2.26","action":"GetUpdates", "result":"DeleteReceived", "context":{"id":"34c63064-e734-49e3-9979-7b240c9505c5", "isDeleted:":"true", "version":"1694570340638"}}
{"logTime": "1010/101048", "correlationVector":"jREqsi3rZrBYH/nGYI2Mu2.27","action":"GetUpdates", "result":"DeleteReceived", "context":{"id":"25240c9a-4701-4c9e-8a26-c3579b52eef9", "isDeleted:":"true", "version":"1694606394367"}}
{"logTime": "1010/101048", "correlationVector":"jREqsi3rZrBYH/nGYI2Mu2.28","action":"GetUpdates", "result":"DeleteReceived", "context":{"id":"974fc37f-d8f9-43ec-9ab5-3de52dc593ca", "isDeleted:":"true", "version":"1694676952139"}}
{"logTime": "1010/101048", "correlationVector":"jREqsi3rZrBYH/nGYI2Mu2.29","action":"GetUpdates", "result":"DeleteReceived", "context":{"id":"aa071dbb-f329-4e08-bceb-0f3926966d53", "isDeleted:":"true", "version":"1694677199071"}}
{"logTime": "1010/101048", "correlationVector":"jREqsi3rZrBYH/nGYI2Mu2.30","action":"GetUpdates", "result":"DeleteReceived", "context":{"id":"e2974401-3c45-4914-89c2-7feb6a309e08", "isDeleted:":"true", "version":"1694677199072"}}
{"logTime": "1010/101048", "correlationVector":"jREqsi3rZrBYH/nGYI2Mu2.31","action":"GetUpdates", "result":"DeleteReceived", "context":{"id":"326e78f4-4a1c-4c8b-bdd4-81e82387b645", "isDeleted:":"true", "version":"1694687755179"}}
{"logTime": "1010/101048", "correlationVector":"jREqsi3rZrBYH/nGYI2Mu2.32","action":"GetUpdates", "result":"DeleteReceived", "context":{"id":"730372cf-bc01-4470-bb71-3f630dcdaecf", "isDeleted:":"true", "version":"1694687755180"}}
{"logTime": "1010/101048", "correlationVector":"jREqsi3rZrBYH/nGYI2Mu2.33","action":"GetUpdates", "result":"DeleteReceived", "context":{"id":"a69295f7-e254-45eb-bec5-86322fd37e35", "isDeleted:":"true", "version":"1694693321219"}}
{"logTime": "1010/101048", "correlationVector":"jREqsi3rZrBYH/nGYI2Mu2.34","action":"GetUpdates", "result":"DeleteReceived", "context":{"id":"19f7b721-27df-4d1a-ae64-41feafbfa1da", "isDeleted:":"true", "version":"1694693472858"}}
{"logTime": "1010/101048", "correlationVector":"jREqsi3rZrBYH/nGYI2Mu2.35","action":"GetUpdates", "result":"DeleteReceived", "context":{"id":"1a28dc46-dea7-4013-a86c-ca1e08e06975", "isDeleted:":"true", "version":"1694693472859"}}
{"logTime": "1010/101048", "correlationVector":"jREqsi3rZrBYH/nGYI2Mu2.36","action":"GetUpdates", "result":"DeleteReceived", "context":{"id":"7f3904b4-12f8-41e2-902a-740a07239737", "isDeleted:":"true", "version":"1694693472860"}}
{"logTime": "1010/101048", "correlationVector":"jREqsi3rZrBYH/nGYI2Mu2.37","action":"GetUpdates", "result":"DeleteReceived", "context":{"id":"897e5501-6120-40a8-9b45-777ffc1023d2", "isDeleted:":"true", "version":"1694693472861"}}
{"logTime": "1010/101048", "correlationVector":"jREqsi3rZrBYH/nGYI2Mu2.38","action":"GetUpdates", "result":"DeleteReceived", "context":{"id":"79d50db8-f13c-4ad0-80d2-e13a04c18c8b", "isDeleted:":"true", "version":"1694693928030"}}
{"logTime": "1010/101048", "correlationVector":"jREqsi3rZrBYH/nGYI2Mu2.39","action":"GetUpdates", "result":"DeleteReceived", "context":{"id":"4664cde4-b70d-45a4-b3b7-88a46ff40e24", "isDeleted:":"true", "version":"1694693998284"}}
{"logTime": "1010/101048", "correlationVector":"jREqsi3rZrBYH/nGYI2Mu2.40","action":"GetUpdates", "result":"DeleteReceived", "context":{"id":"0a02e2e1-3e56-4516-968f-f86116048f64", "isDeleted:":"true", "version":"1694789434239"}}
{"logTime": "1010/101048", "correlationVector":"jREqsi3rZrBYH/nGYI2Mu2.41","action":"GetUpdates", "result":"DeleteReceived", "context":{"id":"6bda3b1b-2d7c-451e-a4a2-425f4b42d521", "isDeleted:":"true", "version":"1694789434241"}}
{"logTime": "1010/101048", "correlationVector":"jREqsi3rZrBYH/nGYI2Mu2.42","action":"GetUpdates", "result":"DeleteReceived", "context":{"id":"7febd571-5f6a-4bf8-8fa5-8c9046c6a36f", "isDeleted:":"true", "version":"1694824513405"}}
{"logTime": "1010/101048", "correlationVector":"jREqsi3rZrBYH/nGYI2Mu2.43","action":"GetUpdates", "result":"DeleteReceived", "context":{"id":"de326fc9-c218-4f5b-a089-8d60ee770aca", "isDeleted:":"true", "version":"1694856905460"}}
{"logTime": "1010/101048", "correlationVector":"jREqsi3rZrBYH/nGYI2Mu2.44","action":"GetUpdates", "result":"DeleteReceived", "context":{"id":"e890c298-128e-46e1-9599-0f4bbc5b8977", "isDeleted:":"true", "version":"1694856905462"}}
{"logTime": "1010/101048", "correlationVector":"jREqsi3rZrBYH/nGYI2Mu2.45","action":"GetUpdates", "result":"DeleteReceived", "context":{"id":"c47c1a07-ec01-42c1-a355-fb8b168ef508", "isDeleted:":"true", "version":"1694872314270"}}
{"logTime": "1010/101048", "correlationVector":"jREqsi3rZrBYH/nGYI2Mu2.46","action":"GetUpdates", "result":"DeleteReceived", "context":{"id":"23f80e24-5f4c-4889-98b7-8e4ae6fab9c6", "isDeleted:":"true", "version":"1694957595520"}}
{"logTime": "1010/101048", "correlationVector":"jREqsi3rZrBYH/nGYI2Mu2.47","action":"GetUpdates", "result":"DeleteReceived", "context":{"id":"bff01d90-bc82-4c7e-bf07-4c70dbb842b6", "isDeleted:":"true", "version":"1695014879272"}}
{"logTime": "1010/101048", "correlationVector":"jREqsi3rZrBYH/nGYI2Mu2.48","action":"GetUpdates", "result":"DeleteReceived", "context":{"id":"2f2029b2-571d-4608-91f4-ca6a2b579dcd", "isDeleted:":"true", "version":"1695027631905"}}
{"logTime": "1010/101048", "correlationVector":"jREqsi3rZrBYH/nGYI2Mu2.49","action":"GetUpdates", "result":"DeleteReceived", "context":{"id":"52b40ecd-7eb1-45d3-8fab-cd109358a466", "isDeleted:":"true", "version":"1695041616234"}}
{"logTime": "1010/101048", "correlationVector":"jREqsi3rZrBYH/nGYI2Mu2.50","action":"GetUpdates", "result":"DeleteReceived", "context":{"id":"9fa6d8cf-f8e1-41bf-950f-91ac3989266f", "isDeleted:":"true", "version":"1695090267457"}}
{"logTime": "1010/101048", "correlationVector":"jREqsi3rZrBYH/nGYI2Mu2.51","action":"GetUpdates", "result":"DeleteReceived", "context":{"id":"15c171a4-ddd9-4cb8-b5c8-2e9549d1ed59", "isDeleted:":"true", "version":"1695090267458"}}
{"logTime": "1010/101048", "correlationVector":"jREqsi3rZrBYH/nGYI2Mu2.52","action":"GetUpdates", "result":"DeleteReceived", "context":{"id":"7d8282bb-0ad3-41ce-b8e5-d00cff694c7f", "isDeleted:":"true", "version":"1695134426906"}}
{"logTime": "1010/101048", "correlationVector":"jREqsi3rZrBYH/nGYI2Mu2.53","action":"GetUpdates", "result":"DeleteReceived", "context":{"id":"46bd55a0-d453-481c-b829-ed5faed05ba5", "isDeleted:":"true", "version":"1695134633157"}}
{"logTime": "1010/101048", "correlationVector":"jREqsi3rZrBYH/nGYI2Mu2.54","action":"GetUpdates", "result":"DeleteReceived", "context":{"id":"946b04e7-bb17-4832-a4c4-226064ea17c1", "isDeleted:":"true", "version":"1695208878625"}}
{"logTime": "1010/101048", "correlationVector":"jREqsi3rZrBYH/nGYI2Mu2.55","action":"GetUpdates", "result":"DeleteReceived", "context":{"id":"20e18e6c-2fac-4a29-87cf-fc937e06b90f", "isDeleted:":"true", "version":"1695208878626"}}
{"logTime": "1010/101048", "correlationVector":"jREqsi3rZrBYH/nGYI2Mu2.56","action":"GetUpdates", "result":"DeleteReceived", "context":{"id":"3fcad24a-fe3a-4895-995f-a94f77c2657c", "isDeleted:":"true", "version":"1695208878627"}}
{"logTime": "1010/101048", "correlationVector":"jREqsi3rZrBYH/nGYI2Mu2.57","action":"GetUpdates", "result":"DeleteReceived", "context":{"id":"6f271c94-4063-4581-8206-ff80cc6b103a", "isDeleted:":"true", "version":"1695430082474"}}
{"logTime": "1010/101048", "correlationVector":"jREqsi3rZrBYH/nGYI2Mu2.58","action":"GetUpdates", "result":"DeleteReceived", "context":{"id":"17169c43-3fdb-4764-943b-0562b05da07e", "isDeleted:":"true", "version":"1695482455618"}}
{"logTime": "1010/101048", "correlationVector":"jREqsi3rZrBYH/nGYI2Mu2.59","action":"GetUpdates", "result":"DeleteReceived", "context":{"id":"55221192-ea6a-459a-aa76-76d5a74d4ffe", "isDeleted:":"true", "version":"1695565193620"}}
{"logTime": "1010/101048", "correlationVector":"jREqsi3rZrBYH/nGYI2Mu2.60","action":"GetUpdates", "result":"DeleteReceived", "context":{"id":"5548edfd-114c-4cb0-bb84-409f2009ba05", "isDeleted:":"true", "version":"1695566078648"}}
{"logTime": "1010/101048", "correlationVector":"jREqsi3rZrBYH/nGYI2Mu2.61","action":"GetUpdates", "result":"DeleteReceived", "context":{"id":"984d3182-b0b1-4bbd-9940-f6c54a2b6357", "isDeleted:":"true", "version":"1695631578975"}}
{"logTime": "1010/101048", "correlationVector":"jREqsi3rZrBYH/nGYI2Mu2.62","action":"GetUpdates", "result":"DeleteReceived", "context":{"id":"196cb203-a72e-4084-a6cc-18f5133b4e0e", "isDeleted:":"true", "version":"1695643051854"}}
{"logTime": "1010/101048", "correlationVector":"jREqsi3rZrBYH/nGYI2Mu2.63","action":"GetUpdates", "result":"DeleteReceived", "context":{"id":"607bbdd2-d598-443a-8c2b-8b39d90cc892", "isDeleted:":"true", "version":"1695643051855"}}
{"logTime": "1010/101048", "correlationVector":"jREqsi3rZrBYH/nGYI2Mu2.64","action":"GetUpdates", "result":"DeleteReceived", "context":{"id":"bc611d42-413c-42ce-8e7a-f9dac10b9a86", "isDeleted:":"true", "version":"1695821244224"}}
{"logTime": "1010/101048", "correlationVector":"jREqsi3rZrBYH/nGYI2Mu2.65","action":"GetUpdates", "result":"DeleteReceived", "context":{"id":"85972a2f-bda3-4ed9-91a4-ba68a527270d", "isDeleted:":"true", "version":"1695896417752"}}
{"logTime": "1010/101048", "correlationVector":"jREqsi3rZrBYH/nGYI2Mu2.66","action":"GetUpdates", "result":"DeleteReceived", "context":{"id":"59be0737-68dd-42dd-a4d8-12a275f64ce6", "isDeleted:":"true", "version":"1695903774355"}}
{"logTime": "1010/101048", "correlationVector":"jREqsi3rZrBYH/nGYI2Mu2.67","action":"GetUpdates", "result":"DeleteReceived", "context":{"id":"e600767e-5760-44fe-b276-57541b32a0f8", "isDeleted:":"true", "version":"1695903774356"}}
{"logTime": "1010/101048", "correlationVector":"jREqsi3rZrBYH/nGYI2Mu2.68","action":"GetUpdates", "result":"DeleteReceived", "context":{"id":"90026521-41f2-4bb6-8378-159f64cabb08", "isDeleted:":"true", "version":"1695975190962"}}
{"logTime": "1010/101048", "correlationVector":"jREqsi3rZrBYH/nGYI2Mu2.69","action":"GetUpdates", "result":"DeleteReceived", "context":{"id":"dee56448-9465-45e2-8970-994c9892c3d7", "isDeleted:":"true", "version":"1695997523233"}}
{"logTime": "1010/101048", "correlationVector":"jREqsi3rZrBYH/nGYI2Mu2.70","action":"GetUpdates", "result":"DeleteReceived", "context":{"id":"b687cf9c-d5ab-4197-804f-547797f935e3", "isDeleted:":"true", "version":"1696041379571"}}
{"logTime": "1010/101048", "correlationVector":"jREqsi3rZrBYH/nGYI2Mu2.71","action":"GetUpdates", "result":"DeleteReceived", "context":{"id":"d0bebb94-3dd1-4c8a-833c-0da0ec9f95f4", "isDeleted:":"true", "version":"1696041379572"}}
{"logTime": "1010/101048", "correlationVector":"jREqsi3rZrBYH/nGYI2Mu2.72","action":"GetUpdates", "result":"DeleteReceived", "context":{"id":"07dfca5a-6fb5-4795-b982-c81ebb9677c4", "isDeleted:":"true", "version":"1696041379573"}}
{"logTime": "1010/101048", "correlationVector":"jREqsi3rZrBYH/nGYI2Mu2.73","action":"GetUpdates", "result":"DeleteReceived", "context":{"id":"55382d4f-edb5-4234-8857-2b59bcf61211", "isDeleted:":"true", "version":"1696041379574"}}
{"logTime": "1010/101048", "correlationVector":"jREqsi3rZrBYH/nGYI2Mu2.74","action":"GetUpdates", "result":"DeleteReceived", "context":{"id":"7588b3a4-6d06-4ebb-99f2-b4f799174ed6", "isDeleted:":"true", "version":"1696041379575"}}
{"logTime": "1010/101048", "correlationVector":"jREqsi3rZrBYH/nGYI2Mu2.75","action":"GetUpdates", "result":"DeleteReceived", "context":{"id":"97a8db45-f213-4859-8be6-dfcb0c62c896", "isDeleted:":"true", "version":"1696041379576"}}
{"logTime": "1010/101048", "correlationVector":"jREqsi3rZrBYH/nGYI2Mu2.76","action":"GetUpdates", "result":"DeleteReceived", "context":{"id":"6d2926cf-02ca-46c9-9f73-79f3270a9589", "isDeleted:":"true", "version":"1696054031060"}}
{"logTime": "1010/101048", "correlationVector":"jREqsi3rZrBYH/nGYI2Mu2.77","action":"GetUpdates", "result":"DeleteReceived", "context":{"id":"a06928a1-38c5-4904-91dc-c4370c2d98db", "isDeleted:":"true", "version":"1696076726640"}}
{"logTime": "1010/101048", "correlationVector":"jREqsi3rZrBYH/nGYI2Mu2.78","action":"GetUpdates", "result":"DeleteReceived", "context":{"id":"9e054c2a-4ec8-4e57-9659-664f90328ea1", "isDeleted:":"true", "version":"1696079360072"}}
{"logTime": "1010/101048", "correlationVector":"jREqsi3rZrBYH/nGYI2Mu2.79","action":"GetUpdates", "result":"DeleteReceived", "context":{"id":"9a5d64c2-f3f2-47a4-9ca5-4382ea62654e", "isDeleted:":"true", "version":"1696080365408"}}
{"logTime": "1010/101048", "correlationVector":"jREqsi3rZrBYH/nGYI2Mu2.80","action":"GetUpdates", "result":"DeleteReceived", "context":{"id":"30141696-d369-4832-bd38-df85047a8baa", "isDeleted:":"true", "version":"1696133245112"}}
{"logTime": "1010/101048", "correlationVector":"jREqsi3rZrBYH/nGYI2Mu2.81","action":"GetUpdates", "result":"DeleteReceived", "context":{"id":"6bcb8c22-859b-4533-9cbd-0168b8197c22", "isDeleted:":"true", "version":"1696143123178"}}
{"logTime": "1010/101048", "correlationVector":"jREqsi3rZrBYH/nGYI2Mu2.82","action":"GetUpdates", "result":"DeleteReceived", "context":{"id":"7eb263bb-a2d4-490a-8e11-a9a0ee62c8de", "isDeleted:":"true", "version":"1696147776544"}}
{"logTime": "1010/101048", "correlationVector":"jREqsi3rZrBYH/nGYI2Mu2.83","action":"GetUpdates", "result":"DeleteReceived", "context":{"id":"6140f68c-efc2-43a1-be99-a885fd240201", "isDeleted:":"true", "version":"1696150264363"}}
{"logTime": "1010/101048", "correlationVector":"jREqsi3rZrBYH/nGYI2Mu2.84","action":"GetUpdates", "result":"DeleteReceived", "context":{"id":"e0cd642b-cc71-4729-b2c5-462c3bd6bfa3", "isDeleted:":"true", "version":"1696152347720"}}
{"logTime": "1010/101048", "correlationVector":"jREqsi3rZrBYH/nGYI2Mu2.85","action":"GetUpdates", "result":"DeleteReceived", "context":{"id":"834f2c17-ab84-4627-8105-0e0229613842", "isDeleted:":"true", "version":"1696152858549"}}
{"logTime": "1010/101048", "correlationVector":"jREqsi3rZrBYH/nGYI2Mu2.86","action":"GetUpdates", "result":"DeleteReceived", "context":{"id":"af4c0100-b82f-49c2-af00-071fb7050859", "isDeleted:":"true", "version":"1696154279338"}}
{"logTime": "1010/101048", "correlationVector":"jREqsi3rZrBYH/nGYI2Mu2.87","action":"GetUpdates", "result":"DeleteReceived", "context":{"id":"61619b7d-573c-4fbd-a798-56c662f46953", "isDeleted:":"true", "version":"1696169353846"}}
{"logTime": "1010/101048", "correlationVector":"jREqsi3rZrBYH/nGYI2Mu2.88","action":"GetUpdates", "result":"DeleteReceived", "context":{"id":"31aaf4b5-8744-462e-9b2d-129dc83a5523", "isDeleted:":"true", "version":"1696171083658"}}
{"logTime": "1010/101048", "correlationVector":"jREqsi3rZrBYH/nGYI2Mu2.89","action":"GetUpdates", "result":"DeleteReceived", "context":{"id":"87d265e1-295f-4264-ba01-efab5ce255cb", "isDeleted:":"true", "version":"1696347832457"}}
{"logTime": "1010/101048", "correlationVector":"jREqsi3rZrBYH/nGYI2Mu2.90","action":"GetUpdates", "result":"DeleteReceived", "context":{"id":"90f8d01f-d9ba-4f24-b520-07c73084d487", "isDeleted:":"true", "version":"1696352385023"}}
{"logTime": "1010/101048", "correlationVector":"jREqsi3rZrBYH/nGYI2Mu2.91","action":"GetUpdates", "result":"DeleteReceived", "context":{"id":"b37ca1ca-826e-479a-8f0a-77b826d029f2", "isDeleted:":"true", "version":"1696518536279"}}
{"logTime": "1010/101048", "correlationVector":"jREqsi3rZrBYH/nGYI2Mu2.92","action":"GetUpdates", "result":"DeleteReceived", "context":{"id":"28a8f91b-c7fb-4bc2-ab58-c885c031e595", "isDeleted:":"true", "version":"1696520756218"}}
{"logTime": "1010/101048", "correlationVector":"jREqsi3rZrBYH/nGYI2Mu2.93","action":"GetUpdates", "result":"DeleteReceived", "context":{"id":"e5bad485-6874-467b-b260-e67e27d5f320", "isDeleted:":"true", "version":"1696642323919"}}
{"logTime": "1010/101048", "correlationVector":"jREqsi3rZrBYH/nGYI2Mu2.94","action":"GetUpdates", "result":"DeleteReceived", "context":{"id":"bd8b89f5-bd26-4379-8a00-76fadae15bb0", "isDeleted:":"true", "version":"1696642323922"}}
{"logTime": "1010/101048", "correlationVector":"jREqsi3rZrBYH/nGYI2Mu2.95","action":"GetUpdates", "result":"DeleteReceived", "context":{"id":"5fff13ba-afbe-45fd-a685-e64d5fe73814", "isDeleted:":"true", "version":"1696648754067"}}
{"logTime": "1010/101048", "correlationVector":"jREqsi3rZrBYH/nGYI2Mu2.96","action":"GetUpdates", "result":"DeleteReceived", "context":{"id":"0450f876-e570-49d1-910c-87dc92c14aee", "isDeleted:":"true", "version":"1696774860914"}}
{"logTime": "1010/101048", "correlationVector":"jREqsi3rZrBYH/nGYI2Mu2.97","action":"GetUpdates", "result":"DeleteReceived", "context":{"id":"1609374e-d3a3-45e5-b345-fc757e36e931", "isDeleted:":"true", "version":"1696774860915"}}
{"logTime": "1010/101048", "correlationVector":"jREqsi3rZrBYH/nGYI2Mu2.98","action":"GetUpdates", "result":"DeleteReceived", "context":{"id":"65d563fb-9646-4429-a3bb-4fe133a10bc0", "isDeleted:":"true", "version":"1696774860916"}}
{"logTime": "1010/101048", "correlationVector":"jREqsi3rZrBYH/nGYI2Mu2.99","action":"GetUpdates", "result":"DeleteReceived", "context":{"id":"a3a34881-8a9c-4746-8dbb-ea4a92246354", "isDeleted:":"true", "version":"1696919975743"}}
{"logTime": "1010/101048", "correlationVector":"jREqsi3rZrBYH/nGYI2Mu2.100","action":"GetUpdates Response", "result":"SYNCER_OK", "context":Received 151 update(s). cV=jREqsi3rZrBYH/nGYI2Mu2.0;server=GENERAL01000001;cloudType=Consumer;environment=Prod_EastAsia_000d;migrationStage=NotStarted}
{"logTime": "1010/101048", "correlationVector":"FdjzBrsmGapvpFxEkrbrCl","action":"Normal GetUpdate request", "result":"", "context":cV=FdjzBrsmGapvpFxEkrbrCl
Nudged types: Sessions, Device Info
Refresh requested types: Bookmarks, Preferences, Passwords, Autofill Profiles, Autofill, Autofill Custom Data, Typed URLs, Extensions, Sessions, Extension settings, History Delete Directives, Device Info, User Consents, Send Tab To Self, Web Apps, Collection, Edge E Drop, Edge Hub App Usage, Edge Wallet, Encryption Keys}
{"logTime": "1010/101048", "correlationVector":"FdjzBrsmGapvpFxEkrbrCl.1","action":"SyncServerConnectionManagerRequest", "result":"SYNC_SERVER_OK", "context":{"environment":"Prod_EastAsia_000d", "migrationStage":"NotStarted", "server":"GENERAL0100000H"}}
{"logTime": "1010/101048", "correlationVector":"FdjzBrsmGapvpFxEkrbrCl.2","action":"GetUpdates Response", "result":"SYNCER_OK", "context":Received 0 update(s). cV=FdjzBrsmGapvpFxEkrbrCl.0;server=GENERAL0100000H;cloudType=Consumer;environment=Prod_EastAsia_000d;migrationStage=NotStarted}
{"logTime": "1010/101048", "correlationVector":"uLMuRepfqXWBRr0RYF3w02","action":"Commit Request", "result":"", "context":Item count: 1
Contributing types: Device Info}
{"logTime": "1010/101049", "correlationVector":"uLMuRepfqXWBRr0RYF3w02.1","action":"SyncServerConnectionManagerRequest", "result":"SYNC_SERVER_OK", "context":{"environment":"Prod_EastAsia_000d", "migrationStage":"NotStarted", "server":"GENERAL01000006"}}
{"logTime": "1010/101049", "correlationVector":"uLMuRepfqXWBRr0RYF3w02.2","action":"Commit Response", "result":"SYNCER_OK", "context":Result: SYNCER_OK. cV=uLMuRepfqXWBRr0RYF3w02.0;server=GENERAL01000006;cloudType=Consumer;environment=Prod_EastAsia_000d;migrationStage=NotStarted}
{"logTime": "1010/101049", "correlationVector":"2cc7nlkDS2oOnemrCGxpvp","action":"Commit Request", "result":"", "context":Item count: 2
Contributing types: Sessions}
{"logTime": "1010/101049", "correlationVector":"2cc7nlkDS2oOnemrCGxpvp.1","action":"SyncServerConnectionManagerRequest", "result":"SYNC_SERVER_OK", "context":{"environment":"Prod_EastAsia_000d", "migrationStage":"NotStarted", "server":"GENERAL01000007"}}
{"logTime": "1010/101049", "correlationVector":"2cc7nlkDS2oOnemrCGxpvp.2","action":"Commit Response", "result":"SYNCER_OK", "context":Result: SYNCER_OK. cV=2cc7nlkDS2oOnemrCGxpvp.0;server=GENERAL01000007;cloudType=Consumer;environment=Prod_EastAsia_000d;migrationStage=NotStarted}
{"logTime": "1024/180411", "correlationVector":"kNX9k65+8Bi09JlAQzgSBg.0","action":"FeedSettingFetch_homeCloud", "result":"0", "context":{}}
{"logTime": "1024/180411", "correlationVector":"UpV6arS692j/Ug7CIq6aKQ.1","action":"SyncServerConnectionManagerRequest", "result":"SYNC_SERVER_OK", "context":{"environment":"Prod_EastAsia_000d", "migrationStage":"NotStarted", "server":"GENERAL0100000R"}}
{"logTime": "1024/180411", "correlationVector":"UpV6arS692j/Ug7CIq6aKQ","action":"Initial GetUpdates", "result":"", "context":Reason: NEW_CLIENT. cV=UpV6arS692j/Ug7CIq6aKQ}
{"logTime": "1024/180411", "correlationVector":"UpV6arS692j/Ug7CIq6aKQ.2","action":"GetUpdates Response", "result":"SYNCER_OK", "context":Received 1 update(s). cV=UpV6arS692j/Ug7CIq6aKQ.0;server=GENERAL0100000R;cloudType=Consumer;environment=Prod_EastAsia_000d;migrationStage=NotStarted}
{"logTime": "1024/180411", "correlationVector":"GLFZzhLPq438wk9CNsn3D7","action":"SyncServerConnectionManagerRequest", "result":"SYNC_SERVER_OK", "context":{"environment":"", "migrationStage":"", "server":""}}
{"logTime": "1024/180411", "correlationVector":"uYNUuuaWt7Nk2+TEZccGfD","action":"Initial GetUpdates", "result":"", "context":Reason: NEWLY_SUPPORTED_DATATYPE. cV=uYNUuuaWt7Nk2+TEZccGfD}
{"logTime": "1024/180411", "correlationVector":"uYNUuuaWt7Nk2+TEZccGfD.1","action":"SyncServerConnectionManagerRequest", "result":"SYNC_SERVER_OK", "context":{"environment":"Prod_EastAsia_000d", "migrationStage":"NotStarted", "server":"GENERAL0100001C"}}
{"logTime": "1024/180411", "correlationVector":"uYNUuuaWt7Nk2+TEZccGfD.2","action":"GetUpdates Response", "result":"SYNCER_OK", "context":Received 25 update(s). cV=uYNUuuaWt7Nk2+TEZccGfD.0;server=GENERAL0100001C;cloudType=Consumer;environment=Prod_EastAsia_000d;migrationStage=NotStarted}
{"logTime": "1024/180411", "correlationVector":"yh1wuVRqtSQr4Gxs2XjObR","action":"Normal GetUpdate request", "result":"", "context":cV=yh1wuVRqtSQr4Gxs2XjObR
Nudged types: Autofill Profiles, Sessions, Device Info, User Consents
Refresh requested types: Bookmarks, Preferences, Passwords, Autofill Profiles, Autofill, Autofill Custom Data, Typed URLs, Extensions, Sessions, Extension settings, History Delete Directives, Device Info, User Consents, Send Tab To Self, Web Apps, Collection, Edge E Drop, Edge Hub App Usage, Edge Wallet, Encryption Keys}
{"logTime": "1024/180411", "correlationVector":"yh1wuVRqtSQr4Gxs2XjObR.1","action":"SyncServerConnectionManagerRequest", "result":"SYNC_SERVER_OK", "context":{"environment":"Prod_EastAsia_000d", "migrationStage":"NotStarted", "server":"GENERAL0100001R"}}
{"logTime": "1024/180411", "correlationVector":"yh1wuVRqtSQr4Gxs2XjObR.2","action":"GetUpdates", "result":"DeleteReceived", "context":{"id":"e20ade70-8622-4659-98ce-21d52aa8b205", "isDeleted:":"true", "version":"1698141755412"}}
{"logTime": "1024/180411", "correlationVector":"yh1wuVRqtSQr4Gxs2XjObR.3","action":"GetUpdates", "result":"DeleteReceived", "context":{"id":"44181b92-e64c-4acc-81bd-e1fd817b409a", "isDeleted:":"true", "version":"1696933176454"}}
{"logTime": "1024/180411", "correlationVector":"yh1wuVRqtSQr4Gxs2XjObR.4","action":"GetUpdates", "result":"DeleteReceived", "context":{"id":"18c3c07c-a370-4931-98d6-84f1c5fa786c", "isDeleted:":"true", "version":"1696953456188"}}
{"logTime": "1024/180411", "correlationVector":"yh1wuVRqtSQr4Gxs2XjObR.5","action":"GetUpdates", "result":"DeleteReceived", "context":{"id":"1977fb6e-a815-45b9-abee-0f5606e12d5a", "isDeleted:":"true", "version":"1696953456189"}}
{"logTime": "1024/180411", "correlationVector":"yh1wuVRqtSQr4Gxs2XjObR.6","action":"GetUpdates", "result":"DeleteReceived", "context":{"id":"47b31718-b9fa-48a7-9519-04e3cd05a75b", "isDeleted:":"true", "version":"1696953456190"}}
{"logTime": "1024/180411", "correlationVector":"yh1wuVRqtSQr4Gxs2XjObR.7","action":"GetUpdates", "result":"DeleteReceived", "context":{"id":"29db79ee-ec76-4817-8464-e504f61f1dc8", "isDeleted:":"true", "version":"1696954248761"}}
{"logTime": "1024/180411", "correlationVector":"yh1wuVRqtSQr4Gxs2XjObR.8","action":"GetUpdates", "result":"DeleteReceived", "context":{"id":"4201b70e-7257-4968-b927-c44beb43dac8", "isDeleted:":"true", "version":"1697109878669"}}
{"logTime": "1024/180411", "correlationVector":"yh1wuVRqtSQr4Gxs2XjObR.9","action":"GetUpdates", "result":"DeleteReceived", "context":{"id":"039f3635-1cfa-4f12-81bb-e5512cc0af9f", "isDeleted:":"true", "version":"1697211963339"}}
{"logTime": "1024/180411", "correlationVector":"yh1wuVRqtSQr4Gxs2XjObR.10","action":"GetUpdates", "result":"DeleteReceived", "context":{"id":"d4b2e477-ddb7-47a0-acbe-88ca8d0e494d", "isDeleted:":"true", "version":"1697215345675"}}
{"logTime": "1024/180411", "correlationVector":"yh1wuVRqtSQr4Gxs2XjObR.11","action":"GetUpdates", "result":"DeleteReceived", "context":{"id":"6a564448-8a52-4443-acf0-d580313232e9", "isDeleted:":"true", "version":"1697215345676"}}
{"logTime": "1024/180411", "correlationVector":"yh1wuVRqtSQr4Gxs2XjObR.12","action":"GetUpdates", "result":"DeleteReceived", "context":{"id":"0753e9b4-7665-478e-ba76-283e60461419", "isDeleted:":"true", "version":"1697215345678"}}
{"logTime": "1024/180411", "correlationVector":"yh1wuVRqtSQr4Gxs2XjObR.13","action":"GetUpdates", "result":"DeleteReceived", "context":{"id":"31bf422d-5c52-4cd8-a1bf-038ea03eecb2", "isDeleted:":"true", "version":"1697215345679"}}
{"logTime": "1024/180411", "correlationVector":"yh1wuVRqtSQr4Gxs2XjObR.14","action":"GetUpdates", "result":"DeleteReceived", "context":{"id":"09c0e156-1780-427c-9a76-db570f21e9b6", "isDeleted:":"true", "version":"1697215345680"}}
{"logTime": "1024/180411", "correlationVector":"yh1wuVRqtSQr4Gxs2XjObR.15","action":"GetUpdates", "result":"DeleteReceived", "context":{"id":"04f0c5b3-d1d3-4a50-a752-7b068784250a", "isDeleted:":"true", "version":"1697215345681"}}
{"logTime": "1024/180411", "correlationVector":"yh1wuVRqtSQr4Gxs2XjObR.16","action":"GetUpdates", "result":"DeleteReceived", "context":{"id":"378e133e-8f5f-44f5-b864-4093070f2589", "isDeleted:":"true", "version":"1697215345682"}}
{"logTime": "1024/180411", "correlationVector":"yh1wuVRqtSQr4Gxs2XjObR.17","action":"GetUpdates", "result":"DeleteReceived", "context":{"id":"71ce60ad-3b1b-4ec9-9964-e81b809710db", "isDeleted:":"true", "version":"1697215345683"}}
{"logTime": "1024/180411", "correlationVector":"yh1wuVRqtSQr4Gxs2XjObR.18","action":"GetUpdates", "result":"DeleteReceived", "context":{"id":"d790b34d-68fa-4efa-8f91-429474ce629c", "isDeleted:":"true", "version":"1697246984161"}}
{"logTime": "1024/180411", "correlationVector":"yh1wuVRqtSQr4Gxs2XjObR.19","action":"GetUpdates", "result":"DeleteReceived", "context":{"id":"c039175c-c7a4-405e-8301-71bafda7d668", "isDeleted:":"true", "version":"1697262467650"}}
{"logTime": "1024/180411", "correlationVector":"yh1wuVRqtSQr4Gxs2XjObR.20","action":"GetUpdates", "result":"DeleteReceived", "context":{"id":"4b438132-d99b-4bf6-b262-7d21abe947bf", "isDeleted:":"true", "version":"1697425506484"}}
{"logTime": "1024/180411", "correlationVector":"yh1wuVRqtSQr4Gxs2XjObR.21","action":"GetUpdates", "result":"DeleteReceived", "context":{"id":"0148a965-be73-48a0-b89f-5bbc5bd39302", "isDeleted:":"true", "version":"1697440740176"}}
{"logTime": "1024/180411", "correlationVector":"yh1wuVRqtSQr4Gxs2XjObR.22","action":"GetUpdates", "result":"DeleteReceived", "context":{"id":"6626802a-a06a-4dc5-b500-245e97ec76d6", "isDeleted:":"true", "version":"1697440740177"}}
{"logTime": "1024/180411", "correlationVector":"yh1wuVRqtSQr4Gxs2XjObR.23","action":"GetUpdates", "result":"DeleteReceived", "context":{"id":"cc93c8d9-ce0d-49d1-b24e-c8dbb65645b4", "isDeleted:":"true", "version":"1697440740178"}}
{"logTime": "1024/180411", "correlationVector":"yh1wuVRqtSQr4Gxs2XjObR.24","action":"GetUpdates", "result":"DeleteReceived", "context":{"id":"f7f22b74-59f5-4611-ab13-22e2ae8f49d4", "isDeleted:":"true", "version":"1697441423895"}}
{"logTime": "1024/180411", "correlationVector":"yh1wuVRqtSQr4Gxs2XjObR.25","action":"GetUpdates", "result":"DeleteReceived", "context":{"id":"6f43de9e-1ade-4060-8b5d-9706b07895fe", "isDeleted:":"true", "version":"1697541007725"}}
{"logTime": "1024/180411", "correlationVector":"yh1wuVRqtSQr4Gxs2XjObR.26","action":"GetUpdates", "result":"DeleteReceived", "context":{"id":"52e83708-24f2-446e-b3dd-d04d535cf7eb", "isDeleted:":"true", "version":"1697547972371"}}
{"logTime": "1024/180411", "correlationVector":"yh1wuVRqtSQr4Gxs2XjObR.27","action":"GetUpdates", "result":"DeleteReceived", "context":{"id":"25d1b67d-1a1f-4a81-ae46-f1392ca0a1c1", "isDeleted:":"true", "version":"1697548408762"}}
{"logTime": "1024/180411", "correlationVector":"yh1wuVRqtSQr4Gxs2XjObR.28","action":"GetUpdates", "result":"DeleteReceived", "context":{"id":"6633b269-3f33-481b-b0e1-077018bf0476", "isDeleted:":"true", "version":"1697550775064"}}
{"logTime": "1024/180411", "correlationVector":"yh1wuVRqtSQr4Gxs2XjObR.29","action":"GetUpdates", "result":"DeleteReceived", "context":{"id":"e59f180d-5bef-4ff3-8de1-0d684339147c", "isDeleted:":"true", "version":"1697557353214"}}
{"logTime": "1024/180411", "correlationVector":"yh1wuVRqtSQr4Gxs2XjObR.30","action":"GetUpdates", "result":"DeleteReceived", "context":{"id":"d238af35-b7e9-4a0e-9b8c-96a3a53feccd", "isDeleted:":"true", "version":"1697557524751"}}
{"logTime": "1024/180411", "correlationVector":"yh1wuVRqtSQr4Gxs2XjObR.31","action":"GetUpdates", "result":"DeleteReceived", "context":{"id":"48155149-821f-41c1-a47d-411153dc0c05", "isDeleted:":"true", "version":"1697557524752"}}
{"logTime": "1024/180411", "correlationVector":"yh1wuVRqtSQr4Gxs2XjObR.32","action":"GetUpdates", "result":"DeleteReceived", "context":{"id":"4d66cbfe-fc73-44d4-9823-9785cb2c5033", "isDeleted:":"true", "version":"1697557785374"}}
{"logTime": "1024/180411", "correlationVector":"yh1wuVRqtSQr4Gxs2XjObR.33","action":"GetUpdates", "result":"DeleteReceived", "context":{"id":"3e6a251d-8ffa-4cdd-9ad5-6e7d216f6cbf", "isDeleted:":"true", "version":"1697558138395"}}
{"logTime": "1024/180411", "correlationVector":"yh1wuVRqtSQr4Gxs2XjObR.34","action":"GetUpdates", "result":"DeleteReceived", "context":{"id":"aae635b0-565c-4594-9816-46b7fff9167f", "isDeleted:":"true", "version":"1697559521166"}}
{"logTime": "1024/180411", "correlationVector":"yh1wuVRqtSQr4Gxs2XjObR.35","action":"GetUpdates", "result":"DeleteReceived", "context":{"id":"a93ce9ad-6183-499e-ae60-e5a42876f80f", "isDeleted:":"true", "version":"1697560315169"}}
{"logTime": "1024/180411", "correlationVector":"yh1wuVRqtSQr4Gxs2XjObR.36","action":"GetUpdates", "result":"DeleteReceived", "context":{"id":"b8eea995-f871-476c-bbad-05b48e79ae7d", "isDeleted:":"true", "version":"1697561177764"}}
{"logTime": "1024/180411", "correlationVector":"yh1wuVRqtSQr4Gxs2XjObR.37","action":"GetUpdates", "result":"DeleteReceived", "context":{"id":"0a8d1c90-6898-44a6-8b3d-faacc6c8e0c1", "isDeleted:":"true", "version":"1697561788459"}}
{"logTime": "1024/180411", "correlationVector":"yh1wuVRqtSQr4Gxs2XjObR.38","action":"GetUpdates", "result":"DeleteReceived", "context":{"id":"75c22285-d52d-4fc8-bcc1-cec1ea16e24f", "isDeleted:":"true", "version":"1697561910588"}}
{"logTime": "1024/180411", "correlationVector":"yh1wuVRqtSQr4Gxs2XjObR.39","action":"GetUpdates", "result":"DeleteReceived", "context":{"id":"0568fde2-28c1-4a56-b678-1b233bf4c29c", "isDeleted:":"true", "version":"1697566545655"}}
{"logTime": "1024/180411", "correlationVector":"yh1wuVRqtSQr4Gxs2XjObR.40","action":"GetUpdates", "result":"DeleteReceived", "context":{"id":"2f1acf4d-0373-47c0-b73a-7bae6c03cab6", "isDeleted:":"true", "version":"1697637454096"}}
{"logTime": "1024/180411", "correlationVector":"yh1wuVRqtSQr4Gxs2XjObR.41","action":"GetUpdates", "result":"DeleteReceived", "context":{"id":"94d26efb-d00a-463b-a049-4372f55a9e99", "isDeleted:":"true", "version":"1697641104907"}}
{"logTime": "1024/180411", "correlationVector":"yh1wuVRqtSQr4Gxs2XjObR.42","action":"GetUpdates", "result":"DeleteReceived", "context":{"id":"a9c19ba9-46c1-40f9-b145-4847582752b1", "isDeleted:":"true", "version":"1697641689355"}}
{"logTime": "1024/180411", "correlationVector":"yh1wuVRqtSQr4Gxs2XjObR.43","action":"GetUpdates", "result":"DeleteReceived", "context":{"id":"94b4fe38-d2ad-4517-b222-e7d1be475905", "isDeleted:":"true", "version":"1697643252699"}}
{"logTime": "1024/180411", "correlationVector":"yh1wuVRqtSQr4Gxs2XjObR.44","action":"GetUpdates", "result":"DeleteReceived", "context":{"id":"c5883d00-9c65-40c5-925a-d777d6c1a75f", "isDeleted:":"true", "version":"1697646427658"}}
{"logTime": "1024/180412", "correlationVector":"yh1wuVRqtSQr4Gxs2XjObR.45","action":"GetUpdates", "result":"DeleteReceived", "context":{"id":"fbd04c8c-3acf-4ee9-9563-ee0a63c6c7fa", "isDeleted:":"true", "version":"1697647410004"}}
{"logTime": "1024/180412", "correlationVector":"yh1wuVRqtSQr4Gxs2XjObR.46","action":"GetUpdates", "result":"DeleteReceived", "context":{"id":"8a5451a0-f810-4b21-97b9-d3f023456b63", "isDeleted:":"true", "version":"1698073489304"}}
{"logTime": "1024/180412", "correlationVector":"yh1wuVRqtSQr4Gxs2XjObR.47","action":"GetUpdates", "result":"DeleteReceived", "context":{"id":"54fe2d8a-db67-4c7c-8df9-75f013846e65", "isDeleted:":"true", "version":"1698073873089"}}
{"logTime": "1024/180412", "correlationVector":"yh1wuVRqtSQr4Gxs2XjObR.48","action":"GetUpdates", "result":"DeleteReceived", "context":{"id":"f8d3fe8d-c2c2-4e74-b00b-e96384fa948c", "isDeleted:":"true", "version":"1698074152097"}}
{"logTime": "1024/180412", "correlationVector":"yh1wuVRqtSQr4Gxs2XjObR.49","action":"GetUpdates", "result":"DeleteReceived", "context":{"id":"e999d058-dbc7-4ccf-99f1-3cecdf3abb6b", "isDeleted:":"true", "version":"1698075191382"}}
{"logTime": "1024/180412", "correlationVector":"yh1wuVRqtSQr4Gxs2XjObR.50","action":"GetUpdates", "result":"DeleteReceived", "context":{"id":"33dd9f8c-0d6a-4e3c-b707-dfa19d3bdc44", "isDeleted:":"true", "version":"1698077426653"}}
{"logTime": "1024/180412", "correlationVector":"yh1wuVRqtSQr4Gxs2XjObR.51","action":"GetUpdates", "result":"DeleteReceived", "context":{"id":"81eacbef-5444-4768-95ca-d78ab9d099fc", "isDeleted:":"true", "version":"1698077755169"}}
{"logTime": "1024/180412", "correlationVector":"yh1wuVRqtSQr4Gxs2XjObR.52","action":"GetUpdates", "result":"DeleteReceived", "context":{"id":"17fce0b2-e928-4c89-96a1-29c06e10f665", "isDeleted:":"true", "version":"1698078801977"}}
{"logTime": "1024/180412", "correlationVector":"yh1wuVRqtSQr4Gxs2XjObR.53","action":"GetUpdates", "result":"DeleteReceived", "context":{"id":"17f22b21-2426-4de3-b914-4e7d565c9ad6", "isDeleted:":"true", "version":"1698079323658"}}
{"logTime": "1024/180412", "correlationVector":"yh1wuVRqtSQr4Gxs2XjObR.54","action":"GetUpdates", "result":"DeleteReceived", "context":{"id":"8dc38a27-73f7-4f40-919a-1531caa5af1f", "isDeleted:":"true", "version":"1698082863875"}}
{"logTime": "1024/180412", "correlationVector":"yh1wuVRqtSQr4Gxs2XjObR.55","action":"GetUpdates", "result":"DeleteReceived", "context":{"id":"8b3b57bc-2045-4e33-9e8a-945efc5d201f", "isDeleted:":"true", "version":"1698083965150"}}
{"logTime": "1024/180412", "correlationVector":"yh1wuVRqtSQr4Gxs2XjObR.56","action":"GetUpdates", "result":"DeleteReceived", "context":{"id":"c6aaf81c-94c7-4cc2-9dd8-ca8601636f3d", "isDeleted:":"true", "version":"1698084185504"}}
{"logTime": "1024/180412", "correlationVector":"yh1wuVRqtSQr4Gxs2XjObR.57","action":"GetUpdates", "result":"DeleteReceived", "context":{"id":"82a87def-a51d-43f7-ac7c-544169ea88f2", "isDeleted:":"true", "version":"1698145356283"}}
{"logTime": "1024/180412", "correlationVector":"yh1wuVRqtSQr4Gxs2XjObR.58","action":"GetUpdates", "result":"DeleteReceived", "context":{"id":"b1134cba-7956-452d-b4b2-901b5bb6561f", "isDeleted:":"true", "version":"1698145356284"}}
{"logTime": "1024/180412", "correlationVector":"yh1wuVRqtSQr4Gxs2XjObR.59","action":"GetUpdates", "result":"DeleteReceived", "context":{"id":"f41b8541-6c81-4d31-8569-c79265bf9777", "isDeleted:":"true", "version":"1698153563890"}}
{"logTime": "1024/180412", "correlationVector":"yh1wuVRqtSQr4Gxs2XjObR.60","action":"GetUpdates", "result":"DeleteReceived", "context":{"id":"a1932439-f1e0-4a68-8957-13d407055e36", "isDeleted:":"true", "version":"1698154354118"}}
{"logTime": "1024/180412", "correlationVector":"yh1wuVRqtSQr4Gxs2XjObR.61","action":"GetUpdates Response", "result":"SYNCER_OK", "context":Received 204 update(s). cV=yh1wuVRqtSQr4Gxs2XjObR.0;server=GENERAL0100001R;cloudType=Consumer;environment=Prod_EastAsia_000d;migrationStage=NotStarted}
{"logTime": "1024/180412", "correlationVector":"o/DZpOXDzGzS2De/unBAqV","action":"Commit Request", "result":"", "context":Item count: 1
Contributing types: Device Info}
{"logTime": "1024/180412", "correlationVector":"o/DZpOXDzGzS2De/unBAqV.1","action":"SyncServerConnectionManagerRequest", "result":"SYNC_SERVER_OK", "context":{"environment":"Prod_EastAsia_000d", "migrationStage":"NotStarted", "server":"GENERAL0100000U"}}
{"logTime": "1024/180412", "correlationVector":"o/DZpOXDzGzS2De/unBAqV.2","action":"Commit Response", "result":"SYNCER_OK", "context":Result: SYNCER_OK. cV=o/DZpOXDzGzS2De/unBAqV.0;server=GENERAL0100000U;cloudType=Consumer;environment=Prod_EastAsia_000d;migrationStage=NotStarted}
{"logTime": "1024/180412", "correlationVector":"o0L58EafadON+Os9z/YZnS","action":"Commit Request", "result":"", "context":Item count: 5
Contributing types: Bookmarks, Autofill, Sessions, User Consents}
{"logTime": "1024/180412", "correlationVector":"o0L58EafadON+Os9z/YZnS.1","action":"SyncServerConnectionManagerRequest", "result":"SYNC_SERVER_OK", "context":{"environment":"Prod_EastAsia_000d", "migrationStage":"NotStarted", "server":"GENERAL0100000E"}}
{"logTime": "1024/180412", "correlationVector":"o0L58EafadON+Os9z/YZnS.2","action":"Commit Response", "result":"SYNCER_OK", "context":Result: SYNCER_OK. cV=o0L58EafadON+Os9z/YZnS.0;server=GENERAL0100000E;cloudType=Consumer;environment=Prod_EastAsia_000d;migrationStage=NotStarted}
{"logTime": "1024/180412", "correlationVector":"sIEqGSDTRrj3bZKfUmezSB","action":"Poll GetUpdate request", "result":"", "context":cV=sIEqGSDTRrj3bZKfUmezSB}
{"logTime": "1024/180412", "correlationVector":"sIEqGSDTRrj3bZKfUmezSB.1","action":"SyncServerConnectionManagerRequest", "result":"SYNC_SERVER_OK", "context":{"environment":"Prod_EastAsia_000d", "migrationStage":"NotStarted", "server":"GENERAL01000008"}}
{"logTime": "1024/180412", "correlationVector":"sIEqGSDTRrj3bZKfUmezSB.2","action":"GetUpdates Response", "result":"SYNCER_OK", "context":Received 5 update(s). cV=sIEqGSDTRrj3bZKfUmezSB.0;server=GENERAL01000008;cloudType=Consumer;environment=Prod_EastAsia_000d;migrationStage=NotStarted}
{"logTime": "1024/180412", "correlationVector":"smB88aG8wcF4a/W7dVJNIw","action":"Normal GetUpdate request", "result":"", "context":cV=smB88aG8wcF4a/W7dVJNIw
Nudged types: Bookmarks, Autofill, Sessions, Device Info}
{"logTime": "1024/180412", "correlationVector":"smB88aG8wcF4a/W7dVJNIw.1","action":"SyncServerConnectionManagerRequest", "result":"SYNC_SERVER_OK", "context":{"environment":"Prod_EastAsia_000d", "migrationStage":"NotStarted", "server":"GENERAL0100002C"}}
{"logTime": "1024/180412", "correlationVector":"smB88aG8wcF4a/W7dVJNIw.2","action":"GetUpdates Response", "result":"SYNCER_OK", "context":Received 0 update(s). cV=smB88aG8wcF4a/W7dVJNIw.0;server=GENERAL0100002C;cloudType=Consumer;environment=Prod_EastAsia_000d;migrationStage=NotStarted}
{"logTime": "1024/180412", "correlationVector":"cMxsDKQkr59MIGlXtugpLb","action":"Normal GetUpdate request", "result":"", "context":cV=cMxsDKQkr59MIGlXtugpLb
Nudged types: Sessions}
{"logTime": "1024/180412", "correlationVector":"cMxsDKQkr59MIGlXtugpLb.1","action":"SyncServerConnectionManagerRequest", "result":"SYNC_SERVER_OK", "context":{"environment":"Prod_EastAsia_000d", "migrationStage":"NotStarted", "server":"GENERAL01000004"}}
{"logTime": "1024/180412", "correlationVector":"cMxsDKQkr59MIGlXtugpLb.2","action":"GetUpdates Response", "result":"SYNCER_OK", "context":Received 1 update(s). cV=cMxsDKQkr59MIGlXtugpLb.0;server=GENERAL01000004;cloudType=Consumer;environment=Prod_EastAsia_000d;migrationStage=NotStarted}
{"logTime": "1024/180412", "correlationVector":"SoVBdUPrpXPm5EOrfQd0wM","action":"Commit Request", "result":"", "context":Item count: 1
Contributing types: Sessions}
{"logTime": "1024/180412", "correlationVector":"SoVBdUPrpXPm5EOrfQd0wM.1","action":"SyncServerConnectionManagerRequest", "result":"SYNC_SERVER_OK", "context":{"environment":"Prod_EastAsia_000d", "migrationStage":"NotStarted", "server":"GENERAL0100000G"}}
{"logTime": "1024/180412", "correlationVector":"SoVBdUPrpXPm5EOrfQd0wM.2","action":"Commit Response", "result":"SYNCER_OK", "context":Result: SYNCER_OK. cV=SoVBdUPrpXPm5EOrfQd0wM.0;server=GENERAL0100000G;cloudType=Consumer;environment=Prod_EastAsia_000d;migrationStage=NotStarted}
{"logTime": "1024/180413", "correlationVector":"SZU5kD3r10foxrV0OtwnAw","action":"Normal GetUpdate request", "result":"", "context":cV=SZU5kD3r10foxrV0OtwnAw
Nudged types: Preferences, Sessions}
{"logTime": "1024/180413", "correlationVector":"SZU5kD3r10foxrV0OtwnAw.1","action":"SyncServerConnectionManagerRequest", "result":"SYNC_SERVER_OK", "context":{"environment":"Prod_EastAsia_000d", "migrationStage":"NotStarted", "server":"GENERAL01000021"}}
{"logTime": "1024/180413", "correlationVector":"SZU5kD3r10foxrV0OtwnAw.2","action":"GetUpdates Response", "result":"SYNCER_OK", "context":Received 1 update(s). cV=SZU5kD3r10foxrV0OtwnAw.0;server=GENERAL01000021;cloudType=Consumer;environment=Prod_EastAsia_000d;migrationStage=NotStarted}
{"logTime": "1024/180413", "correlationVector":"w34WCieyEL3WsjA2Frw/bK","action":"Commit Request", "result":"", "context":Item count: 2
Contributing types: Preferences}
{"logTime": "1024/180414", "correlationVector":"w34WCieyEL3WsjA2Frw/bK.1","action":"SyncServerConnectionManagerRequest", "result":"SYNC_SERVER_OK", "context":{"environment":"Prod_EastAsia_000d", "migrationStage":"NotStarted", "server":"GENERAL0100001D"}}
{"logTime": "1024/180414", "correlationVector":"w34WCieyEL3WsjA2Frw/bK.2","action":"Commit Response", "result":"SYNCER_OK", "context":Result: SYNCER_OK. cV=w34WCieyEL3WsjA2Frw/bK.0;server=GENERAL0100001D;cloudType=Consumer;environment=Prod_EastAsia_000d;migrationStage=NotStarted}
